mode: set
github.com/xaosmaker/server/main.go:12.13,25.2 6 0
github.com/xaosmaker/server/internal/app/app_router.go:22.45,46.2 18 0
github.com/xaosmaker/server/internal/auth/auth.go:18.82,26.2 2 0
github.com/xaosmaker/server/internal/auth/auth.go:28.54,30.94 2 0
github.com/xaosmaker/server/internal/auth/auth.go:30.94,34.3 1 0
github.com/xaosmaker/server/internal/auth/auth.go:36.2,36.16 1 0
github.com/xaosmaker/server/internal/auth/auth.go:36.16,38.3 1 0
github.com/xaosmaker/server/internal/auth/auth.go:40.2,41.16 2 0
github.com/xaosmaker/server/internal/auth/auth.go:41.16,43.3 1 0
github.com/xaosmaker/server/internal/auth/auth.go:45.2,45.16 1 0
github.com/xaosmaker/server/internal/auth/auth_middleware.go:13.69,14.71 1 0
github.com/xaosmaker/server/internal/auth/auth_middleware.go:14.71,15.90 1 0
github.com/xaosmaker/server/internal/auth/auth_middleware.go:15.90,18.4 2 0
github.com/xaosmaker/server/internal/auth/auth_middleware.go:20.3,21.17 2 0
github.com/xaosmaker/server/internal/auth/auth_middleware.go:21.17,25.4 3 0
github.com/xaosmaker/server/internal/auth/auth_middleware.go:26.3,28.17 2 0
github.com/xaosmaker/server/internal/auth/auth_middleware.go:28.17,32.4 3 0
github.com/xaosmaker/server/internal/auth/auth_middleware.go:33.3,35.17 2 0
github.com/xaosmaker/server/internal/auth/auth_middleware.go:35.17,39.4 3 0
github.com/xaosmaker/server/internal/auth/auth_middleware.go:40.3,41.17 2 0
github.com/xaosmaker/server/internal/auth/auth_middleware.go:41.17,45.4 3 0
github.com/xaosmaker/server/internal/auth/auth_middleware.go:46.3,48.23 3 0
github.com/xaosmaker/server/internal/auth/get_cookie.go:8.62,10.31 2 0
github.com/xaosmaker/server/internal/auth/get_cookie.go:10.31,11.24 1 0
github.com/xaosmaker/server/internal/auth/get_cookie.go:11.24,13.4 1 0
github.com/xaosmaker/server/internal/auth/get_cookie.go:15.2,15.43 1 0
github.com/xaosmaker/server/internal/auth/hadlers.go:19.72,27.53 5 0
github.com/xaosmaker/server/internal/auth/hadlers.go:27.53,31.3 3 0
github.com/xaosmaker/server/internal/auth/hadlers.go:33.2,35.16 2 0
github.com/xaosmaker/server/internal/auth/hadlers.go:35.16,38.3 2 0
github.com/xaosmaker/server/internal/auth/hadlers.go:39.2,39.54 1 0
github.com/xaosmaker/server/internal/auth/hadlers.go:39.54,42.3 2 0
github.com/xaosmaker/server/internal/auth/hadlers.go:43.2,45.15 3 0
github.com/xaosmaker/server/internal/auth/hadlers.go:45.15,47.3 1 0
github.com/xaosmaker/server/internal/auth/hadlers.go:48.2,49.16 2 0
github.com/xaosmaker/server/internal/auth/hadlers.go:49.16,54.3 3 0
github.com/xaosmaker/server/internal/auth/hadlers.go:55.2,77.16 6 0
github.com/xaosmaker/server/internal/auth/hadlers.go:77.16,80.3 2 0
github.com/xaosmaker/server/internal/auth/hadlers.go:82.2,85.16 3 0
github.com/xaosmaker/server/internal/auth/hadlers.go:85.16,89.3 1 0
github.com/xaosmaker/server/internal/auth/hadlers.go:93.73,101.23 4 0
github.com/xaosmaker/server/internal/auth/hadlers.go:101.23,104.3 2 0
github.com/xaosmaker/server/internal/auth/hadlers.go:106.2,112.16 4 0
github.com/xaosmaker/server/internal/auth/hadlers.go:112.16,113.45 1 0
github.com/xaosmaker/server/internal/auth/hadlers.go:113.45,116.4 2 0
github.com/xaosmaker/server/internal/auth/hadlers.go:117.3,118.9 2 0
github.com/xaosmaker/server/internal/auth/hadlers.go:120.2,120.20 1 0
github.com/xaosmaker/server/internal/auth/hash_passwords.go:9.46,11.16 2 0
github.com/xaosmaker/server/internal/auth/hash_passwords.go:11.16,14.3 2 0
github.com/xaosmaker/server/internal/auth/hash_passwords.go:15.2,15.14 1 0
github.com/xaosmaker/server/internal/auth/hash_passwords.go:18.52,20.16 2 0
github.com/xaosmaker/server/internal/auth/hash_passwords.go:20.16,22.3 1 0
github.com/xaosmaker/server/internal/auth/hash_passwords.go:23.2,23.18 1 0
github.com/xaosmaker/server/internal/config/load_envs.go:8.18,11.9 2 0
github.com/xaosmaker/server/internal/config/load_envs.go:11.9,13.3 1 0
github.com/xaosmaker/server/internal/config/load_envs.go:14.2,15.9 2 0
github.com/xaosmaker/server/internal/config/load_envs.go:15.9,17.3 1 0
github.com/xaosmaker/server/internal/db/connect_db.go:13.51,15.15 2 0
github.com/xaosmaker/server/internal/db/connect_db.go:15.15,17.3 1 0
github.com/xaosmaker/server/internal/db/connect_db.go:19.2,20.6 2 0
github.com/xaosmaker/server/internal/db/connect_db.go:20.6,24.17 3 0
github.com/xaosmaker/server/internal/db/connect_db.go:24.17,26.4 1 0
github.com/xaosmaker/server/internal/db/connect_db.go:27.3,28.17 2 0
github.com/xaosmaker/server/internal/db/connect_db.go:28.17,31.4 2 0
github.com/xaosmaker/server/internal/db/connect_db.go:33.3,33.20 1 0
github.com/xaosmaker/server/internal/db/connect_db.go:33.20,35.4 1 0
github.com/xaosmaker/server/internal/db/connect_db.go:36.3,37.30 2 0
github.com/xaosmaker/server/internal/db/db.go:20.28,22.2 1 0
github.com/xaosmaker/server/internal/db/db.go:28.46,32.2 1 0
github.com/xaosmaker/server/internal/db/farm.sql.go:42.96,53.2 4 0
github.com/xaosmaker/server/internal/db/farm.sql.go:64.72,75.2 4 0
github.com/xaosmaker/server/internal/db/farm.sql.go:91.87,102.2 4 0
github.com/xaosmaker/server/internal/db/fields.sql.go:50.90,77.2 4 0
github.com/xaosmaker/server/internal/db/fields.sql.go:84.68,87.2 2 0
github.com/xaosmaker/server/internal/db/fields.sql.go:101.84,103.16 2 0
github.com/xaosmaker/server/internal/db/fields.sql.go:103.16,105.3 1 0
github.com/xaosmaker/server/internal/db/fields.sql.go:106.2,108.18 3 0
github.com/xaosmaker/server/internal/db/fields.sql.go:108.18,123.17 2 0
github.com/xaosmaker/server/internal/db/fields.sql.go:123.17,125.4 1 0
github.com/xaosmaker/server/internal/db/fields.sql.go:126.3,126.27 1 0
github.com/xaosmaker/server/internal/db/fields.sql.go:128.2,128.35 1 0
github.com/xaosmaker/server/internal/db/fields.sql.go:128.35,130.3 1 0
github.com/xaosmaker/server/internal/db/fields.sql.go:131.2,131.19 1 0
github.com/xaosmaker/server/internal/db/fields.sql.go:150.106,168.2 4 0
github.com/xaosmaker/server/internal/db/fields.sql.go:197.90,224.2 4 0
github.com/xaosmaker/server/internal/db/jobs.sql.go:43.84,65.2 4 0
github.com/xaosmaker/server/internal/db/jobs.sql.go:90.107,103.2 4 0
github.com/xaosmaker/server/internal/db/jobs.sql.go:147.92,149.16 2 0
github.com/xaosmaker/server/internal/db/jobs.sql.go:149.16,151.3 1 0
github.com/xaosmaker/server/internal/db/jobs.sql.go:152.2,154.18 3 0
github.com/xaosmaker/server/internal/db/jobs.sql.go:154.18,167.17 2 0
github.com/xaosmaker/server/internal/db/jobs.sql.go:167.17,169.4 1 0
github.com/xaosmaker/server/internal/db/jobs.sql.go:170.3,170.27 1 0
github.com/xaosmaker/server/internal/db/jobs.sql.go:172.2,172.35 1 0
github.com/xaosmaker/server/internal/db/jobs.sql.go:172.35,174.3 1 0
github.com/xaosmaker/server/internal/db/jobs.sql.go:175.2,175.19 1 0
github.com/xaosmaker/server/internal/db/jobs.sql.go:186.91,202.2 4 0
github.com/xaosmaker/server/internal/db/jobs.sql.go:249.105,265.2 4 0
github.com/xaosmaker/server/internal/db/jobs.sql.go:275.90,291.2 4 0
github.com/xaosmaker/server/internal/db/seasons.sql.go:28.93,51.2 4 0
github.com/xaosmaker/server/internal/db/seasons.sql.go:57.69,60.2 2 0
github.com/xaosmaker/server/internal/db/seasons.sql.go:71.87,76.2 4 0
github.com/xaosmaker/server/internal/db/seasons.sql.go:90.100,95.2 4 0
github.com/xaosmaker/server/internal/db/seasons.sql.go:128.90,148.2 4 0
github.com/xaosmaker/server/internal/db/seasons.sql.go:182.109,184.16 2 0
github.com/xaosmaker/server/internal/db/seasons.sql.go:184.16,186.3 1 0
github.com/xaosmaker/server/internal/db/seasons.sql.go:187.2,189.18 3 0
github.com/xaosmaker/server/internal/db/seasons.sql.go:189.18,206.17 2 0
github.com/xaosmaker/server/internal/db/seasons.sql.go:206.17,208.4 1 0
github.com/xaosmaker/server/internal/db/seasons.sql.go:209.3,209.27 1 0
github.com/xaosmaker/server/internal/db/seasons.sql.go:211.2,211.35 1 0
github.com/xaosmaker/server/internal/db/seasons.sql.go:211.35,213.3 1 0
github.com/xaosmaker/server/internal/db/seasons.sql.go:214.2,214.19 1 0
github.com/xaosmaker/server/internal/db/seasons.sql.go:237.83,247.2 2 0
github.com/xaosmaker/server/internal/db/settings.sql.go:17.87,29.2 4 0
github.com/xaosmaker/server/internal/db/settings.sql.go:42.98,54.2 4 0
github.com/xaosmaker/server/internal/db/supplies.sql.go:40.97,61.2 4 0
github.com/xaosmaker/server/internal/db/supplies.sql.go:74.83,77.2 2 0
github.com/xaosmaker/server/internal/db/supplies.sql.go:85.87,87.16 2 0
github.com/xaosmaker/server/internal/db/supplies.sql.go:87.16,89.3 1 0
github.com/xaosmaker/server/internal/db/supplies.sql.go:90.2,92.18 3 0
github.com/xaosmaker/server/internal/db/supplies.sql.go:92.18,104.17 2 0
github.com/xaosmaker/server/internal/db/supplies.sql.go:104.17,106.4 1 0
github.com/xaosmaker/server/internal/db/supplies.sql.go:107.3,107.27 1 0
github.com/xaosmaker/server/internal/db/supplies.sql.go:109.2,109.35 1 0
github.com/xaosmaker/server/internal/db/supplies.sql.go:109.35,111.3 1 0
github.com/xaosmaker/server/internal/db/supplies.sql.go:112.2,112.19 1 0
github.com/xaosmaker/server/internal/db/supplies.sql.go:127.101,142.2 4 0
github.com/xaosmaker/server/internal/db/supplies.sql.go:162.83,171.2 2 0
github.com/xaosmaker/server/internal/db/users.sql.go:38.79,41.2 2 0
github.com/xaosmaker/server/internal/db/users.sql.go:47.68,49.16 2 0
github.com/xaosmaker/server/internal/db/users.sql.go:49.16,51.3 1 0
github.com/xaosmaker/server/internal/db/users.sql.go:52.2,54.18 3 0
github.com/xaosmaker/server/internal/db/users.sql.go:54.18,64.17 2 0
github.com/xaosmaker/server/internal/db/users.sql.go:64.17,66.4 1 0
github.com/xaosmaker/server/internal/db/users.sql.go:67.3,67.27 1 0
github.com/xaosmaker/server/internal/db/users.sql.go:69.2,69.35 1 0
github.com/xaosmaker/server/internal/db/users.sql.go:69.35,71.3 1 0
github.com/xaosmaker/server/internal/db/users.sql.go:72.2,72.19 1 0
github.com/xaosmaker/server/internal/db/users.sql.go:80.76,93.2 4 0
github.com/xaosmaker/server/internal/db/users.sql.go:100.83,113.2 4 0
github.com/xaosmaker/server/internal/db/users.sql.go:138.110,157.2 4 0
github.com/xaosmaker/server/internal/farm/farm_dto.go:16.45,26.2 2 0
github.com/xaosmaker/server/internal/farm/farm_router.go:9.51,14.2 3 0
github.com/xaosmaker/server/internal/farm/farm_router.go:16.45,26.2 5 0
github.com/xaosmaker/server/internal/farm/handlers.go:12.73,20.20 4 0
github.com/xaosmaker/server/internal/farm/handlers.go:20.20,23.3 2 0
github.com/xaosmaker/server/internal/farm/handlers.go:25.2,26.16 2 0
github.com/xaosmaker/server/internal/farm/handlers.go:26.16,29.3 2 0
github.com/xaosmaker/server/internal/farm/handlers.go:30.2,30.72 1 0
github.com/xaosmaker/server/internal/farm/handlers.go:30.72,34.3 3 0
github.com/xaosmaker/server/internal/farm/handlers.go:35.2,36.16 2 0
github.com/xaosmaker/server/internal/farm/handlers.go:36.16,40.3 3 0
github.com/xaosmaker/server/internal/farm/handlers.go:42.2,43.16 2 0
github.com/xaosmaker/server/internal/farm/handlers.go:43.16,48.3 3 0
github.com/xaosmaker/server/internal/farm/handlers.go:50.2,51.15 2 0
github.com/xaosmaker/server/internal/farm/handlers.go:55.70,57.20 2 0
github.com/xaosmaker/server/internal/farm/handlers.go:57.20,60.3 2 0
github.com/xaosmaker/server/internal/farm/handlers.go:62.2,63.16 2 0
github.com/xaosmaker/server/internal/farm/handlers.go:63.16,66.3 2 0
github.com/xaosmaker/server/internal/farm/handlers.go:67.2,68.16 2 0
github.com/xaosmaker/server/internal/farm/handlers.go:68.16,71.3 2 0
github.com/xaosmaker/server/internal/farm/handlers.go:73.2,74.15 2 0
github.com/xaosmaker/server/internal/field/field_dto.go:26.65,42.2 1 0
github.com/xaosmaker/server/internal/field/field_router.go:9.52,17.2 5 0
github.com/xaosmaker/server/internal/field/field_router.go:19.46,30.2 6 0
github.com/xaosmaker/server/internal/field/handlers.go:32.75,34.20 2 0
github.com/xaosmaker/server/internal/field/handlers.go:34.20,37.3 2 0
github.com/xaosmaker/server/internal/field/handlers.go:38.2,39.20 2 0
github.com/xaosmaker/server/internal/field/handlers.go:39.20,42.3 2 0
github.com/xaosmaker/server/internal/field/handlers.go:44.2,48.16 2 0
github.com/xaosmaker/server/internal/field/handlers.go:48.16,51.3 2 0
github.com/xaosmaker/server/internal/field/handlers.go:53.2,55.55 2 0
github.com/xaosmaker/server/internal/field/handlers.go:55.55,58.3 2 0
github.com/xaosmaker/server/internal/field/handlers.go:59.2,59.27 1 0
github.com/xaosmaker/server/internal/field/handlers.go:59.27,61.3 1 0
github.com/xaosmaker/server/internal/field/handlers.go:63.2,75.16 3 0
github.com/xaosmaker/server/internal/field/handlers.go:75.16,76.45 1 0
github.com/xaosmaker/server/internal/field/handlers.go:76.45,80.4 2 0
github.com/xaosmaker/server/internal/field/handlers.go:82.3,83.9 2 0
github.com/xaosmaker/server/internal/field/handlers.go:85.2,87.16 3 0
github.com/xaosmaker/server/internal/field/handlers.go:91.75,93.20 2 0
github.com/xaosmaker/server/internal/field/handlers.go:93.20,96.3 2 0
github.com/xaosmaker/server/internal/field/handlers.go:98.2,99.16 2 0
github.com/xaosmaker/server/internal/field/handlers.go:99.16,102.3 2 0
github.com/xaosmaker/server/internal/field/handlers.go:104.2,106.60 2 0
github.com/xaosmaker/server/internal/field/handlers.go:106.60,109.3 2 0
github.com/xaosmaker/server/internal/field/handlers.go:111.2,123.16 3 0
github.com/xaosmaker/server/internal/field/handlers.go:123.16,124.45 1 0
github.com/xaosmaker/server/internal/field/handlers.go:124.45,127.4 2 0
github.com/xaosmaker/server/internal/field/handlers.go:129.3,129.39 1 0
github.com/xaosmaker/server/internal/field/handlers.go:131.2,133.15 3 0
github.com/xaosmaker/server/internal/field/handlers.go:137.75,139.20 2 0
github.com/xaosmaker/server/internal/field/handlers.go:139.20,142.3 2 0
github.com/xaosmaker/server/internal/field/handlers.go:143.2,144.20 2 0
github.com/xaosmaker/server/internal/field/handlers.go:144.20,147.3 2 0
github.com/xaosmaker/server/internal/field/handlers.go:149.2,153.16 2 0
github.com/xaosmaker/server/internal/field/handlers.go:153.16,156.3 2 0
github.com/xaosmaker/server/internal/field/handlers.go:157.2,158.16 2 0
github.com/xaosmaker/server/internal/field/handlers.go:158.16,161.3 2 0
github.com/xaosmaker/server/internal/field/handlers.go:162.2,162.20 1 0
github.com/xaosmaker/server/internal/field/handlers.go:166.76,168.20 2 0
github.com/xaosmaker/server/internal/field/handlers.go:168.20,171.3 2 0
github.com/xaosmaker/server/internal/field/handlers.go:173.2,174.20 2 0
github.com/xaosmaker/server/internal/field/handlers.go:174.20,177.3 2 0
github.com/xaosmaker/server/internal/field/handlers.go:179.2,184.16 2 0
github.com/xaosmaker/server/internal/field/handlers.go:184.16,187.3 2 0
github.com/xaosmaker/server/internal/field/handlers.go:189.2,191.16 3 0
github.com/xaosmaker/server/internal/field/handlers.go:191.16,194.3 2 0
github.com/xaosmaker/server/internal/field/handlers.go:195.2,196.16 2 0
github.com/xaosmaker/server/internal/field/handlers.go:200.76,203.20 2 0
github.com/xaosmaker/server/internal/field/handlers.go:203.20,206.3 2 0
github.com/xaosmaker/server/internal/field/handlers.go:207.2,208.16 2 0
github.com/xaosmaker/server/internal/field/handlers.go:208.16,213.3 2 0
github.com/xaosmaker/server/internal/field/handlers.go:215.2,216.29 2 0
github.com/xaosmaker/server/internal/field/handlers.go:216.29,218.3 1 0
github.com/xaosmaker/server/internal/field/handlers.go:220.2,222.16 2 0
github.com/xaosmaker/server/internal/field/handlers.go:222.16,225.3 2 0
github.com/xaosmaker/server/internal/field/handlers.go:227.2,228.16 2 0
github.com/xaosmaker/server/internal/httpx/error.go:16.34,18.26 1 0
github.com/xaosmaker/server/internal/httpx/error.go:19.14,20.19 1 0
github.com/xaosmaker/server/internal/httpx/error.go:20.19,22.4 1 0
github.com/xaosmaker/server/internal/httpx/error.go:23.3,23.18 1 0
github.com/xaosmaker/server/internal/httpx/error.go:24.16,25.11 1 0
github.com/xaosmaker/server/internal/httpx/error.go:26.19,27.11 1 0
github.com/xaosmaker/server/internal/httpx/error.go:28.10,29.42 1 0
github.com/xaosmaker/server/internal/httpx/error.go:33.67,35.54 1 0
github.com/xaosmaker/server/internal/httpx/error.go:35.54,38.24 2 0
github.com/xaosmaker/server/internal/httpx/error.go:38.24,41.4 1 0
github.com/xaosmaker/server/internal/httpx/error.go:41.9,43.4 1 0
github.com/xaosmaker/server/internal/httpx/error.go:45.3,53.17 5 0
github.com/xaosmaker/server/internal/httpx/error.go:53.17,55.4 1 0
github.com/xaosmaker/server/internal/httpx/error.go:56.3,56.16 1 0
github.com/xaosmaker/server/internal/httpx/get_user_from_context.go:9.93,14.14 2 0
github.com/xaosmaker/server/internal/httpx/get_user_from_context.go:14.14,16.10 2 0
github.com/xaosmaker/server/internal/httpx/get_user_from_context.go:16.10,18.4 1 0
github.com/xaosmaker/server/internal/httpx/get_user_from_context.go:19.3,19.83 1 0
github.com/xaosmaker/server/internal/httpx/get_user_from_context.go:19.83,21.4 1 0
github.com/xaosmaker/server/internal/httpx/get_user_from_context.go:22.3,22.19 1 0
github.com/xaosmaker/server/internal/httpx/get_user_from_context.go:24.2,24.77 1 0
github.com/xaosmaker/server/internal/httpx/other.go:9.88,12.16 2 0
github.com/xaosmaker/server/internal/httpx/other.go:12.16,14.3 1 0
github.com/xaosmaker/server/internal/httpx/other.go:15.2,15.17 1 0
github.com/xaosmaker/server/internal/httpx/types.go:3.38,12.2 1 0
github.com/xaosmaker/server/internal/httpx/types.go:13.34,20.2 1 0
github.com/xaosmaker/server/internal/httpx/types.go:21.31,29.2 1 0
github.com/xaosmaker/server/internal/httpx/types.go:31.26,51.2 1 0
github.com/xaosmaker/server/internal/httpx/unitConverter.go:3.41,4.18 1 0
github.com/xaosmaker/server/internal/httpx/unitConverter.go:5.18,6.14 1 0
github.com/xaosmaker/server/internal/httpx/unitConverter.go:7.18,8.15 1 0
github.com/xaosmaker/server/internal/httpx/unitConverter.go:9.10,10.11 1 0
github.com/xaosmaker/server/internal/httpx/validate_fields.go:17.53,18.34 1 0
github.com/xaosmaker/server/internal/httpx/validate_fields.go:20.18,21.51 1 0
github.com/xaosmaker/server/internal/httpx/validate_fields.go:22.13,23.82 1 0
github.com/xaosmaker/server/internal/httpx/validate_fields.go:24.13,25.71 1 0
github.com/xaosmaker/server/internal/httpx/validate_fields.go:26.15,27.40 1 0
github.com/xaosmaker/server/internal/httpx/validate_fields.go:28.23,29.82 1 0
github.com/xaosmaker/server/internal/httpx/validate_fields.go:30.15,31.76 1 0
github.com/xaosmaker/server/internal/httpx/validate_fields.go:32.17,33.97 1 0
github.com/xaosmaker/server/internal/httpx/validate_fields.go:34.24,35.133 1 0
github.com/xaosmaker/server/internal/httpx/validate_fields.go:36.17,37.61 1 0
github.com/xaosmaker/server/internal/httpx/validate_fields.go:38.23,39.102 1 0
github.com/xaosmaker/server/internal/httpx/validate_fields.go:40.29,41.105 1 0
github.com/xaosmaker/server/internal/httpx/validate_fields.go:42.23,43.85 1 0
github.com/xaosmaker/server/internal/httpx/validate_fields.go:44.10,45.69 1 0
github.com/xaosmaker/server/internal/httpx/validate_fields.go:50.50,54.33 2 0
github.com/xaosmaker/server/internal/httpx/validate_fields.go:54.33,56.3 1 0
github.com/xaosmaker/server/internal/httpx/validate_fields.go:58.2,58.32 1 0
github.com/xaosmaker/server/internal/httpx/validate_fields.go:58.32,60.3 1 0
github.com/xaosmaker/server/internal/httpx/validate_fields.go:62.2,64.9 2 0
github.com/xaosmaker/server/internal/httpx/validate_fields.go:64.9,66.3 1 0
github.com/xaosmaker/server/internal/httpx/validate_fields.go:68.2,70.15 2 0
github.com/xaosmaker/server/internal/httpx/validate_fields.go:70.15,72.3 1 0
github.com/xaosmaker/server/internal/httpx/validate_fields.go:73.2,73.15 1 0
github.com/xaosmaker/server/internal/httpx/validate_fields.go:76.40,89.16 10 0
github.com/xaosmaker/server/internal/httpx/validate_fields.go:89.16,90.54 1 0
github.com/xaosmaker/server/internal/httpx/validate_fields.go:90.54,94.4 1 0
github.com/xaosmaker/server/internal/httpx/validate_fields.go:95.3,95.21 1 0
github.com/xaosmaker/server/internal/httpx/validate_fields.go:98.2,98.12 1 0
github.com/xaosmaker/server/internal/httpx/validate_fields.go:102.44,106.16 3 0
github.com/xaosmaker/server/internal/httpx/validate_fields.go:106.16,108.3 1 0
github.com/xaosmaker/server/internal/httpx/validate_fields.go:109.2,109.12 1 0
github.com/xaosmaker/server/internal/httpx/validate_fields.go:113.66,116.16 3 0
github.com/xaosmaker/server/internal/httpx/validate_fields.go:116.16,118.3 1 0
github.com/xaosmaker/server/internal/httpx/validate_fields.go:120.2,120.12 1 0
github.com/xaosmaker/server/internal/httpx/validators.go:14.60,16.39 2 0
github.com/xaosmaker/server/internal/httpx/validators.go:16.39,18.3 1 0
github.com/xaosmaker/server/internal/httpx/validators.go:20.2,21.16 2 0
github.com/xaosmaker/server/internal/httpx/validators.go:21.16,23.3 1 0
github.com/xaosmaker/server/internal/httpx/validators.go:25.2,25.13 1 0
github.com/xaosmaker/server/internal/httpx/validators.go:29.62,32.39 2 0
github.com/xaosmaker/server/internal/httpx/validators.go:32.39,34.3 1 0
github.com/xaosmaker/server/internal/httpx/validators.go:35.2,37.47 2 0
github.com/xaosmaker/server/internal/httpx/validators.go:41.56,44.39 2 0
github.com/xaosmaker/server/internal/httpx/validators.go:44.39,46.3 1 0
github.com/xaosmaker/server/internal/httpx/validators.go:47.2,49.44 2 0
github.com/xaosmaker/server/internal/httpx/validators.go:53.53,56.39 2 0
github.com/xaosmaker/server/internal/httpx/validators.go:56.39,58.3 1 0
github.com/xaosmaker/server/internal/httpx/validators.go:59.2,61.39 2 0
github.com/xaosmaker/server/internal/httpx/validators.go:64.56,65.45 1 0
github.com/xaosmaker/server/internal/httpx/validators.go:65.45,66.85 1 0
github.com/xaosmaker/server/internal/httpx/validators.go:66.85,67.12 1 0
github.com/xaosmaker/server/internal/httpx/validators.go:69.3,69.15 1 0
github.com/xaosmaker/server/internal/httpx/validators.go:71.2,71.13 1 0
github.com/xaosmaker/server/internal/httpx/validators.go:75.51,78.16 3 0
github.com/xaosmaker/server/internal/httpx/validators.go:78.16,80.3 1 0
github.com/xaosmaker/server/internal/httpx/validators.go:82.2,85.29 4 0
github.com/xaosmaker/server/internal/httpx/validators.go:85.29,87.3 1 0
github.com/xaosmaker/server/internal/httpx/validators.go:88.2,88.40 1 0
github.com/xaosmaker/server/internal/httpx/validators.go:88.40,91.3 1 0
github.com/xaosmaker/server/internal/httpx/validators.go:93.2,93.31 1 0
github.com/xaosmaker/server/internal/httpx/validators.go:93.31,94.58 1 0
github.com/xaosmaker/server/internal/httpx/validators.go:94.58,95.31 1 0
github.com/xaosmaker/server/internal/httpx/validators.go:95.31,97.5 1 0
github.com/xaosmaker/server/internal/httpx/validators.go:97.10,97.38 1 0
github.com/xaosmaker/server/internal/httpx/validators.go:97.38,100.5 1 0
github.com/xaosmaker/server/internal/httpx/validators.go:105.2,105.29 1 0
github.com/xaosmaker/server/internal/jobs/handlers.go:32.72,36.20 3 0
github.com/xaosmaker/server/internal/jobs/handlers.go:36.20,39.3 2 0
github.com/xaosmaker/server/internal/jobs/handlers.go:40.2,41.65 2 0
github.com/xaosmaker/server/internal/jobs/handlers.go:41.65,44.3 2 0
github.com/xaosmaker/server/internal/jobs/handlers.go:45.2,45.72 1 0
github.com/xaosmaker/server/internal/jobs/handlers.go:45.72,46.40 1 0
github.com/xaosmaker/server/internal/jobs/handlers.go:46.40,50.4 2 0
github.com/xaosmaker/server/internal/jobs/handlers.go:51.3,51.47 1 0
github.com/xaosmaker/server/internal/jobs/handlers.go:51.47,53.53 1 0
github.com/xaosmaker/server/internal/jobs/handlers.go:53.53,57.5 2 0
github.com/xaosmaker/server/internal/jobs/handlers.go:59.3,59.21 1 0
github.com/xaosmaker/server/internal/jobs/handlers.go:61.2,65.16 2 0
github.com/xaosmaker/server/internal/jobs/handlers.go:65.16,68.3 2 0
github.com/xaosmaker/server/internal/jobs/handlers.go:70.2,71.16 2 0
github.com/xaosmaker/server/internal/jobs/handlers.go:71.16,74.3 2 0
github.com/xaosmaker/server/internal/jobs/handlers.go:75.2,75.32 1 0
github.com/xaosmaker/server/internal/jobs/handlers.go:75.32,78.3 2 0
github.com/xaosmaker/server/internal/jobs/handlers.go:80.2,87.16 2 0
github.com/xaosmaker/server/internal/jobs/handlers.go:87.16,90.3 2 0
github.com/xaosmaker/server/internal/jobs/handlers.go:91.2,91.17 1 0
github.com/xaosmaker/server/internal/jobs/handlers.go:91.17,92.45 1 0
github.com/xaosmaker/server/internal/jobs/handlers.go:92.45,98.18 2 0
github.com/xaosmaker/server/internal/jobs/handlers.go:98.18,101.5 2 0
github.com/xaosmaker/server/internal/jobs/handlers.go:105.2,106.16 2 0
github.com/xaosmaker/server/internal/jobs/handlers.go:106.16,109.3 2 0
github.com/xaosmaker/server/internal/jobs/handlers.go:111.2,112.16 2 0
github.com/xaosmaker/server/internal/jobs/handlers.go:115.73,117.20 2 0
github.com/xaosmaker/server/internal/jobs/handlers.go:117.20,120.3 2 0
github.com/xaosmaker/server/internal/jobs/handlers.go:121.2,122.20 2 0
github.com/xaosmaker/server/internal/jobs/handlers.go:122.20,125.3 2 0
github.com/xaosmaker/server/internal/jobs/handlers.go:126.2,126.108 1 0
github.com/xaosmaker/server/internal/jobs/handlers.go:126.108,129.3 2 0
github.com/xaosmaker/server/internal/jobs/handlers.go:131.2,131.69 1 0
github.com/xaosmaker/server/internal/jobs/handlers.go:131.69,135.3 2 0
github.com/xaosmaker/server/internal/jobs/handlers.go:137.2,138.16 2 0
github.com/xaosmaker/server/internal/jobs/handlers.go:138.16,141.3 2 0
github.com/xaosmaker/server/internal/jobs/handlers.go:143.2,144.27 2 0
github.com/xaosmaker/server/internal/jobs/handlers.go:144.27,146.3 1 0
github.com/xaosmaker/server/internal/jobs/handlers.go:148.2,149.16 2 0
github.com/xaosmaker/server/internal/jobs/handlers.go:149.16,152.3 2 0
github.com/xaosmaker/server/internal/jobs/handlers.go:153.2,154.15 2 0
github.com/xaosmaker/server/internal/jobs/handlers.go:157.76,161.20 2 0
github.com/xaosmaker/server/internal/jobs/handlers.go:161.20,164.3 2 0
github.com/xaosmaker/server/internal/jobs/handlers.go:166.2,167.20 2 0
github.com/xaosmaker/server/internal/jobs/handlers.go:167.20,170.3 2 0
github.com/xaosmaker/server/internal/jobs/handlers.go:172.2,173.20 2 0
github.com/xaosmaker/server/internal/jobs/handlers.go:173.20,176.3 2 0
github.com/xaosmaker/server/internal/jobs/handlers.go:178.2,182.16 2 0
github.com/xaosmaker/server/internal/jobs/handlers.go:182.16,184.3 1 0
github.com/xaosmaker/server/internal/jobs/handlers.go:185.2,191.16 2 0
github.com/xaosmaker/server/internal/jobs/handlers.go:191.16,194.3 2 0
github.com/xaosmaker/server/internal/jobs/handlers.go:195.2,198.16 3 0
github.com/xaosmaker/server/internal/jobs/handlers.go:198.16,201.3 2 0
github.com/xaosmaker/server/internal/jobs/handlers.go:202.2,203.15 2 0
github.com/xaosmaker/server/internal/jobs/jobsRouter.go:9.49,15.2 3 0
github.com/xaosmaker/server/internal/jobs/jobsRouter.go:17.45,28.2 5 0
github.com/xaosmaker/server/internal/jobs/jobs_dto.go:25.69,40.2 1 0
github.com/xaosmaker/server/internal/jobs/jobs_dto.go:42.62,56.2 1 0
github.com/xaosmaker/server/internal/middlewares/trail_slash_error_middleware.go:10.64,12.71 1 0
github.com/xaosmaker/server/internal/middlewares/trail_slash_error_middleware.go:12.71,13.41 1 0
github.com/xaosmaker/server/internal/middlewares/trail_slash_error_middleware.go:13.41,16.4 2 0
github.com/xaosmaker/server/internal/middlewares/trail_slash_error_middleware.go:18.3,18.23 1 0
github.com/xaosmaker/server/internal/seasons/handlers.go:16.78,26.20 3 0
github.com/xaosmaker/server/internal/seasons/handlers.go:26.20,29.3 2 0
github.com/xaosmaker/server/internal/seasons/handlers.go:31.2,32.20 2 0
github.com/xaosmaker/server/internal/seasons/handlers.go:32.20,35.3 2 0
github.com/xaosmaker/server/internal/seasons/handlers.go:37.2,38.72 2 0
github.com/xaosmaker/server/internal/seasons/handlers.go:38.72,41.3 2 0
github.com/xaosmaker/server/internal/seasons/handlers.go:42.2,42.108 1 0
github.com/xaosmaker/server/internal/seasons/handlers.go:42.108,45.3 2 0
github.com/xaosmaker/server/internal/seasons/handlers.go:47.2,48.16 2 0
github.com/xaosmaker/server/internal/seasons/handlers.go:48.16,51.3 2 0
github.com/xaosmaker/server/internal/seasons/handlers.go:55.2,55.36 1 0
github.com/xaosmaker/server/internal/seasons/handlers.go:55.36,58.46 3 0
github.com/xaosmaker/server/internal/seasons/handlers.go:58.46,61.4 2 0
github.com/xaosmaker/server/internal/seasons/handlers.go:65.2,65.35 1 0
github.com/xaosmaker/server/internal/seasons/handlers.go:65.35,68.57 3 0
github.com/xaosmaker/server/internal/seasons/handlers.go:68.57,72.4 2 0
github.com/xaosmaker/server/internal/seasons/handlers.go:75.2,75.32 1 0
github.com/xaosmaker/server/internal/seasons/handlers.go:75.32,78.3 2 0
github.com/xaosmaker/server/internal/seasons/handlers.go:80.2,80.36 1 0
github.com/xaosmaker/server/internal/seasons/handlers.go:80.36,82.53 2 0
github.com/xaosmaker/server/internal/seasons/handlers.go:82.53,84.95 2 0
github.com/xaosmaker/server/internal/seasons/handlers.go:84.95,87.5 2 0
github.com/xaosmaker/server/internal/seasons/handlers.go:91.2,99.20 2 0
github.com/xaosmaker/server/internal/seasons/handlers.go:103.78,105.20 2 0
github.com/xaosmaker/server/internal/seasons/handlers.go:105.20,108.3 2 0
github.com/xaosmaker/server/internal/seasons/handlers.go:109.2,110.20 2 0
github.com/xaosmaker/server/internal/seasons/handlers.go:110.20,113.3 2 0
github.com/xaosmaker/server/internal/seasons/handlers.go:115.2,115.108 1 0
github.com/xaosmaker/server/internal/seasons/handlers.go:115.108,118.3 2 0
github.com/xaosmaker/server/internal/seasons/handlers.go:120.2,121.16 2 0
github.com/xaosmaker/server/internal/seasons/handlers.go:121.16,124.3 2 0
github.com/xaosmaker/server/internal/seasons/handlers.go:125.2,125.20 1 0
github.com/xaosmaker/server/internal/seasons/handlers.go:129.82,131.20 2 0
github.com/xaosmaker/server/internal/seasons/handlers.go:131.20,134.3 2 0
github.com/xaosmaker/server/internal/seasons/handlers.go:136.2,137.20 2 0
github.com/xaosmaker/server/internal/seasons/handlers.go:137.20,140.3 2 0
github.com/xaosmaker/server/internal/seasons/handlers.go:142.2,144.16 2 0
github.com/xaosmaker/server/internal/seasons/handlers.go:144.16,147.3 2 0
github.com/xaosmaker/server/internal/seasons/handlers.go:149.2,153.16 2 0
github.com/xaosmaker/server/internal/seasons/handlers.go:153.16,156.3 2 0
github.com/xaosmaker/server/internal/seasons/handlers.go:157.2,159.15 3 0
github.com/xaosmaker/server/internal/seasons/handlers.go:162.78,170.72 3 0
github.com/xaosmaker/server/internal/seasons/handlers.go:170.72,174.3 2 0
github.com/xaosmaker/server/internal/seasons/handlers.go:175.2,176.20 2 0
github.com/xaosmaker/server/internal/seasons/handlers.go:176.20,179.3 2 0
github.com/xaosmaker/server/internal/seasons/handlers.go:181.2,183.20 3 0
github.com/xaosmaker/server/internal/seasons/handlers.go:183.20,186.3 2 0
github.com/xaosmaker/server/internal/seasons/handlers.go:188.2,192.16 2 0
github.com/xaosmaker/server/internal/seasons/handlers.go:192.16,195.3 2 0
github.com/xaosmaker/server/internal/seasons/handlers.go:196.2,196.106 1 0
github.com/xaosmaker/server/internal/seasons/handlers.go:196.106,199.3 2 0
github.com/xaosmaker/server/internal/seasons/handlers.go:200.2,207.16 2 0
github.com/xaosmaker/server/internal/seasons/handlers.go:207.16,209.3 1 0
github.com/xaosmaker/server/internal/seasons/handlers.go:210.2,210.20 1 0
github.com/xaosmaker/server/internal/seasons/handlers.go:214.79,216.20 2 0
github.com/xaosmaker/server/internal/seasons/handlers.go:216.20,219.3 2 0
github.com/xaosmaker/server/internal/seasons/handlers.go:220.2,221.20 2 0
github.com/xaosmaker/server/internal/seasons/handlers.go:221.20,224.3 2 0
github.com/xaosmaker/server/internal/seasons/handlers.go:225.2,229.16 2 0
github.com/xaosmaker/server/internal/seasons/handlers.go:229.16,232.3 2 0
github.com/xaosmaker/server/internal/seasons/handlers.go:233.2,235.33 3 0
github.com/xaosmaker/server/internal/seasons/handlers.go:235.33,238.3 1 0
github.com/xaosmaker/server/internal/seasons/handlers.go:239.2,240.16 2 0
github.com/xaosmaker/server/internal/seasons/handlers.go:240.16,242.3 1 0
github.com/xaosmaker/server/internal/seasons/handlers.go:243.2,244.25 2 0
github.com/xaosmaker/server/internal/seasons/season_dto.go:28.84,45.2 1 0
github.com/xaosmaker/server/internal/seasons/season_dto.go:47.84,64.2 1 0
github.com/xaosmaker/server/internal/seasons/seasons_router.go:9.58,17.2 5 0
github.com/xaosmaker/server/internal/seasons/seasons_router.go:19.48,30.2 6 0
github.com/xaosmaker/server/internal/supplies/handlers.go:12.79,14.20 2 0
github.com/xaosmaker/server/internal/supplies/handlers.go:14.20,17.3 2 0
github.com/xaosmaker/server/internal/supplies/handlers.go:18.2,19.20 2 0
github.com/xaosmaker/server/internal/supplies/handlers.go:19.20,22.3 2 0
github.com/xaosmaker/server/internal/supplies/handlers.go:24.2,31.64 3 0
github.com/xaosmaker/server/internal/supplies/handlers.go:31.64,34.3 2 0
github.com/xaosmaker/server/internal/supplies/handlers.go:35.2,38.17 1 0
github.com/xaosmaker/server/internal/supplies/handlers.go:38.17,41.3 2 0
github.com/xaosmaker/server/internal/supplies/handlers.go:42.2,49.16 2 0
github.com/xaosmaker/server/internal/supplies/handlers.go:49.16,52.3 2 0
github.com/xaosmaker/server/internal/supplies/handlers.go:53.2,53.20 1 0
github.com/xaosmaker/server/internal/supplies/handlers.go:57.79,59.20 2 0
github.com/xaosmaker/server/internal/supplies/handlers.go:59.20,62.3 2 0
github.com/xaosmaker/server/internal/supplies/handlers.go:64.2,71.56 3 0
github.com/xaosmaker/server/internal/supplies/handlers.go:71.56,74.3 2 0
github.com/xaosmaker/server/internal/supplies/handlers.go:75.2,82.16 2 0
github.com/xaosmaker/server/internal/supplies/handlers.go:82.16,83.45 1 0
github.com/xaosmaker/server/internal/supplies/handlers.go:83.45,86.4 2 0
github.com/xaosmaker/server/internal/supplies/handlers.go:87.3,88.9 2 0
github.com/xaosmaker/server/internal/supplies/handlers.go:90.2,91.16 2 0
github.com/xaosmaker/server/internal/supplies/handlers.go:91.16,94.3 2 0
github.com/xaosmaker/server/internal/supplies/handlers.go:95.2,96.15 2 0
github.com/xaosmaker/server/internal/supplies/handlers.go:99.83,102.20 2 0
github.com/xaosmaker/server/internal/supplies/handlers.go:102.20,105.3 2 0
github.com/xaosmaker/server/internal/supplies/handlers.go:107.2,108.20 2 0
github.com/xaosmaker/server/internal/supplies/handlers.go:108.20,111.3 2 0
github.com/xaosmaker/server/internal/supplies/handlers.go:113.2,119.16 3 0
github.com/xaosmaker/server/internal/supplies/handlers.go:119.16,122.3 2 0
github.com/xaosmaker/server/internal/supplies/handlers.go:124.2,125.27 2 0
github.com/xaosmaker/server/internal/supplies/handlers.go:129.81,132.20 2 0
github.com/xaosmaker/server/internal/supplies/handlers.go:132.20,135.3 2 0
github.com/xaosmaker/server/internal/supplies/handlers.go:137.2,138.16 2 0
github.com/xaosmaker/server/internal/supplies/handlers.go:138.16,142.3 2 0
github.com/xaosmaker/server/internal/supplies/handlers.go:144.2,145.34 2 0
github.com/xaosmaker/server/internal/supplies/handlers.go:145.34,147.3 1 0
github.com/xaosmaker/server/internal/supplies/handlers.go:149.2,150.16 2 0
github.com/xaosmaker/server/internal/supplies/handlers.go:150.16,153.3 2 0
github.com/xaosmaker/server/internal/supplies/handlers.go:155.2,156.34 2 0
github.com/xaosmaker/server/internal/supplies/handlers.go:159.79,161.20 2 0
github.com/xaosmaker/server/internal/supplies/handlers.go:161.20,164.3 2 0
github.com/xaosmaker/server/internal/supplies/handlers.go:166.2,167.20 2 0
github.com/xaosmaker/server/internal/supplies/handlers.go:167.20,170.3 2 0
github.com/xaosmaker/server/internal/supplies/handlers.go:172.2,176.16 2 0
github.com/xaosmaker/server/internal/supplies/handlers.go:176.16,179.3 2 0
github.com/xaosmaker/server/internal/supplies/handlers.go:181.2,181.20 1 0
github.com/xaosmaker/server/internal/supplies/supplies_dto.go:19.51,30.2 1 0
github.com/xaosmaker/server/internal/supplies/supplies_router.go:9.50,15.2 5 0
github.com/xaosmaker/server/internal/supplies/supplies_router.go:17.49,25.2 6 0
github.com/xaosmaker/server/internal/user_settings/handlers.go:11.82,15.16 3 0
github.com/xaosmaker/server/internal/user_settings/handlers.go:15.16,18.3 2 0
github.com/xaosmaker/server/internal/user_settings/handlers.go:19.2,20.16 2 0
github.com/xaosmaker/server/internal/user_settings/handlers.go:20.16,22.3 1 0
github.com/xaosmaker/server/internal/user_settings/handlers.go:23.2,24.26 2 0
github.com/xaosmaker/server/internal/user_settings/handlers.go:28.85,35.58 4 0
github.com/xaosmaker/server/internal/user_settings/handlers.go:35.58,38.3 2 0
github.com/xaosmaker/server/internal/user_settings/handlers.go:40.2,44.16 2 0
github.com/xaosmaker/server/internal/user_settings/handlers.go:44.16,46.3 1 0
github.com/xaosmaker/server/internal/user_settings/handlers.go:47.2,47.20 1 0
github.com/xaosmaker/server/internal/user_settings/settings_dto.go:17.56,26.2 1 0
github.com/xaosmaker/server/internal/user_settings/user_settings_router.go:9.54,18.2 5 0
github.com/xaosmaker/server/internal/utils/str_time_conv.go:5.53,13.14 1 1
github.com/xaosmaker/server/internal/utils/str_time_conv.go:13.14,15.3 1 1
github.com/xaosmaker/server/internal/utils/str_time_conv.go:17.2,18.16 2 1
github.com/xaosmaker/server/internal/utils/str_time_conv.go:18.16,20.3 1 1
github.com/xaosmaker/server/internal/utils/str_time_conv.go:21.2,21.11 1 1
github.com/xaosmaker/server/main.go:12.13,25.2 6 0
github.com/xaosmaker/server/internal/app/app_router.go:22.45,46.2 18 1
github.com/xaosmaker/server/internal/auth/auth.go:18.82,26.2 2 1
github.com/xaosmaker/server/internal/auth/auth.go:28.54,30.94 2 0
github.com/xaosmaker/server/internal/auth/auth.go:30.94,34.3 1 0
github.com/xaosmaker/server/internal/auth/auth.go:36.2,36.16 1 0
github.com/xaosmaker/server/internal/auth/auth.go:36.16,38.3 1 0
github.com/xaosmaker/server/internal/auth/auth.go:40.2,41.16 2 0
github.com/xaosmaker/server/internal/auth/auth.go:41.16,43.3 1 0
github.com/xaosmaker/server/internal/auth/auth.go:45.2,45.16 1 0
github.com/xaosmaker/server/internal/auth/auth_middleware.go:13.69,14.71 1 1
github.com/xaosmaker/server/internal/auth/auth_middleware.go:14.71,15.90 1 1
github.com/xaosmaker/server/internal/auth/auth_middleware.go:15.90,18.4 2 1
github.com/xaosmaker/server/internal/auth/auth_middleware.go:20.3,21.17 2 0
github.com/xaosmaker/server/internal/auth/auth_middleware.go:21.17,25.4 3 0
github.com/xaosmaker/server/internal/auth/auth_middleware.go:26.3,28.17 2 0
github.com/xaosmaker/server/internal/auth/auth_middleware.go:28.17,32.4 3 0
github.com/xaosmaker/server/internal/auth/auth_middleware.go:33.3,35.17 2 0
github.com/xaosmaker/server/internal/auth/auth_middleware.go:35.17,39.4 3 0
github.com/xaosmaker/server/internal/auth/auth_middleware.go:40.3,41.17 2 0
github.com/xaosmaker/server/internal/auth/auth_middleware.go:41.17,45.4 3 0
github.com/xaosmaker/server/internal/auth/auth_middleware.go:46.3,48.23 3 0
github.com/xaosmaker/server/internal/auth/get_cookie.go:8.62,10.31 2 0
github.com/xaosmaker/server/internal/auth/get_cookie.go:10.31,11.24 1 0
github.com/xaosmaker/server/internal/auth/get_cookie.go:11.24,13.4 1 0
github.com/xaosmaker/server/internal/auth/get_cookie.go:15.2,15.43 1 0
github.com/xaosmaker/server/internal/auth/hadlers.go:19.72,27.53 5 1
github.com/xaosmaker/server/internal/auth/hadlers.go:27.53,30.3 2 1
github.com/xaosmaker/server/internal/auth/hadlers.go:32.2,34.16 2 1
github.com/xaosmaker/server/internal/auth/hadlers.go:34.16,37.3 2 1
github.com/xaosmaker/server/internal/auth/hadlers.go:38.2,38.54 1 1
github.com/xaosmaker/server/internal/auth/hadlers.go:38.54,41.3 2 1
github.com/xaosmaker/server/internal/auth/hadlers.go:42.2,44.15 3 1
github.com/xaosmaker/server/internal/auth/hadlers.go:44.15,46.3 1 0
github.com/xaosmaker/server/internal/auth/hadlers.go:47.2,48.16 2 1
github.com/xaosmaker/server/internal/auth/hadlers.go:48.16,53.3 3 0
github.com/xaosmaker/server/internal/auth/hadlers.go:54.2,76.16 6 1
github.com/xaosmaker/server/internal/auth/hadlers.go:76.16,79.3 2 1
github.com/xaosmaker/server/internal/auth/hadlers.go:81.2,84.16 3 1
github.com/xaosmaker/server/internal/auth/hadlers.go:84.16,88.3 1 1
github.com/xaosmaker/server/internal/auth/hadlers.go:92.73,100.23 4 0
github.com/xaosmaker/server/internal/auth/hadlers.go:100.23,103.3 2 0
github.com/xaosmaker/server/internal/auth/hadlers.go:105.2,111.16 4 0
github.com/xaosmaker/server/internal/auth/hadlers.go:111.16,112.45 1 0
github.com/xaosmaker/server/internal/auth/hadlers.go:112.45,115.4 2 0
github.com/xaosmaker/server/internal/auth/hadlers.go:116.3,117.9 2 0
github.com/xaosmaker/server/internal/auth/hadlers.go:119.2,119.20 1 0
github.com/xaosmaker/server/internal/auth/hash_passwords.go:9.46,11.16 2 1
github.com/xaosmaker/server/internal/auth/hash_passwords.go:11.16,14.3 2 0
github.com/xaosmaker/server/internal/auth/hash_passwords.go:15.2,15.14 1 1
github.com/xaosmaker/server/internal/auth/hash_passwords.go:18.52,20.16 2 0
github.com/xaosmaker/server/internal/auth/hash_passwords.go:20.16,22.3 1 0
github.com/xaosmaker/server/internal/auth/hash_passwords.go:23.2,23.18 1 0
github.com/xaosmaker/server/internal/config/load_envs.go:8.18,11.9 2 1
github.com/xaosmaker/server/internal/config/load_envs.go:11.9,13.3 1 0
github.com/xaosmaker/server/internal/config/load_envs.go:14.2,15.9 2 1
github.com/xaosmaker/server/internal/config/load_envs.go:15.9,17.3 1 0
github.com/xaosmaker/server/internal/db/connect_db.go:13.51,15.15 2 1
github.com/xaosmaker/server/internal/db/connect_db.go:15.15,17.3 1 0
github.com/xaosmaker/server/internal/db/connect_db.go:19.2,20.6 2 1
github.com/xaosmaker/server/internal/db/connect_db.go:20.6,24.17 3 1
github.com/xaosmaker/server/internal/db/connect_db.go:24.17,26.4 1 0
github.com/xaosmaker/server/internal/db/connect_db.go:27.3,28.17 2 1
github.com/xaosmaker/server/internal/db/connect_db.go:28.17,31.4 2 1
github.com/xaosmaker/server/internal/db/connect_db.go:33.3,33.20 1 0
github.com/xaosmaker/server/internal/db/connect_db.go:33.20,35.4 1 0
github.com/xaosmaker/server/internal/db/connect_db.go:36.3,37.30 2 0
github.com/xaosmaker/server/internal/db/db.go:20.28,22.2 1 1
github.com/xaosmaker/server/internal/db/db.go:28.46,32.2 1 0
github.com/xaosmaker/server/internal/db/farm.sql.go:42.96,53.2 4 0
github.com/xaosmaker/server/internal/db/farm.sql.go:64.72,75.2 4 1
github.com/xaosmaker/server/internal/db/farm.sql.go:91.87,102.2 4 0
github.com/xaosmaker/server/internal/db/fields.sql.go:50.90,77.2 4 0
github.com/xaosmaker/server/internal/db/fields.sql.go:84.68,87.2 2 0
github.com/xaosmaker/server/internal/db/fields.sql.go:101.84,103.16 2 0
github.com/xaosmaker/server/internal/db/fields.sql.go:103.16,105.3 1 0
github.com/xaosmaker/server/internal/db/fields.sql.go:106.2,108.18 3 0
github.com/xaosmaker/server/internal/db/fields.sql.go:108.18,123.17 2 0
github.com/xaosmaker/server/internal/db/fields.sql.go:123.17,125.4 1 0
github.com/xaosmaker/server/internal/db/fields.sql.go:126.3,126.27 1 0
github.com/xaosmaker/server/internal/db/fields.sql.go:128.2,128.35 1 0
github.com/xaosmaker/server/internal/db/fields.sql.go:128.35,130.3 1 0
github.com/xaosmaker/server/internal/db/fields.sql.go:131.2,131.19 1 0
github.com/xaosmaker/server/internal/db/fields.sql.go:150.106,168.2 4 0
github.com/xaosmaker/server/internal/db/fields.sql.go:197.90,224.2 4 0
github.com/xaosmaker/server/internal/db/jobs.sql.go:43.84,65.2 4 0
github.com/xaosmaker/server/internal/db/jobs.sql.go:90.107,103.2 4 0
github.com/xaosmaker/server/internal/db/jobs.sql.go:147.92,149.16 2 0
github.com/xaosmaker/server/internal/db/jobs.sql.go:149.16,151.3 1 0
github.com/xaosmaker/server/internal/db/jobs.sql.go:152.2,154.18 3 0
github.com/xaosmaker/server/internal/db/jobs.sql.go:154.18,167.17 2 0
github.com/xaosmaker/server/internal/db/jobs.sql.go:167.17,169.4 1 0
github.com/xaosmaker/server/internal/db/jobs.sql.go:170.3,170.27 1 0
github.com/xaosmaker/server/internal/db/jobs.sql.go:172.2,172.35 1 0
github.com/xaosmaker/server/internal/db/jobs.sql.go:172.35,174.3 1 0
github.com/xaosmaker/server/internal/db/jobs.sql.go:175.2,175.19 1 0
github.com/xaosmaker/server/internal/db/jobs.sql.go:186.91,202.2 4 0
github.com/xaosmaker/server/internal/db/jobs.sql.go:249.105,265.2 4 0
github.com/xaosmaker/server/internal/db/jobs.sql.go:275.90,291.2 4 0
github.com/xaosmaker/server/internal/db/seasons.sql.go:28.93,51.2 4 0
github.com/xaosmaker/server/internal/db/seasons.sql.go:57.69,60.2 2 0
github.com/xaosmaker/server/internal/db/seasons.sql.go:71.87,76.2 4 0
github.com/xaosmaker/server/internal/db/seasons.sql.go:90.100,95.2 4 0
github.com/xaosmaker/server/internal/db/seasons.sql.go:128.90,148.2 4 0
github.com/xaosmaker/server/internal/db/seasons.sql.go:182.109,184.16 2 0
github.com/xaosmaker/server/internal/db/seasons.sql.go:184.16,186.3 1 0
github.com/xaosmaker/server/internal/db/seasons.sql.go:187.2,189.18 3 0
github.com/xaosmaker/server/internal/db/seasons.sql.go:189.18,206.17 2 0
github.com/xaosmaker/server/internal/db/seasons.sql.go:206.17,208.4 1 0
github.com/xaosmaker/server/internal/db/seasons.sql.go:209.3,209.27 1 0
github.com/xaosmaker/server/internal/db/seasons.sql.go:211.2,211.35 1 0
github.com/xaosmaker/server/internal/db/seasons.sql.go:211.35,213.3 1 0
github.com/xaosmaker/server/internal/db/seasons.sql.go:214.2,214.19 1 0
github.com/xaosmaker/server/internal/db/seasons.sql.go:237.83,247.2 2 0
github.com/xaosmaker/server/internal/db/settings.sql.go:17.87,29.2 4 0
github.com/xaosmaker/server/internal/db/settings.sql.go:42.98,54.2 4 0
github.com/xaosmaker/server/internal/db/supplies.sql.go:40.97,61.2 4 0
github.com/xaosmaker/server/internal/db/supplies.sql.go:74.83,77.2 2 0
github.com/xaosmaker/server/internal/db/supplies.sql.go:85.87,87.16 2 0
github.com/xaosmaker/server/internal/db/supplies.sql.go:87.16,89.3 1 0
github.com/xaosmaker/server/internal/db/supplies.sql.go:90.2,92.18 3 0
github.com/xaosmaker/server/internal/db/supplies.sql.go:92.18,104.17 2 0
github.com/xaosmaker/server/internal/db/supplies.sql.go:104.17,106.4 1 0
github.com/xaosmaker/server/internal/db/supplies.sql.go:107.3,107.27 1 0
github.com/xaosmaker/server/internal/db/supplies.sql.go:109.2,109.35 1 0
github.com/xaosmaker/server/internal/db/supplies.sql.go:109.35,111.3 1 0
github.com/xaosmaker/server/internal/db/supplies.sql.go:112.2,112.19 1 0
github.com/xaosmaker/server/internal/db/supplies.sql.go:127.101,142.2 4 0
github.com/xaosmaker/server/internal/db/supplies.sql.go:162.83,171.2 2 0
github.com/xaosmaker/server/internal/db/users.sql.go:38.79,41.2 2 0
github.com/xaosmaker/server/internal/db/users.sql.go:47.68,49.16 2 0
github.com/xaosmaker/server/internal/db/users.sql.go:49.16,51.3 1 0
github.com/xaosmaker/server/internal/db/users.sql.go:52.2,54.18 3 0
github.com/xaosmaker/server/internal/db/users.sql.go:54.18,64.17 2 0
github.com/xaosmaker/server/internal/db/users.sql.go:64.17,66.4 1 0
github.com/xaosmaker/server/internal/db/users.sql.go:67.3,67.27 1 0
github.com/xaosmaker/server/internal/db/users.sql.go:69.2,69.35 1 0
github.com/xaosmaker/server/internal/db/users.sql.go:69.35,71.3 1 0
github.com/xaosmaker/server/internal/db/users.sql.go:72.2,72.19 1 0
github.com/xaosmaker/server/internal/db/users.sql.go:80.76,93.2 4 0
github.com/xaosmaker/server/internal/db/users.sql.go:100.83,113.2 4 1
github.com/xaosmaker/server/internal/db/users.sql.go:138.110,157.2 4 0
github.com/xaosmaker/server/internal/farm/farm_dto.go:16.45,26.2 2 0
github.com/xaosmaker/server/internal/farm/farm_router.go:9.51,14.2 3 1
github.com/xaosmaker/server/internal/farm/farm_router.go:16.45,26.2 5 1
github.com/xaosmaker/server/internal/farm/handlers.go:12.73,20.20 4 0
github.com/xaosmaker/server/internal/farm/handlers.go:20.20,23.3 2 0
github.com/xaosmaker/server/internal/farm/handlers.go:25.2,26.16 2 0
github.com/xaosmaker/server/internal/farm/handlers.go:26.16,29.3 2 0
github.com/xaosmaker/server/internal/farm/handlers.go:30.2,30.72 1 0
github.com/xaosmaker/server/internal/farm/handlers.go:30.72,34.3 3 0
github.com/xaosmaker/server/internal/farm/handlers.go:35.2,36.16 2 0
github.com/xaosmaker/server/internal/farm/handlers.go:36.16,40.3 3 0
github.com/xaosmaker/server/internal/farm/handlers.go:42.2,43.16 2 0
github.com/xaosmaker/server/internal/farm/handlers.go:43.16,48.3 3 0
github.com/xaosmaker/server/internal/farm/handlers.go:50.2,51.15 2 0
github.com/xaosmaker/server/internal/farm/handlers.go:55.70,57.20 2 0
github.com/xaosmaker/server/internal/farm/handlers.go:57.20,60.3 2 0
github.com/xaosmaker/server/internal/farm/handlers.go:62.2,63.16 2 0
github.com/xaosmaker/server/internal/farm/handlers.go:63.16,66.3 2 0
github.com/xaosmaker/server/internal/farm/handlers.go:67.2,68.16 2 0
github.com/xaosmaker/server/internal/farm/handlers.go:68.16,71.3 2 0
github.com/xaosmaker/server/internal/farm/handlers.go:73.2,74.15 2 0
github.com/xaosmaker/server/internal/field/field_dto.go:26.65,42.2 1 0
github.com/xaosmaker/server/internal/field/field_router.go:9.52,17.2 5 1
github.com/xaosmaker/server/internal/field/field_router.go:19.46,30.2 6 1
github.com/xaosmaker/server/internal/field/handlers.go:32.75,34.20 2 0
github.com/xaosmaker/server/internal/field/handlers.go:34.20,37.3 2 0
github.com/xaosmaker/server/internal/field/handlers.go:38.2,39.20 2 0
github.com/xaosmaker/server/internal/field/handlers.go:39.20,42.3 2 0
github.com/xaosmaker/server/internal/field/handlers.go:44.2,48.16 2 0
github.com/xaosmaker/server/internal/field/handlers.go:48.16,51.3 2 0
github.com/xaosmaker/server/internal/field/handlers.go:53.2,55.55 2 0
github.com/xaosmaker/server/internal/field/handlers.go:55.55,58.3 2 0
github.com/xaosmaker/server/internal/field/handlers.go:59.2,59.27 1 0
github.com/xaosmaker/server/internal/field/handlers.go:59.27,61.3 1 0
github.com/xaosmaker/server/internal/field/handlers.go:63.2,75.16 3 0
github.com/xaosmaker/server/internal/field/handlers.go:75.16,76.45 1 0
github.com/xaosmaker/server/internal/field/handlers.go:76.45,80.4 2 0
github.com/xaosmaker/server/internal/field/handlers.go:82.3,83.9 2 0
github.com/xaosmaker/server/internal/field/handlers.go:85.2,87.16 3 0
github.com/xaosmaker/server/internal/field/handlers.go:91.75,93.20 2 0
github.com/xaosmaker/server/internal/field/handlers.go:93.20,96.3 2 0
github.com/xaosmaker/server/internal/field/handlers.go:98.2,99.16 2 0
github.com/xaosmaker/server/internal/field/handlers.go:99.16,102.3 2 0
github.com/xaosmaker/server/internal/field/handlers.go:104.2,106.60 2 0
github.com/xaosmaker/server/internal/field/handlers.go:106.60,109.3 2 0
github.com/xaosmaker/server/internal/field/handlers.go:111.2,123.16 3 0
github.com/xaosmaker/server/internal/field/handlers.go:123.16,124.45 1 0
github.com/xaosmaker/server/internal/field/handlers.go:124.45,127.4 2 0
github.com/xaosmaker/server/internal/field/handlers.go:129.3,129.39 1 0
github.com/xaosmaker/server/internal/field/handlers.go:131.2,133.15 3 0
github.com/xaosmaker/server/internal/field/handlers.go:137.75,139.20 2 0
github.com/xaosmaker/server/internal/field/handlers.go:139.20,142.3 2 0
github.com/xaosmaker/server/internal/field/handlers.go:143.2,144.20 2 0
github.com/xaosmaker/server/internal/field/handlers.go:144.20,147.3 2 0
github.com/xaosmaker/server/internal/field/handlers.go:149.2,153.16 2 0
github.com/xaosmaker/server/internal/field/handlers.go:153.16,156.3 2 0
github.com/xaosmaker/server/internal/field/handlers.go:157.2,158.16 2 0
github.com/xaosmaker/server/internal/field/handlers.go:158.16,161.3 2 0
github.com/xaosmaker/server/internal/field/handlers.go:162.2,162.20 1 0
github.com/xaosmaker/server/internal/field/handlers.go:166.76,168.20 2 0
github.com/xaosmaker/server/internal/field/handlers.go:168.20,171.3 2 0
github.com/xaosmaker/server/internal/field/handlers.go:173.2,174.20 2 0
github.com/xaosmaker/server/internal/field/handlers.go:174.20,177.3 2 0
github.com/xaosmaker/server/internal/field/handlers.go:179.2,184.16 2 0
github.com/xaosmaker/server/internal/field/handlers.go:184.16,187.3 2 0
github.com/xaosmaker/server/internal/field/handlers.go:189.2,191.16 3 0
github.com/xaosmaker/server/internal/field/handlers.go:191.16,194.3 2 0
github.com/xaosmaker/server/internal/field/handlers.go:195.2,196.16 2 0
github.com/xaosmaker/server/internal/field/handlers.go:200.76,203.20 2 0
github.com/xaosmaker/server/internal/field/handlers.go:203.20,206.3 2 0
github.com/xaosmaker/server/internal/field/handlers.go:207.2,208.16 2 0
github.com/xaosmaker/server/internal/field/handlers.go:208.16,213.3 2 0
github.com/xaosmaker/server/internal/field/handlers.go:215.2,216.29 2 0
github.com/xaosmaker/server/internal/field/handlers.go:216.29,218.3 1 0
github.com/xaosmaker/server/internal/field/handlers.go:220.2,222.16 2 0
github.com/xaosmaker/server/internal/field/handlers.go:222.16,225.3 2 0
github.com/xaosmaker/server/internal/field/handlers.go:227.2,228.16 2 0
github.com/xaosmaker/server/internal/httpx/error.go:16.34,18.26 1 1
github.com/xaosmaker/server/internal/httpx/error.go:19.14,20.19 1 1
github.com/xaosmaker/server/internal/httpx/error.go:20.19,22.4 1 0
github.com/xaosmaker/server/internal/httpx/error.go:23.3,23.40 1 1
github.com/xaosmaker/server/internal/httpx/error.go:24.16,25.11 1 0
github.com/xaosmaker/server/internal/httpx/error.go:26.19,27.11 1 1
github.com/xaosmaker/server/internal/httpx/error.go:28.10,29.42 1 0
github.com/xaosmaker/server/internal/httpx/error.go:33.67,35.54 1 1
github.com/xaosmaker/server/internal/httpx/error.go:35.54,38.24 2 1
github.com/xaosmaker/server/internal/httpx/error.go:38.24,41.4 1 0
github.com/xaosmaker/server/internal/httpx/error.go:41.9,43.4 1 1
github.com/xaosmaker/server/internal/httpx/error.go:45.3,53.17 5 1
github.com/xaosmaker/server/internal/httpx/error.go:53.17,55.4 1 0
github.com/xaosmaker/server/internal/httpx/error.go:56.3,56.16 1 1
github.com/xaosmaker/server/internal/httpx/get_user_from_context.go:9.93,14.14 2 0
github.com/xaosmaker/server/internal/httpx/get_user_from_context.go:14.14,16.10 2 0
github.com/xaosmaker/server/internal/httpx/get_user_from_context.go:16.10,18.4 1 0
github.com/xaosmaker/server/internal/httpx/get_user_from_context.go:19.3,19.83 1 0
github.com/xaosmaker/server/internal/httpx/get_user_from_context.go:19.83,21.4 1 0
github.com/xaosmaker/server/internal/httpx/get_user_from_context.go:22.3,22.19 1 0
github.com/xaosmaker/server/internal/httpx/get_user_from_context.go:24.2,24.77 1 0
github.com/xaosmaker/server/internal/httpx/other.go:9.88,12.16 2 0
github.com/xaosmaker/server/internal/httpx/other.go:12.16,14.3 1 0
github.com/xaosmaker/server/internal/httpx/other.go:15.2,15.17 1 0
github.com/xaosmaker/server/internal/httpx/types.go:3.38,12.2 1 0
github.com/xaosmaker/server/internal/httpx/types.go:13.34,20.2 1 0
github.com/xaosmaker/server/internal/httpx/types.go:21.31,29.2 1 0
github.com/xaosmaker/server/internal/httpx/types.go:31.26,51.2 1 0
github.com/xaosmaker/server/internal/httpx/unitConverter.go:3.41,4.18 1 0
github.com/xaosmaker/server/internal/httpx/unitConverter.go:5.18,6.14 1 0
github.com/xaosmaker/server/internal/httpx/unitConverter.go:7.18,8.15 1 0
github.com/xaosmaker/server/internal/httpx/unitConverter.go:9.10,10.11 1 0
github.com/xaosmaker/server/internal/httpx/validate_fields.go:17.53,18.34 1 1
github.com/xaosmaker/server/internal/httpx/validate_fields.go:20.18,21.51 1 1
github.com/xaosmaker/server/internal/httpx/validate_fields.go:22.13,23.82 1 0
github.com/xaosmaker/server/internal/httpx/validate_fields.go:24.13,25.71 1 0
github.com/xaosmaker/server/internal/httpx/validate_fields.go:26.15,27.40 1 0
github.com/xaosmaker/server/internal/httpx/validate_fields.go:28.23,29.82 1 0
github.com/xaosmaker/server/internal/httpx/validate_fields.go:30.15,31.76 1 0
github.com/xaosmaker/server/internal/httpx/validate_fields.go:32.17,33.97 1 0
github.com/xaosmaker/server/internal/httpx/validate_fields.go:34.24,35.133 1 0
github.com/xaosmaker/server/internal/httpx/validate_fields.go:36.17,37.61 1 0
github.com/xaosmaker/server/internal/httpx/validate_fields.go:38.23,39.102 1 0
github.com/xaosmaker/server/internal/httpx/validate_fields.go:40.29,41.105 1 0
github.com/xaosmaker/server/internal/httpx/validate_fields.go:42.23,43.85 1 0
github.com/xaosmaker/server/internal/httpx/validate_fields.go:44.10,45.69 1 0
github.com/xaosmaker/server/internal/httpx/validate_fields.go:50.50,54.33 2 1
github.com/xaosmaker/server/internal/httpx/validate_fields.go:54.33,56.3 1 0
github.com/xaosmaker/server/internal/httpx/validate_fields.go:58.2,58.32 1 1
github.com/xaosmaker/server/internal/httpx/validate_fields.go:58.32,60.3 1 0
github.com/xaosmaker/server/internal/httpx/validate_fields.go:62.2,64.9 2 1
github.com/xaosmaker/server/internal/httpx/validate_fields.go:64.9,66.3 1 0
github.com/xaosmaker/server/internal/httpx/validate_fields.go:68.2,70.15 2 1
github.com/xaosmaker/server/internal/httpx/validate_fields.go:70.15,72.3 1 1
github.com/xaosmaker/server/internal/httpx/validate_fields.go:73.2,73.15 1 0
github.com/xaosmaker/server/internal/httpx/validate_fields.go:76.40,89.16 10 1
github.com/xaosmaker/server/internal/httpx/validate_fields.go:89.16,90.54 1 1
github.com/xaosmaker/server/internal/httpx/validate_fields.go:90.54,94.4 1 1
github.com/xaosmaker/server/internal/httpx/validate_fields.go:95.3,95.21 1 1
github.com/xaosmaker/server/internal/httpx/validate_fields.go:98.2,98.12 1 1
github.com/xaosmaker/server/internal/httpx/validate_fields.go:102.44,106.16 3 0
github.com/xaosmaker/server/internal/httpx/validate_fields.go:106.16,108.3 1 0
github.com/xaosmaker/server/internal/httpx/validate_fields.go:109.2,109.12 1 0
github.com/xaosmaker/server/internal/httpx/validate_fields.go:113.66,116.16 3 0
github.com/xaosmaker/server/internal/httpx/validate_fields.go:116.16,118.3 1 0
github.com/xaosmaker/server/internal/httpx/validate_fields.go:120.2,120.12 1 0
github.com/xaosmaker/server/internal/httpx/validators.go:14.60,16.39 2 0
github.com/xaosmaker/server/internal/httpx/validators.go:16.39,18.3 1 0
github.com/xaosmaker/server/internal/httpx/validators.go:20.2,21.16 2 0
github.com/xaosmaker/server/internal/httpx/validators.go:21.16,23.3 1 0
github.com/xaosmaker/server/internal/httpx/validators.go:25.2,25.13 1 0
github.com/xaosmaker/server/internal/httpx/validators.go:29.62,32.39 2 0
github.com/xaosmaker/server/internal/httpx/validators.go:32.39,34.3 1 0
github.com/xaosmaker/server/internal/httpx/validators.go:35.2,37.47 2 0
github.com/xaosmaker/server/internal/httpx/validators.go:41.56,44.39 2 0
github.com/xaosmaker/server/internal/httpx/validators.go:44.39,46.3 1 0
github.com/xaosmaker/server/internal/httpx/validators.go:47.2,49.44 2 0
github.com/xaosmaker/server/internal/httpx/validators.go:53.53,56.39 2 0
github.com/xaosmaker/server/internal/httpx/validators.go:56.39,58.3 1 0
github.com/xaosmaker/server/internal/httpx/validators.go:59.2,61.39 2 0
github.com/xaosmaker/server/internal/httpx/validators.go:64.56,65.45 1 0
github.com/xaosmaker/server/internal/httpx/validators.go:65.45,66.85 1 0
github.com/xaosmaker/server/internal/httpx/validators.go:66.85,67.12 1 0
github.com/xaosmaker/server/internal/httpx/validators.go:69.3,69.15 1 0
github.com/xaosmaker/server/internal/httpx/validators.go:71.2,71.13 1 0
github.com/xaosmaker/server/internal/httpx/validators.go:75.51,78.16 3 0
github.com/xaosmaker/server/internal/httpx/validators.go:78.16,80.3 1 0
github.com/xaosmaker/server/internal/httpx/validators.go:82.2,85.29 4 0
github.com/xaosmaker/server/internal/httpx/validators.go:85.29,87.3 1 0
github.com/xaosmaker/server/internal/httpx/validators.go:88.2,88.40 1 0
github.com/xaosmaker/server/internal/httpx/validators.go:88.40,91.3 1 0
github.com/xaosmaker/server/internal/httpx/validators.go:93.2,93.31 1 0
github.com/xaosmaker/server/internal/httpx/validators.go:93.31,94.58 1 0
github.com/xaosmaker/server/internal/httpx/validators.go:94.58,95.31 1 0
github.com/xaosmaker/server/internal/httpx/validators.go:95.31,97.5 1 0
github.com/xaosmaker/server/internal/httpx/validators.go:97.10,97.38 1 0
github.com/xaosmaker/server/internal/httpx/validators.go:97.38,100.5 1 0
github.com/xaosmaker/server/internal/httpx/validators.go:105.2,105.29 1 0
github.com/xaosmaker/server/internal/jobs/handlers.go:32.72,36.20 3 0
github.com/xaosmaker/server/internal/jobs/handlers.go:36.20,39.3 2 0
github.com/xaosmaker/server/internal/jobs/handlers.go:40.2,41.65 2 0
github.com/xaosmaker/server/internal/jobs/handlers.go:41.65,44.3 2 0
github.com/xaosmaker/server/internal/jobs/handlers.go:45.2,45.72 1 0
github.com/xaosmaker/server/internal/jobs/handlers.go:45.72,46.40 1 0
github.com/xaosmaker/server/internal/jobs/handlers.go:46.40,50.4 2 0
github.com/xaosmaker/server/internal/jobs/handlers.go:51.3,51.47 1 0
github.com/xaosmaker/server/internal/jobs/handlers.go:51.47,53.53 1 0
github.com/xaosmaker/server/internal/jobs/handlers.go:53.53,57.5 2 0
github.com/xaosmaker/server/internal/jobs/handlers.go:59.3,59.21 1 0
github.com/xaosmaker/server/internal/jobs/handlers.go:61.2,65.16 2 0
github.com/xaosmaker/server/internal/jobs/handlers.go:65.16,68.3 2 0
github.com/xaosmaker/server/internal/jobs/handlers.go:70.2,71.16 2 0
github.com/xaosmaker/server/internal/jobs/handlers.go:71.16,74.3 2 0
github.com/xaosmaker/server/internal/jobs/handlers.go:75.2,75.32 1 0
github.com/xaosmaker/server/internal/jobs/handlers.go:75.32,78.3 2 0
github.com/xaosmaker/server/internal/jobs/handlers.go:80.2,87.16 2 0
github.com/xaosmaker/server/internal/jobs/handlers.go:87.16,90.3 2 0
github.com/xaosmaker/server/internal/jobs/handlers.go:91.2,91.17 1 0
github.com/xaosmaker/server/internal/jobs/handlers.go:91.17,92.45 1 0
github.com/xaosmaker/server/internal/jobs/handlers.go:92.45,98.18 2 0
github.com/xaosmaker/server/internal/jobs/handlers.go:98.18,101.5 2 0
github.com/xaosmaker/server/internal/jobs/handlers.go:105.2,106.16 2 0
github.com/xaosmaker/server/internal/jobs/handlers.go:106.16,109.3 2 0
github.com/xaosmaker/server/internal/jobs/handlers.go:111.2,112.16 2 0
github.com/xaosmaker/server/internal/jobs/handlers.go:115.73,117.20 2 0
github.com/xaosmaker/server/internal/jobs/handlers.go:117.20,120.3 2 0
github.com/xaosmaker/server/internal/jobs/handlers.go:121.2,122.20 2 0
github.com/xaosmaker/server/internal/jobs/handlers.go:122.20,125.3 2 0
github.com/xaosmaker/server/internal/jobs/handlers.go:126.2,126.108 1 0
github.com/xaosmaker/server/internal/jobs/handlers.go:126.108,129.3 2 0
github.com/xaosmaker/server/internal/jobs/handlers.go:131.2,131.69 1 0
github.com/xaosmaker/server/internal/jobs/handlers.go:131.69,135.3 2 0
github.com/xaosmaker/server/internal/jobs/handlers.go:137.2,138.16 2 0
github.com/xaosmaker/server/internal/jobs/handlers.go:138.16,141.3 2 0
github.com/xaosmaker/server/internal/jobs/handlers.go:143.2,144.27 2 0
github.com/xaosmaker/server/internal/jobs/handlers.go:144.27,146.3 1 0
github.com/xaosmaker/server/internal/jobs/handlers.go:148.2,149.16 2 0
github.com/xaosmaker/server/internal/jobs/handlers.go:149.16,152.3 2 0
github.com/xaosmaker/server/internal/jobs/handlers.go:153.2,154.15 2 0
github.com/xaosmaker/server/internal/jobs/handlers.go:157.76,161.20 2 0
github.com/xaosmaker/server/internal/jobs/handlers.go:161.20,164.3 2 0
github.com/xaosmaker/server/internal/jobs/handlers.go:166.2,167.20 2 0
github.com/xaosmaker/server/internal/jobs/handlers.go:167.20,170.3 2 0
github.com/xaosmaker/server/internal/jobs/handlers.go:172.2,173.20 2 0
github.com/xaosmaker/server/internal/jobs/handlers.go:173.20,176.3 2 0
github.com/xaosmaker/server/internal/jobs/handlers.go:178.2,182.16 2 0
github.com/xaosmaker/server/internal/jobs/handlers.go:182.16,184.3 1 0
github.com/xaosmaker/server/internal/jobs/handlers.go:185.2,191.16 2 0
github.com/xaosmaker/server/internal/jobs/handlers.go:191.16,194.3 2 0
github.com/xaosmaker/server/internal/jobs/handlers.go:195.2,198.16 3 0
github.com/xaosmaker/server/internal/jobs/handlers.go:198.16,201.3 2 0
github.com/xaosmaker/server/internal/jobs/handlers.go:202.2,203.15 2 0
github.com/xaosmaker/server/internal/jobs/jobsRouter.go:9.49,15.2 3 1
github.com/xaosmaker/server/internal/jobs/jobsRouter.go:17.45,28.2 5 1
github.com/xaosmaker/server/internal/jobs/jobs_dto.go:25.69,40.2 1 0
github.com/xaosmaker/server/internal/jobs/jobs_dto.go:42.62,56.2 1 0
github.com/xaosmaker/server/internal/middlewares/trail_slash_error_middleware.go:10.64,12.71 1 1
github.com/xaosmaker/server/internal/middlewares/trail_slash_error_middleware.go:12.71,13.41 1 1
github.com/xaosmaker/server/internal/middlewares/trail_slash_error_middleware.go:13.41,16.4 2 1
github.com/xaosmaker/server/internal/middlewares/trail_slash_error_middleware.go:18.3,18.23 1 1
github.com/xaosmaker/server/internal/seasons/handlers.go:16.78,26.20 3 0
github.com/xaosmaker/server/internal/seasons/handlers.go:26.20,29.3 2 0
github.com/xaosmaker/server/internal/seasons/handlers.go:31.2,32.20 2 0
github.com/xaosmaker/server/internal/seasons/handlers.go:32.20,35.3 2 0
github.com/xaosmaker/server/internal/seasons/handlers.go:37.2,38.72 2 0
github.com/xaosmaker/server/internal/seasons/handlers.go:38.72,41.3 2 0
github.com/xaosmaker/server/internal/seasons/handlers.go:42.2,42.108 1 0
github.com/xaosmaker/server/internal/seasons/handlers.go:42.108,45.3 2 0
github.com/xaosmaker/server/internal/seasons/handlers.go:47.2,48.16 2 0
github.com/xaosmaker/server/internal/seasons/handlers.go:48.16,51.3 2 0
github.com/xaosmaker/server/internal/seasons/handlers.go:55.2,55.36 1 0
github.com/xaosmaker/server/internal/seasons/handlers.go:55.36,58.46 3 0
github.com/xaosmaker/server/internal/seasons/handlers.go:58.46,61.4 2 0
github.com/xaosmaker/server/internal/seasons/handlers.go:65.2,65.35 1 0
github.com/xaosmaker/server/internal/seasons/handlers.go:65.35,68.57 3 0
github.com/xaosmaker/server/internal/seasons/handlers.go:68.57,72.4 2 0
github.com/xaosmaker/server/internal/seasons/handlers.go:75.2,75.32 1 0
github.com/xaosmaker/server/internal/seasons/handlers.go:75.32,78.3 2 0
github.com/xaosmaker/server/internal/seasons/handlers.go:80.2,80.36 1 0
github.com/xaosmaker/server/internal/seasons/handlers.go:80.36,82.53 2 0
github.com/xaosmaker/server/internal/seasons/handlers.go:82.53,84.95 2 0
github.com/xaosmaker/server/internal/seasons/handlers.go:84.95,87.5 2 0
github.com/xaosmaker/server/internal/seasons/handlers.go:91.2,99.20 2 0
github.com/xaosmaker/server/internal/seasons/handlers.go:103.78,105.20 2 0
github.com/xaosmaker/server/internal/seasons/handlers.go:105.20,108.3 2 0
github.com/xaosmaker/server/internal/seasons/handlers.go:109.2,110.20 2 0
github.com/xaosmaker/server/internal/seasons/handlers.go:110.20,113.3 2 0
github.com/xaosmaker/server/internal/seasons/handlers.go:115.2,115.108 1 0
github.com/xaosmaker/server/internal/seasons/handlers.go:115.108,118.3 2 0
github.com/xaosmaker/server/internal/seasons/handlers.go:120.2,121.16 2 0
github.com/xaosmaker/server/internal/seasons/handlers.go:121.16,124.3 2 0
github.com/xaosmaker/server/internal/seasons/handlers.go:125.2,125.20 1 0
github.com/xaosmaker/server/internal/seasons/handlers.go:129.82,131.20 2 0
github.com/xaosmaker/server/internal/seasons/handlers.go:131.20,134.3 2 0
github.com/xaosmaker/server/internal/seasons/handlers.go:136.2,137.20 2 0
github.com/xaosmaker/server/internal/seasons/handlers.go:137.20,140.3 2 0
github.com/xaosmaker/server/internal/seasons/handlers.go:142.2,144.16 2 0
github.com/xaosmaker/server/internal/seasons/handlers.go:144.16,147.3 2 0
github.com/xaosmaker/server/internal/seasons/handlers.go:149.2,153.16 2 0
github.com/xaosmaker/server/internal/seasons/handlers.go:153.16,156.3 2 0
github.com/xaosmaker/server/internal/seasons/handlers.go:157.2,159.15 3 0
github.com/xaosmaker/server/internal/seasons/handlers.go:162.78,170.72 3 0
github.com/xaosmaker/server/internal/seasons/handlers.go:170.72,174.3 2 0
github.com/xaosmaker/server/internal/seasons/handlers.go:175.2,176.20 2 0
github.com/xaosmaker/server/internal/seasons/handlers.go:176.20,179.3 2 0
github.com/xaosmaker/server/internal/seasons/handlers.go:181.2,183.20 3 0
github.com/xaosmaker/server/internal/seasons/handlers.go:183.20,186.3 2 0
github.com/xaosmaker/server/internal/seasons/handlers.go:188.2,192.16 2 0
github.com/xaosmaker/server/internal/seasons/handlers.go:192.16,195.3 2 0
github.com/xaosmaker/server/internal/seasons/handlers.go:196.2,196.106 1 0
github.com/xaosmaker/server/internal/seasons/handlers.go:196.106,199.3 2 0
github.com/xaosmaker/server/internal/seasons/handlers.go:200.2,207.16 2 0
github.com/xaosmaker/server/internal/seasons/handlers.go:207.16,209.3 1 0
github.com/xaosmaker/server/internal/seasons/handlers.go:210.2,210.20 1 0
github.com/xaosmaker/server/internal/seasons/handlers.go:214.79,216.20 2 0
github.com/xaosmaker/server/internal/seasons/handlers.go:216.20,219.3 2 0
github.com/xaosmaker/server/internal/seasons/handlers.go:220.2,221.20 2 0
github.com/xaosmaker/server/internal/seasons/handlers.go:221.20,224.3 2 0
github.com/xaosmaker/server/internal/seasons/handlers.go:225.2,229.16 2 0
github.com/xaosmaker/server/internal/seasons/handlers.go:229.16,232.3 2 0
github.com/xaosmaker/server/internal/seasons/handlers.go:233.2,235.33 3 0
github.com/xaosmaker/server/internal/seasons/handlers.go:235.33,238.3 1 0
github.com/xaosmaker/server/internal/seasons/handlers.go:239.2,240.16 2 0
github.com/xaosmaker/server/internal/seasons/handlers.go:240.16,242.3 1 0
github.com/xaosmaker/server/internal/seasons/handlers.go:243.2,244.25 2 0
github.com/xaosmaker/server/internal/seasons/season_dto.go:28.84,45.2 1 0
github.com/xaosmaker/server/internal/seasons/season_dto.go:47.84,64.2 1 0
github.com/xaosmaker/server/internal/seasons/seasons_router.go:9.58,17.2 5 1
github.com/xaosmaker/server/internal/seasons/seasons_router.go:19.48,30.2 6 1
github.com/xaosmaker/server/internal/supplies/handlers.go:12.79,14.20 2 0
github.com/xaosmaker/server/internal/supplies/handlers.go:14.20,17.3 2 0
github.com/xaosmaker/server/internal/supplies/handlers.go:18.2,19.20 2 0
github.com/xaosmaker/server/internal/supplies/handlers.go:19.20,22.3 2 0
github.com/xaosmaker/server/internal/supplies/handlers.go:24.2,31.64 3 0
github.com/xaosmaker/server/internal/supplies/handlers.go:31.64,34.3 2 0
github.com/xaosmaker/server/internal/supplies/handlers.go:35.2,38.17 1 0
github.com/xaosmaker/server/internal/supplies/handlers.go:38.17,41.3 2 0
github.com/xaosmaker/server/internal/supplies/handlers.go:42.2,49.16 2 0
github.com/xaosmaker/server/internal/supplies/handlers.go:49.16,52.3 2 0
github.com/xaosmaker/server/internal/supplies/handlers.go:53.2,53.20 1 0
github.com/xaosmaker/server/internal/supplies/handlers.go:57.79,59.20 2 0
github.com/xaosmaker/server/internal/supplies/handlers.go:59.20,62.3 2 0
github.com/xaosmaker/server/internal/supplies/handlers.go:64.2,71.56 3 0
github.com/xaosmaker/server/internal/supplies/handlers.go:71.56,74.3 2 0
github.com/xaosmaker/server/internal/supplies/handlers.go:75.2,82.16 2 0
github.com/xaosmaker/server/internal/supplies/handlers.go:82.16,83.45 1 0
github.com/xaosmaker/server/internal/supplies/handlers.go:83.45,86.4 2 0
github.com/xaosmaker/server/internal/supplies/handlers.go:87.3,88.9 2 0
github.com/xaosmaker/server/internal/supplies/handlers.go:90.2,91.16 2 0
github.com/xaosmaker/server/internal/supplies/handlers.go:91.16,94.3 2 0
github.com/xaosmaker/server/internal/supplies/handlers.go:95.2,96.15 2 0
github.com/xaosmaker/server/internal/supplies/handlers.go:99.83,102.20 2 0
github.com/xaosmaker/server/internal/supplies/handlers.go:102.20,105.3 2 0
github.com/xaosmaker/server/internal/supplies/handlers.go:107.2,108.20 2 0
github.com/xaosmaker/server/internal/supplies/handlers.go:108.20,111.3 2 0
github.com/xaosmaker/server/internal/supplies/handlers.go:113.2,119.16 3 0
github.com/xaosmaker/server/internal/supplies/handlers.go:119.16,122.3 2 0
github.com/xaosmaker/server/internal/supplies/handlers.go:124.2,125.27 2 0
github.com/xaosmaker/server/internal/supplies/handlers.go:129.81,132.20 2 0
github.com/xaosmaker/server/internal/supplies/handlers.go:132.20,135.3 2 0
github.com/xaosmaker/server/internal/supplies/handlers.go:137.2,138.16 2 0
github.com/xaosmaker/server/internal/supplies/handlers.go:138.16,142.3 2 0
github.com/xaosmaker/server/internal/supplies/handlers.go:144.2,145.34 2 0
github.com/xaosmaker/server/internal/supplies/handlers.go:145.34,147.3 1 0
github.com/xaosmaker/server/internal/supplies/handlers.go:149.2,150.16 2 0
github.com/xaosmaker/server/internal/supplies/handlers.go:150.16,153.3 2 0
github.com/xaosmaker/server/internal/supplies/handlers.go:155.2,156.34 2 0
github.com/xaosmaker/server/internal/supplies/handlers.go:159.79,161.20 2 0
github.com/xaosmaker/server/internal/supplies/handlers.go:161.20,164.3 2 0
github.com/xaosmaker/server/internal/supplies/handlers.go:166.2,167.20 2 0
github.com/xaosmaker/server/internal/supplies/handlers.go:167.20,170.3 2 0
github.com/xaosmaker/server/internal/supplies/handlers.go:172.2,176.16 2 0
github.com/xaosmaker/server/internal/supplies/handlers.go:176.16,179.3 2 0
github.com/xaosmaker/server/internal/supplies/handlers.go:181.2,181.20 1 0
github.com/xaosmaker/server/internal/supplies/supplies_dto.go:19.51,30.2 1 0
github.com/xaosmaker/server/internal/supplies/supplies_router.go:9.50,15.2 5 1
github.com/xaosmaker/server/internal/supplies/supplies_router.go:17.49,25.2 6 1
github.com/xaosmaker/server/internal/user_settings/handlers.go:11.82,15.16 3 0
github.com/xaosmaker/server/internal/user_settings/handlers.go:15.16,18.3 2 0
github.com/xaosmaker/server/internal/user_settings/handlers.go:19.2,20.16 2 0
github.com/xaosmaker/server/internal/user_settings/handlers.go:20.16,22.3 1 0
github.com/xaosmaker/server/internal/user_settings/handlers.go:23.2,24.26 2 0
github.com/xaosmaker/server/internal/user_settings/handlers.go:28.85,35.58 4 0
github.com/xaosmaker/server/internal/user_settings/handlers.go:35.58,38.3 2 0
github.com/xaosmaker/server/internal/user_settings/handlers.go:40.2,44.16 2 0
github.com/xaosmaker/server/internal/user_settings/handlers.go:44.16,46.3 1 0
github.com/xaosmaker/server/internal/user_settings/handlers.go:47.2,47.20 1 0
github.com/xaosmaker/server/internal/user_settings/settings_dto.go:17.56,26.2 1 0
github.com/xaosmaker/server/internal/user_settings/user_settings_router.go:9.54,18.2 5 1
github.com/xaosmaker/server/internal/utils/str_time_conv.go:5.53,13.14 1 0
github.com/xaosmaker/server/internal/utils/str_time_conv.go:13.14,15.3 1 0
github.com/xaosmaker/server/internal/utils/str_time_conv.go:17.2,18.16 2 0
github.com/xaosmaker/server/internal/utils/str_time_conv.go:18.16,20.3 1 0
github.com/xaosmaker/server/internal/utils/str_time_conv.go:21.2,21.11 1 0
github.com/xaosmaker/server/internal/seasons/handlers.go:16.78,26.20 3 0
github.com/xaosmaker/server/internal/seasons/handlers.go:26.20,29.3 2 0
github.com/xaosmaker/server/internal/seasons/handlers.go:31.2,32.20 2 0
github.com/xaosmaker/server/internal/seasons/handlers.go:32.20,35.3 2 0
github.com/xaosmaker/server/internal/seasons/handlers.go:37.2,38.72 2 0
github.com/xaosmaker/server/internal/seasons/handlers.go:38.72,41.3 2 0
github.com/xaosmaker/server/internal/seasons/handlers.go:42.2,42.108 1 0
github.com/xaosmaker/server/internal/seasons/handlers.go:42.108,45.3 2 0
github.com/xaosmaker/server/internal/seasons/handlers.go:47.2,48.16 2 0
github.com/xaosmaker/server/internal/seasons/handlers.go:48.16,51.3 2 0
github.com/xaosmaker/server/internal/seasons/handlers.go:55.2,55.36 1 0
github.com/xaosmaker/server/internal/seasons/handlers.go:55.36,58.46 3 0
github.com/xaosmaker/server/internal/seasons/handlers.go:58.46,61.4 2 0
github.com/xaosmaker/server/internal/seasons/handlers.go:65.2,65.35 1 0
github.com/xaosmaker/server/internal/seasons/handlers.go:65.35,68.57 3 0
github.com/xaosmaker/server/internal/seasons/handlers.go:68.57,72.4 2 0
github.com/xaosmaker/server/internal/seasons/handlers.go:75.2,75.32 1 0
github.com/xaosmaker/server/internal/seasons/handlers.go:75.32,78.3 2 0
github.com/xaosmaker/server/internal/seasons/handlers.go:80.2,80.36 1 0
github.com/xaosmaker/server/internal/seasons/handlers.go:80.36,82.53 2 0
github.com/xaosmaker/server/internal/seasons/handlers.go:82.53,84.95 2 0
github.com/xaosmaker/server/internal/seasons/handlers.go:84.95,87.5 2 0
github.com/xaosmaker/server/internal/seasons/handlers.go:91.2,99.20 2 0
github.com/xaosmaker/server/internal/seasons/handlers.go:103.78,105.20 2 0
github.com/xaosmaker/server/internal/seasons/handlers.go:105.20,108.3 2 0
github.com/xaosmaker/server/internal/seasons/handlers.go:109.2,110.20 2 0
github.com/xaosmaker/server/internal/seasons/handlers.go:110.20,113.3 2 0
github.com/xaosmaker/server/internal/seasons/handlers.go:115.2,115.108 1 0
github.com/xaosmaker/server/internal/seasons/handlers.go:115.108,118.3 2 0
github.com/xaosmaker/server/internal/seasons/handlers.go:120.2,121.16 2 0
github.com/xaosmaker/server/internal/seasons/handlers.go:121.16,124.3 2 0
github.com/xaosmaker/server/internal/seasons/handlers.go:125.2,125.20 1 0
github.com/xaosmaker/server/internal/seasons/handlers.go:129.82,131.20 2 0
github.com/xaosmaker/server/internal/seasons/handlers.go:131.20,134.3 2 0
github.com/xaosmaker/server/internal/seasons/handlers.go:136.2,137.20 2 0
github.com/xaosmaker/server/internal/seasons/handlers.go:137.20,140.3 2 0
github.com/xaosmaker/server/internal/seasons/handlers.go:142.2,144.16 2 0
github.com/xaosmaker/server/internal/seasons/handlers.go:144.16,147.3 2 0
github.com/xaosmaker/server/internal/seasons/handlers.go:149.2,153.16 2 0
github.com/xaosmaker/server/internal/seasons/handlers.go:153.16,156.3 2 0
github.com/xaosmaker/server/internal/seasons/handlers.go:157.2,159.15 3 0
github.com/xaosmaker/server/internal/seasons/handlers.go:162.78,170.72 3 0
github.com/xaosmaker/server/internal/seasons/handlers.go:170.72,174.3 2 0
github.com/xaosmaker/server/internal/seasons/handlers.go:175.2,176.20 2 0
github.com/xaosmaker/server/internal/seasons/handlers.go:176.20,179.3 2 0
github.com/xaosmaker/server/internal/seasons/handlers.go:181.2,183.20 3 0
github.com/xaosmaker/server/internal/seasons/handlers.go:183.20,186.3 2 0
github.com/xaosmaker/server/internal/seasons/handlers.go:188.2,192.16 2 0
github.com/xaosmaker/server/internal/seasons/handlers.go:192.16,195.3 2 0
github.com/xaosmaker/server/internal/seasons/handlers.go:196.2,196.106 1 0
github.com/xaosmaker/server/internal/seasons/handlers.go:196.106,199.3 2 0
github.com/xaosmaker/server/internal/seasons/handlers.go:200.2,207.16 2 0
github.com/xaosmaker/server/internal/seasons/handlers.go:207.16,209.3 1 0
github.com/xaosmaker/server/internal/seasons/handlers.go:210.2,210.20 1 0
github.com/xaosmaker/server/internal/seasons/handlers.go:214.79,216.20 2 0
github.com/xaosmaker/server/internal/seasons/handlers.go:216.20,219.3 2 0
github.com/xaosmaker/server/internal/seasons/handlers.go:220.2,221.20 2 0
github.com/xaosmaker/server/internal/seasons/handlers.go:221.20,224.3 2 0
github.com/xaosmaker/server/internal/seasons/handlers.go:225.2,229.16 2 0
github.com/xaosmaker/server/internal/seasons/handlers.go:229.16,232.3 2 0
github.com/xaosmaker/server/internal/seasons/handlers.go:233.2,235.33 3 0
github.com/xaosmaker/server/internal/seasons/handlers.go:235.33,238.3 1 0
github.com/xaosmaker/server/internal/seasons/handlers.go:239.2,240.16 2 0
github.com/xaosmaker/server/internal/seasons/handlers.go:240.16,242.3 1 0
github.com/xaosmaker/server/internal/seasons/handlers.go:243.2,244.25 2 0
github.com/xaosmaker/server/internal/seasons/season_dto.go:28.84,45.2 1 0
github.com/xaosmaker/server/internal/seasons/season_dto.go:47.84,64.2 1 0
github.com/xaosmaker/server/internal/seasons/seasons_router.go:9.58,17.2 5 0
github.com/xaosmaker/server/internal/seasons/seasons_router.go:19.48,30.2 6 0
github.com/xaosmaker/server/internal/field/field_dto.go:26.65,42.2 1 0
github.com/xaosmaker/server/internal/field/field_router.go:9.52,17.2 5 0
github.com/xaosmaker/server/internal/field/field_router.go:19.46,30.2 6 0
github.com/xaosmaker/server/internal/field/handlers.go:32.75,34.20 2 0
github.com/xaosmaker/server/internal/field/handlers.go:34.20,37.3 2 0
github.com/xaosmaker/server/internal/field/handlers.go:38.2,39.20 2 0
github.com/xaosmaker/server/internal/field/handlers.go:39.20,42.3 2 0
github.com/xaosmaker/server/internal/field/handlers.go:44.2,48.16 2 0
[...]
github.com/xaosmaker/server/internal/httpx/validate_fields.go:26.15,27.40 1 0
github.com/xaosmaker/server/internal/httpx/validate_fields.go:28.23,29.82 1 0
github.com/xaosmaker/server/internal/httpx/validate_fields.go:30.15,31.76 1 0
github.com/xaosmaker/server/internal/httpx/validate_fields.go:32.17,33.97 1 0
github.com/xaosmaker/server/internal/httpx/validate_fields.go:34.24,35.133 1 0
github.com/xaosmaker/server/internal/httpx/validate_fields.go:36.17,37.61 1 0
github.com/xaosmaker/server/internal/httpx/validate_fields.go:38.23,39.102 1 0
github.com/xaosmaker/server/internal/httpx/validate_fields.go:40.29,41.105 1 0
github.com/xaosmaker/server/internal/httpx/validate_fields.go:42.23,43.85 1 0
github.com/xaosmaker/server/internal/httpx/validate_fields.go:44.10,45.69 1 0
github.com/xaosmaker/server/internal/httpx/validate_fields.go:50.50,54.33 2 0
github.com/xaosmaker/server/internal/httpx/validate_fields.go:54.33,56.3 1 0
github.com/xaosmaker/server/internal/httpx/validate_fields.go:58.2,58.32 1 0
github.com/xaosmaker/server/internal/httpx/validate_fields.go:58.32,60.3 1 0
github.com/xaosmaker/server/internal/httpx/validate_fields.go:62.2,64.9 2 0
github.com/xaosmaker/server/internal/httpx/validate_fields.go:64.9,66.3 1 0
github.com/xaosmaker/server/internal/httpx/validate_fields.go:68.2,70.15 2 0
github.com/xaosmaker/server/internal/httpx/validate_fields.go:70.15,72.3 1 0
github.com/xaosmaker/server/internal/httpx/validate_fields.go:73.2,73.15 1 0
github.com/xaosmaker/server/internal/httpx/validate_fields.go:76.40,89.16 10 0
github.com/xaosmaker/server/internal/httpx/validate_fields.go:89.16,90.54 1 0
github.com/xaosmaker/server/internal/httpx/validate_fields.go:90.54,94.4 1 0
github.com/xaosmaker/server/internal/httpx/validate_fields.go:95.3,95.21 1 0
github.com/xaosmaker/server/internal/httpx/validate_fields.go:98.2,98.12 1 0
github.com/xaosmaker/server/internal/httpx/validate_fields.go:102.44,106.16 3 0
github.com/xaosmaker/server/internal/httpx/validate_fields.go:106.16,108.3 1 0
github.com/xaosmaker/server/internal/httpx/validate_fields.go:109.2,109.12 1 0
github.com/xaosmaker/server/internal/httpx/validate_fields.go:113.66,116.16 3 0
github.com/xaosmaker/server/internal/httpx/validate_fields.go:116.16,118.3 1 0
github.com/xaosmaker/server/internal/httpx/validate_fields.go:120.2,120.12 1 0
github.com/xaosmaker/server/internal/httpx/validators.go:14.60,16.39 2 0
github.com/xaosmaker/server/internal/httpx/validators.go:16.39,18.3 1 0
github.com/xaosmaker/server/internal/httpx/validators.go:20.2,21.16 2 0
github.com/xaosmaker/server/internal/httpx/validators.go:21.16,23.3 1 0
github.com/xaosmaker/server/internal/httpx/validators.go:25.2,25.13 1 0
github.com/xaosmaker/server/internal/httpx/validators.go:29.62,32.39 2 0
github.com/xaosmaker/server/internal/httpx/validators.go:32.39,34.3 1 0
github.com/xaosmaker/server/internal/httpx/validators.go:35.2,37.47 2 0
github.com/xaosmaker/server/internal/httpx/validators.go:41.56,44.39 2 0
github.com/xaosmaker/server/internal/httpx/validators.go:44.39,46.3 1 0
github.com/xaosmaker/server/internal/httpx/validators.go:47.2,49.44 2 0
github.com/xaosmaker/server/internal/httpx/validators.go:53.53,56.39 2 0
github.com/xaosmaker/server/internal/httpx/validators.go:56.39,58.3 1 0
github.com/xaosmaker/server/internal/httpx/validators.go:59.2,61.39 2 0
github.com/xaosmaker/server/internal/httpx/validators.go:64.56,65.45 1 0
github.com/xaosmaker/server/internal/httpx/validators.go:65.45,66.85 1 0
github.com/xaosmaker/server/internal/httpx/validators.go:66.85,67.12 1 0
github.com/xaosmaker/server/internal/httpx/validators.go:69.3,69.15 1 0
github.com/xaosmaker/server/internal/httpx/validators.go:71.2,71.13 1 0
github.com/xaosmaker/server/internal/httpx/validators.go:75.51,78.16 3 0
github.com/xaosmaker/server/internal/httpx/validators.go:78.16,80.3 1 0
github.com/xaosmaker/server/internal/httpx/validators.go:82.2,85.29 4 0
github.com/xaosmaker/server/internal/httpx/validators.go:85.29,87.3 1 0
github.com/xaosmaker/server/internal/httpx/validators.go:88.2,88.40 1 0
github.com/xaosmaker/server/internal/httpx/validators.go:88.40,91.3 1 0
github.com/xaosmaker/server/internal/httpx/validators.go:93.2,93.31 1 0
github.com/xaosmaker/server/internal/httpx/validators.go:93.31,94.58 1 0
github.com/xaosmaker/server/internal/httpx/validators.go:94.58,95.31 1 0
github.com/xaosmaker/server/internal/httpx/validators.go:95.31,97.5 1 0
github.com/xaosmaker/server/internal/httpx/validators.go:97.10,97.38 1 0
github.com/xaosmaker/server/internal/httpx/validators.go:97.38,100.5 1 0
github.com/xaosmaker/server/internal/httpx/validators.go:105.2,105.29 1 0
github.com/xaosmaker/server/internal/auth/auth.go:18.82,26.2 2 0
github.com/xaosmaker/server/internal/auth/auth.go:28.54,30.94 2 0
github.com/xaosmaker/server/internal/auth/auth.go:30.94,34.3 1 0
github.com/xaosmaker/server/internal/auth/auth.go:36.2,36.16 1 0
github.com/xaosmaker/server/internal/auth/auth.go:36.16,38.3 1 0
github.com/xaosmaker/server/internal/auth/auth.go:40.2,41.16 2 0
github.com/xaosmaker/server/internal/auth/auth.go:41.16,43.3 1 0
github.com/xaosmaker/server/internal/auth/auth.go:45.2,45.16 1 0
github.com/xaosmaker/server/internal/auth/auth_middleware.go:13.69,14.71 1 0
github.com/xaosmaker/server/internal/auth/auth_middleware.go:14.71,15.90 1 0
github.com/xaosmaker/server/internal/auth/auth_middleware.go:15.90,18.4 2 0
github.com/xaosmaker/server/internal/auth/auth_middleware.go:20.3,21.17 2 0
github.com/xaosmaker/server/internal/auth/auth_middleware.go:21.17,25.4 3 0
github.com/xaosmaker/server/internal/auth/auth_middleware.go:26.3,28.17 2 0
github.com/xaosmaker/server/internal/auth/auth_middleware.go:28.17,32.4 3 0
github.com/xaosmaker/server/internal/auth/auth_middleware.go:33.3,35.17 2 0
github.com/xaosmaker/server/internal/auth/auth_middleware.go:35.17,39.4 3 0
github.com/xaosmaker/server/internal/auth/auth_middleware.go:40.3,41.17 2 0
github.com/xaosmaker/server/internal/auth/auth_middleware.go:41.17,45.4 3 0
github.com/xaosmaker/server/internal/auth/auth_middleware.go:46.3,48.23 3 0
github.com/xaosmaker/server/internal/auth/get_cookie.go:8.62,10.31 2 0
github.com/xaosmaker/server/internal/auth/get_cookie.go:10.31,11.24 1 0
github.com/xaosmaker/server/internal/auth/get_cookie.go:11.24,13.4 1 0
github.com/xaosmaker/server/internal/auth/get_cookie.go:15.2,15.43 1 0
github.com/xaosmaker/server/internal/auth/hadlers.go:19.72,27.53 5 0
github.com/xaosmaker/server/internal/auth/hadlers.go:27.53,30.3 2 0
github.com/xaosmaker/server/internal/auth/hadlers.go:32.2,34.16 2 0
github.com/xaosmaker/server/internal/auth/hadlers.go:34.16,37.3 2 0
github.com/xaosmaker/server/internal/auth/hadlers.go:38.2,38.54 1 0
github.com/xaosmaker/server/internal/auth/hadlers.go:38.54,41.3 2 0
github.com/xaosmaker/server/internal/auth/hadlers.go:42.2,44.15 3 0
github.com/xaosmaker/server/internal/auth/hadlers.go:44.15,46.3 1 0
github.com/xaosmaker/server/internal/auth/hadlers.go:47.2,48.16 2 0
github.com/xaosmaker/server/internal/auth/hadlers.go:48.16,53.3 3 0
github.com/xaosmaker/server/internal/auth/hadlers.go:54.2,76.16 6 0
github.com/xaosmaker/server/internal/auth/hadlers.go:76.16,79.3 2 0
github.com/xaosmaker/server/internal/auth/hadlers.go:81.2,84.16 3 0
github.com/xaosmaker/server/internal/auth/hadlers.go:84.16,88.3 1 0
github.com/xaosmaker/server/internal/auth/hadlers.go:92.73,100.23 4 0
github.com/xaosmaker/server/internal/auth/hadlers.go:100.23,103.3 2 0
github.com/xaosmaker/server/internal/auth/hadlers.go:105.2,111.16 4 0
github.com/xaosmaker/server/internal/auth/hadlers.go:111.16,112.45 1 0
github.com/xaosmaker/server/internal/auth/hadlers.go:112.45,115.4 2 0
github.com/xaosmaker/server/internal/auth/hadlers.go:116.3,117.9 2 0
github.com/xaosmaker/server/internal/auth/hadlers.go:119.2,119.20 1 0
github.com/xaosmaker/server/internal/auth/hash_passwords.go:9.46,11.16 2 0
github.com/xaosmaker/server/internal/auth/hash_passwords.go:11.16,14.3 2 0
github.com/xaosmaker/server/internal/auth/hash_passwords.go:15.2,15.14 1 0
github.com/xaosmaker/server/internal/auth/hash_passwords.go:18.52,20.16 2 0
github.com/xaosmaker/server/internal/auth/hash_passwords.go:20.16,22.3 1 0
github.com/xaosmaker/server/internal/auth/hash_passwords.go:23.2,23.18 1 0
github.com/xaosmaker/server/internal/jobs/handlers.go:32.72,36.20 3 0
github.com/xaosmaker/server/internal/jobs/handlers.go:36.20,39.3 2 0
github.com/xaosmaker/server/internal/jobs/handlers.go:40.2,41.65 2 0
github.com/xaosmaker/server/internal/jobs/handlers.go:41.65,44.3 2 0
github.com/xaosmaker/server/internal/jobs/handlers.go:45.2,45.72 1 0
github.com/xaosmaker/server/internal/jobs/handlers.go:45.72,46.40 1 0
github.com/xaosmaker/server/internal/jobs/handlers.go:46.40,50.4 2 0
github.com/xaosmaker/server/internal/jobs/handlers.go:51.3,51.47 1 0
github.com/xaosmaker/server/internal/jobs/handlers.go:51.47,53.53 1 0
github.com/xaosmaker/server/internal/jobs/handlers.go:53.53,57.5 2 0
github.com/xaosmaker/server/internal/jobs/handlers.go:59.3,59.21 1 0
github.com/xaosmaker/server/internal/jobs/handlers.go:61.2,65.16 2 0
github.com/xaosmaker/server/internal/jobs/handlers.go:65.16,68.3 2 0
github.com/xaosmaker/server/internal/jobs/handlers.go:70.2,71.16 2 0
github.com/xaosmaker/server/internal/jobs/handlers.go:71.16,74.3 2 0
github.com/xaosmaker/server/internal/jobs/handlers.go:75.2,75.32 1 0
github.com/xaosmaker/server/internal/jobs/handlers.go:75.32,78.3 2 0
github.com/xaosmaker/server/internal/jobs/handlers.go:80.2,87.16 2 0
github.com/xaosmaker/server/internal/jobs/handlers.go:87.16,90.3 2 0
github.com/xaosmaker/server/internal/jobs/handlers.go:91.2,91.17 1 0
github.com/xaosmaker/server/internal/jobs/handlers.go:91.17,92.45 1 0
github.com/xaosmaker/server/internal/jobs/handlers.go:92.45,98.18 2 0
github.com/xaosmaker/server/internal/jobs/handlers.go:98.18,101.5 2 0
github.com/xaosmaker/server/internal/jobs/handlers.go:105.2,106.16 2 0
github.com/xaosmaker/server/internal/jobs/handlers.go:106.16,109.3 2 0
github.com/xaosmaker/server/internal/jobs/handlers.go:111.2,112.16 2 0
github.com/xaosmaker/server/internal/jobs/handlers.go:115.73,117.20 2 0
github.com/xaosmaker/server/internal/jobs/handlers.go:117.20,120.3 2 0
github.com/xaosmaker/server/internal/jobs/handlers.go:121.2,122.20 2 0
github.com/xaosmaker/server/internal/jobs/handlers.go:122.20,125.3 2 0
github.com/xaosmaker/server/internal/jobs/handlers.go:126.2,126.108 1 0
github.com/xaosmaker/server/internal/jobs/handlers.go:126.108,129.3 2 0
github.com/xaosmaker/server/internal/jobs/handlers.go:131.2,131.69 1 0
github.com/xaosmaker/server/internal/jobs/handlers.go:131.69,135.3 2 0
github.com/xaosmaker/server/internal/jobs/handlers.go:137.2,138.16 2 0
github.com/xaosmaker/server/internal/jobs/handlers.go:138.16,141.3 2 0
github.com/xaosmaker/server/internal/jobs/handlers.go:143.2,144.27 2 0
github.com/xaosmaker/server/internal/jobs/handlers.go:144.27,146.3 1 0
github.com/xaosmaker/server/internal/jobs/handlers.go:148.2,149.16 2 0
github.com/xaosmaker/server/internal/jobs/handlers.go:149.16,152.3 2 0
github.com/xaosmaker/server/internal/jobs/handlers.go:153.2,154.15 2 0
github.com/xaosmaker/server/internal/jobs/handlers.go:157.76,161.20 2 0
github.com/xaosmaker/server/internal/jobs/handlers.go:161.20,164.3 2 0
github.com/xaosmaker/server/internal/jobs/handlers.go:166.2,167.20 2 0
github.com/xaosmaker/server/internal/jobs/handlers.go:167.20,170.3 2 0
github.com/xaosmaker/server/internal/jobs/handlers.go:172.2,173.20 2 0
github.com/xaosmaker/server/internal/jobs/handlers.go:173.20,176.3 2 0
github.com/xaosmaker/server/internal/jobs/handlers.go:178.2,182.16 2 0
github.com/xaosmaker/server/internal/jobs/handlers.go:182.16,184.3 1 0
github.com/xaosmaker/server/internal/jobs/handlers.go:185.2,191.16 2 0
github.com/xaosmaker/server/internal/jobs/handlers.go:191.16,194.3 2 0
github.com/xaosmaker/server/internal/jobs/handlers.go:195.2,198.16 3 0
github.com/xaosmaker/server/internal/jobs/handlers.go:198.16,201.3 2 0
github.com/xaosmaker/server/internal/jobs/handlers.go:202.2,203.15 2 0
github.com/xaosmaker/server/internal/jobs/jobsRouter.go:9.49,15.2 3 0
github.com/xaosmaker/server/internal/jobs/jobsRouter.go:17.45,28.2 5 0
github.com/xaosmaker/server/internal/jobs/jobs_dto.go:25.69,40.2 1 0
github.com/xaosmaker/server/internal/jobs/jobs_dto.go:42.62,56.2 1 0
github.com/xaosmaker/server/internal/middlewares/trail_slash_error_middleware.go:10.64,12.71 1 0
github.com/xaosmaker/server/internal/middlewares/trail_slash_error_middleware.go:12.71,13.41 1 0
github.com/xaosmaker/server/internal/middlewares/trail_slash_error_middleware.go:13.41,16.4 2 0
github.com/xaosmaker/server/internal/middlewares/trail_slash_error_middleware.go:18.3,18.23 1 0
github.com/xaosmaker/server/main.go:12.13,25.2 6 0
github.com/xaosmaker/server/internal/db/connect_db.go:13.51,15.15 2 0
github.com/xaosmaker/server/internal/db/connect_db.go:15.15,17.3 1 0
github.com/xaosmaker/server/internal/db/connect_db.go:19.2,20.6 2 0
github.com/xaosmaker/server/internal/db/connect_db.go:20.6,24.17 3 0
github.com/xaosmaker/server/internal/db/connect_db.go:24.17,26.4 1 0
github.com/xaosmaker/server/internal/db/connect_db.go:27.3,28.17 2 0
github.com/xaosmaker/server/internal/db/connect_db.go:28.17,31.4 2 0
github.com/xaosmaker/server/internal/db/connect_db.go:33.3,33.20 1 0
github.com/xaosmaker/server/internal/db/connect_db.go:33.20,35.4 1 0
github.com/xaosmaker/server/internal/db/connect_db.go:36.3,37.30 2 0
github.com/xaosmaker/server/internal/db/db.go:20.28,22.2 1 0
github.com/xaosmaker/server/internal/db/db.go:28.46,32.2 1 0
github.com/xaosmaker/server/internal/db/farm.sql.go:42.96,53.2 4 0
github.com/xaosmaker/server/internal/db/farm.sql.go:64.72,75.2 4 0
github.com/xaosmaker/server/internal/db/farm.sql.go:91.87,102.2 4 0
github.com/xaosmaker/server/internal/db/fields.sql.go:50.90,77.2 4 0
github.com/xaosmaker/server/internal/db/fields.sql.go:84.68,87.2 2 0
github.com/xaosmaker/server/internal/db/fields.sql.go:101.84,103.16 2 0
github.com/xaosmaker/server/internal/db/fields.sql.go:103.16,105.3 1 0
github.com/xaosmaker/server/internal/db/fields.sql.go:106.2,108.18 3 0
github.com/xaosmaker/server/internal/db/fields.sql.go:108.18,123.17 2 0
github.com/xaosmaker/server/internal/db/fields.sql.go:123.17,125.4 1 0
github.com/xaosmaker/server/internal/db/fields.sql.go:126.3,126.27 1 0
github.com/xaosmaker/server/internal/db/fields.sql.go:128.2,128.35 1 0
github.com/xaosmaker/server/internal/db/fields.sql.go:128.35,130.3 1 0
github.com/xaosmaker/server/internal/db/fields.sql.go:131.2,131.19 1 0
github.com/xaosmaker/server/internal/db/fields.sql.go:150.106,168.2 4 0
github.com/xaosmaker/server/internal/db/fields.sql.go:197.90,224.2 4 0
github.com/xaosmaker/server/internal/db/jobs.sql.go:43.84,65.2 4 0
github.com/xaosmaker/server/internal/db/jobs.sql.go:90.107,103.2 4 0
github.com/xaosmaker/server/internal/db/jobs.sql.go:147.92,149.16 2 0
github.com/xaosmaker/server/internal/db/jobs.sql.go:149.16,151.3 1 0
github.com/xaosmaker/server/internal/db/jobs.sql.go:152.2,154.18 3 0
github.com/xaosmaker/server/internal/db/jobs.sql.go:154.18,167.17 2 0
github.com/xaosmaker/server/internal/db/jobs.sql.go:167.17,169.4 1 0
github.com/xaosmaker/server/internal/db/jobs.sql.go:170.3,170.27 1 0
github.com/xaosmaker/server/internal/db/jobs.sql.go:172.2,172.35 1 0
github.com/xaosmaker/server/internal/db/jobs.sql.go:172.35,174.3 1 0
github.com/xaosmaker/server/internal/db/jobs.sql.go:175.2,175.19 1 0
github.com/xaosmaker/server/internal/db/jobs.sql.go:186.91,202.2 4 0
github.com/xaosmaker/server/internal/db/jobs.sql.go:249.105,265.2 4 0
github.com/xaosmaker/server/internal/db/jobs.sql.go:275.90,291.2 4 0
github.com/xaosmaker/server/internal/db/seasons.sql.go:28.93,51.2 4 0
github.com/xaosmaker/server/internal/db/seasons.sql.go:57.69,60.2 2 0
github.com/xaosmaker/server/internal/db/seasons.sql.go:71.87,76.2 4 0
github.com/xaosmaker/server/internal/db/seasons.sql.go:90.100,95.2 4 0
github.com/xaosmaker/server/internal/db/seasons.sql.go:128.90,148.2 4 0
github.com/xaosmaker/server/internal/db/seasons.sql.go:182.109,184.16 2 0
github.com/xaosmaker/server/internal/db/seasons.sql.go:184.16,186.3 1 0
github.com/xaosmaker/server/internal/db/seasons.sql.go:187.2,189.18 3 0
github.com/xaosmaker/server/internal/db/seasons.sql.go:189.18,206.17 2 0
github.com/xaosmaker/server/internal/db/seasons.sql.go:206.17,208.4 1 0
github.com/xaosmaker/server/internal/db/seasons.sql.go:209.3,209.27 1 0
github.com/xaosmaker/server/internal/db/seasons.sql.go:211.2,211.35 1 0
github.com/xaosmaker/server/internal/db/seasons.sql.go:211.35,213.3 1 0
github.com/xaosmaker/server/internal/db/seasons.sql.go:214.2,214.19 1 0
github.com/xaosmaker/server/internal/db/seasons.sql.go:237.83,247.2 2 0
github.com/xaosmaker/server/internal/db/settings.sql.go:17.87,29.2 4 0
github.com/xaosmaker/server/internal/db/settings.sql.go:42.98,54.2 4 0
github.com/xaosmaker/server/internal/db/supplies.sql.go:40.97,61.2 4 0
github.com/xaosmaker/server/internal/db/supplies.sql.go:74.83,77.2 2 0
github.com/xaosmaker/server/internal/db/supplies.sql.go:85.87,87.16 2 0
github.com/xaosmaker/server/internal/db/supplies.sql.go:87.16,89.3 1 0
github.com/xaosmaker/server/internal/db/supplies.sql.go:90.2,92.18 3 0
github.com/xaosmaker/server/internal/db/supplies.sql.go:92.18,104.17 2 0
github.com/xaosmaker/server/internal/db/supplies.sql.go:104.17,106.4 1 0
github.com/xaosmaker/server/internal/db/supplies.sql.go:107.3,107.27 1 0
github.com/xaosmaker/server/internal/db/supplies.sql.go:109.2,109.35 1 0
github.com/xaosmaker/server/internal/db/supplies.sql.go:109.35,111.3 1 0
github.com/xaosmaker/server/internal/db/supplies.sql.go:112.2,112.19 1 0
github.com/xaosmaker/server/internal/db/supplies.sql.go:127.101,142.2 4 0
github.com/xaosmaker/server/internal/db/supplies.sql.go:162.83,171.2 2 0
github.com/xaosmaker/server/internal/db/users.sql.go:38.79,41.2 2 0
github.com/xaosmaker/server/internal/db/users.sql.go:47.68,49.16 2 0
github.com/xaosmaker/server/internal/db/users.sql.go:49.16,51.3 1 0
github.com/xaosmaker/server/internal/db/users.sql.go:52.2,54.18 3 0
github.com/xaosmaker/server/internal/db/users.sql.go:54.18,64.17 2 0
github.com/xaosmaker/server/internal/db/users.sql.go:64.17,66.4 1 0
github.com/xaosmaker/server/internal/db/users.sql.go:67.3,67.27 1 0
github.com/xaosmaker/server/internal/db/users.sql.go:69.2,69.35 1 0
github.com/xaosmaker/server/internal/db/users.sql.go:69.35,71.3 1 0
github.com/xaosmaker/server/internal/db/users.sql.go:72.2,72.19 1 0
github.com/xaosmaker/server/internal/db/users.sql.go:80.76,93.2 4 0
github.com/xaosmaker/server/internal/db/users.sql.go:100.83,113.2 4 0
github.com/xaosmaker/server/internal/db/users.sql.go:138.110,157.2 4 0
github.com/xaosmaker/server/internal/config/load_envs.go:8.18,11.9 2 0
github.com/xaosmaker/server/internal/config/load_envs.go:11.9,13.3 1 0
github.com/xaosmaker/server/internal/config/load_envs.go:14.2,15.9 2 0
github.com/xaosmaker/server/internal/config/load_envs.go:15.9,17.3 1 0
github.com/xaosmaker/server/internal/user_settings/handlers.go:11.82,15.16 3 0
github.com/xaosmaker/server/internal/user_settings/handlers.go:15.16,18.3 2 0
github.com/xaosmaker/server/internal/user_settings/handlers.go:19.2,20.16 2 0
github.com/xaosmaker/server/internal/user_settings/handlers.go:20.16,22.3 1 0
github.com/xaosmaker/server/internal/user_settings/handlers.go:23.2,24.26 2 0
github.com/xaosmaker/server/internal/user_settings/handlers.go:28.85,35.58 4 0
github.com/xaosmaker/server/internal/user_settings/handlers.go:35.58,38.3 2 0
github.com/xaosmaker/server/internal/user_settings/handlers.go:40.2,44.16 2 0
github.com/xaosmaker/server/internal/user_settings/handlers.go:44.16,46.3 1 0
github.com/xaosmaker/server/internal/user_settings/handlers.go:47.2,47.20 1 0
github.com/xaosmaker/server/internal/user_settings/settings_dto.go:17.56,26.2 1 0
github.com/xaosmaker/server/internal/user_settings/user_settings_router.go:9.54,18.2 5 0
