mode: set
github.com/xaosmaker/server/main.go:12.13,25.2 6 0
github.com/xaosmaker/server/internal/db/connect_db.go:13.51,15.15 2 0
github.com/xaosmaker/server/internal/db/connect_db.go:15.15,17.3 1 0
github.com/xaosmaker/server/internal/db/connect_db.go:19.2,20.6 2 0
github.com/xaosmaker/server/internal/db/connect_db.go:20.6,24.17 3 0
github.com/xaosmaker/server/internal/db/connect_db.go:24.17,26.4 1 0
github.com/xaosmaker/server/internal/db/connect_db.go:27.3,28.17 2 0
github.com/xaosmaker/server/internal/db/connect_db.go:28.17,31.4 2 0
github.com/xaosmaker/server/internal/db/connect_db.go:33.3,33.20 1 0
github.com/xaosmaker/server/internal/db/connect_db.go:33.20,35.4 1 0
github.com/xaosmaker/server/internal/db/connect_db.go:36.3,37.30 2 0
github.com/xaosmaker/server/internal/db/db.go:20.28,22.2 1 0
github.com/xaosmaker/server/internal/db/db.go:28.46,32.2 1 0
github.com/xaosmaker/server/internal/db/farm.sql.go:42.96,53.2 4 0
github.com/xaosmaker/server/internal/db/farm.sql.go:64.72,75.2 4 0
github.com/xaosmaker/server/internal/db/farm.sql.go:91.87,102.2 4 0
github.com/xaosmaker/server/internal/db/fields.sql.go:50.90,77.2 4 0
github.com/xaosmaker/server/internal/db/fields.sql.go:84.68,87.2 2 0
github.com/xaosmaker/server/internal/db/fields.sql.go:101.84,103.16 2 0
github.com/xaosmaker/server/internal/db/fields.sql.go:103.16,105.3 1 0
github.com/xaosmaker/server/internal/db/fields.sql.go:106.2,108.18 3 0
github.com/xaosmaker/server/internal/db/fields.sql.go:108.18,123.17 2 0
github.com/xaosmaker/server/internal/db/fields.sql.go:123.17,125.4 1 0
github.com/xaosmaker/server/internal/db/fields.sql.go:126.3,126.27 1 0
github.com/xaosmaker/server/internal/db/fields.sql.go:128.2,128.35 1 0
github.com/xaosmaker/server/internal/db/fields.sql.go:128.35,130.3 1 0
github.com/xaosmaker/server/internal/db/fields.sql.go:131.2,131.19 1 0
github.com/xaosmaker/server/internal/db/fields.sql.go:150.106,168.2 4 0
github.com/xaosmaker/server/internal/db/fields.sql.go:197.90,224.2 4 0
github.com/xaosmaker/server/internal/db/job_supplies.sql.go:38.104,40.16 2 0
github.com/xaosmaker/server/internal/db/job_supplies.sql.go:40.16,42.3 1 0
github.com/xaosmaker/server/internal/db/job_supplies.sql.go:43.2,45.18 3 0
github.com/xaosmaker/server/internal/db/job_supplies.sql.go:45.18,53.17 2 0
github.com/xaosmaker/server/internal/db/job_supplies.sql.go:53.17,55.4 1 0
github.com/xaosmaker/server/internal/db/job_supplies.sql.go:56.3,56.27 1 0
github.com/xaosmaker/server/internal/db/job_supplies.sql.go:58.2,58.35 1 0
github.com/xaosmaker/server/internal/db/job_supplies.sql.go:58.35,60.3 1 0
github.com/xaosmaker/server/internal/db/job_supplies.sql.go:61.2,61.19 1 0
github.com/xaosmaker/server/internal/db/jobs.sql.go:43.84,65.2 4 0
github.com/xaosmaker/server/internal/db/jobs.sql.go:90.107,103.2 4 0
github.com/xaosmaker/server/internal/db/jobs.sql.go:110.66,113.2 2 0
github.com/xaosmaker/server/internal/db/jobs.sql.go:157.92,159.16 2 0
github.com/xaosmaker/server/internal/db/jobs.sql.go:159.16,161.3 1 0
github.com/xaosmaker/server/internal/db/jobs.sql.go:162.2,164.18 3 0
github.com/xaosmaker/server/internal/db/jobs.sql.go:164.18,177.17 2 0
github.com/xaosmaker/server/internal/db/jobs.sql.go:177.17,179.4 1 0
github.com/xaosmaker/server/internal/db/jobs.sql.go:180.3,180.27 1 0
github.com/xaosmaker/server/internal/db/jobs.sql.go:182.2,182.35 1 0
github.com/xaosmaker/server/internal/db/jobs.sql.go:182.35,184.3 1 0
github.com/xaosmaker/server/internal/db/jobs.sql.go:185.2,185.19 1 0
github.com/xaosmaker/server/internal/db/jobs.sql.go:196.91,212.2 4 0
github.com/xaosmaker/server/internal/db/jobs.sql.go:259.105,275.2 4 0
github.com/xaosmaker/server/internal/db/jobs.sql.go:285.90,301.2 4 0
github.com/xaosmaker/server/internal/db/jobs.sql.go:319.127,324.2 4 0
github.com/xaosmaker/server/internal/db/seasons.sql.go:28.93,51.2 4 0
github.com/xaosmaker/server/internal/db/seasons.sql.go:57.69,60.2 2 0
github.com/xaosmaker/server/internal/db/seasons.sql.go:96.108,98.16 2 0
github.com/xaosmaker/server/internal/db/seasons.sql.go:98.16,100.3 1 0
github.com/xaosmaker/server/internal/db/seasons.sql.go:101.2,103.18 3 0
github.com/xaosmaker/server/internal/db/seasons.sql.go:103.18,120.17 2 0
github.com/xaosmaker/server/internal/db/seasons.sql.go:120.17,122.4 1 0
github.com/xaosmaker/server/internal/db/seasons.sql.go:123.3,123.27 1 0
github.com/xaosmaker/server/internal/db/seasons.sql.go:125.2,125.35 1 0
github.com/xaosmaker/server/internal/db/seasons.sql.go:125.35,127.3 1 0
github.com/xaosmaker/server/internal/db/seasons.sql.go:128.2,128.19 1 0
github.com/xaosmaker/server/internal/db/seasons.sql.go:140.87,145.2 4 0
github.com/xaosmaker/server/internal/db/seasons.sql.go:154.91,171.2 4 0
github.com/xaosmaker/server/internal/db/seasons.sql.go:185.100,190.2 4 0
github.com/xaosmaker/server/internal/db/seasons.sql.go:223.90,243.2 4 0
github.com/xaosmaker/server/internal/db/seasons.sql.go:277.109,279.16 2 0
github.com/xaosmaker/server/internal/db/seasons.sql.go:279.16,281.3 1 0
github.com/xaosmaker/server/internal/db/seasons.sql.go:282.2,284.18 3 0
github.com/xaosmaker/server/internal/db/seasons.sql.go:284.18,301.17 2 0
github.com/xaosmaker/server/internal/db/seasons.sql.go:301.17,303.4 1 0
github.com/xaosmaker/server/internal/db/seasons.sql.go:304.3,304.27 1 0
github.com/xaosmaker/server/internal/db/seasons.sql.go:306.2,306.35 1 0
github.com/xaosmaker/server/internal/db/seasons.sql.go:306.35,308.3 1 0
github.com/xaosmaker/server/internal/db/seasons.sql.go:309.2,309.19 1 0
github.com/xaosmaker/server/internal/db/seasons.sql.go:332.83,342.2 2 0
github.com/xaosmaker/server/internal/db/settings.sql.go:17.87,29.2 4 0
github.com/xaosmaker/server/internal/db/settings.sql.go:42.98,54.2 4 0
github.com/xaosmaker/server/internal/db/supplies.sql.go:40.97,61.2 4 0
github.com/xaosmaker/server/internal/db/supplies.sql.go:74.83,77.2 2 0
github.com/xaosmaker/server/internal/db/supplies.sql.go:85.87,87.16 2 0
github.com/xaosmaker/server/internal/db/supplies.sql.go:87.16,89.3 1 0
github.com/xaosmaker/server/internal/db/supplies.sql.go:90.2,92.18 3 0
github.com/xaosmaker/server/internal/db/supplies.sql.go:92.18,104.17 2 0
github.com/xaosmaker/server/internal/db/supplies.sql.go:104.17,106.4 1 0
github.com/xaosmaker/server/internal/db/supplies.sql.go:107.3,107.27 1 0
github.com/xaosmaker/server/internal/db/supplies.sql.go:109.2,109.35 1 0
github.com/xaosmaker/server/internal/db/supplies.sql.go:109.35,111.3 1 0
github.com/xaosmaker/server/internal/db/supplies.sql.go:112.2,112.19 1 0
github.com/xaosmaker/server/internal/db/supplies.sql.go:127.101,142.2 4 0
github.com/xaosmaker/server/internal/db/supplies.sql.go:162.83,171.2 2 0
github.com/xaosmaker/server/internal/db/users.sql.go:53.96,67.2 4 0
github.com/xaosmaker/server/internal/db/users.sql.go:73.68,75.16 2 0
github.com/xaosmaker/server/internal/db/users.sql.go:75.16,77.3 1 0
github.com/xaosmaker/server/internal/db/users.sql.go:78.2,80.18 3 0
github.com/xaosmaker/server/internal/db/users.sql.go:80.18,91.17 2 0
github.com/xaosmaker/server/internal/db/users.sql.go:91.17,93.4 1 0
github.com/xaosmaker/server/internal/db/users.sql.go:94.3,94.27 1 0
github.com/xaosmaker/server/internal/db/users.sql.go:96.2,96.35 1 0
github.com/xaosmaker/server/internal/db/users.sql.go:96.35,98.3 1 0
github.com/xaosmaker/server/internal/db/users.sql.go:99.2,99.19 1 0
github.com/xaosmaker/server/internal/db/users.sql.go:107.76,121.2 4 0
github.com/xaosmaker/server/internal/db/users.sql.go:128.83,142.2 4 0
github.com/xaosmaker/server/internal/db/users.sql.go:149.92,163.2 4 0
github.com/xaosmaker/server/internal/db/users.sql.go:189.110,209.2 4 0
github.com/xaosmaker/server/internal/db/users.sql.go:227.79,235.2 2 0
github.com/xaosmaker/server/internal/app/app_router.go:22.45,48.2 20 0
github.com/xaosmaker/server/internal/auth/auth.go:15.82,23.2 2 0
github.com/xaosmaker/server/internal/auth/auth.go:25.62,27.94 2 0
github.com/xaosmaker/server/internal/auth/auth.go:27.94,31.3 1 0
github.com/xaosmaker/server/internal/auth/auth.go:33.2,33.16 1 0
github.com/xaosmaker/server/internal/auth/auth.go:33.16,35.3 1 0
github.com/xaosmaker/server/internal/auth/auth.go:37.2,38.16 2 0
github.com/xaosmaker/server/internal/auth/auth.go:38.16,40.3 1 0
github.com/xaosmaker/server/internal/auth/auth.go:42.2,42.16 1 0
github.com/xaosmaker/server/internal/auth/auth_middleware.go:14.69,15.71 1 0
github.com/xaosmaker/server/internal/auth/auth_middleware.go:15.71,16.184 1 0
github.com/xaosmaker/server/internal/auth/auth_middleware.go:16.184,19.4 2 0
github.com/xaosmaker/server/internal/auth/auth_middleware.go:21.3,22.17 2 0
github.com/xaosmaker/server/internal/auth/auth_middleware.go:22.17,26.4 3 0
github.com/xaosmaker/server/internal/auth/auth_middleware.go:27.3,30.17 3 0
github.com/xaosmaker/server/internal/auth/auth_middleware.go:30.17,34.4 3 0
github.com/xaosmaker/server/internal/auth/auth_middleware.go:35.3,37.17 2 0
github.com/xaosmaker/server/internal/auth/auth_middleware.go:37.17,41.4 3 0
github.com/xaosmaker/server/internal/auth/auth_middleware.go:42.3,43.17 2 0
github.com/xaosmaker/server/internal/auth/auth_middleware.go:43.17,47.4 3 0
github.com/xaosmaker/server/internal/auth/auth_middleware.go:48.3,50.23 3 0
github.com/xaosmaker/server/internal/auth/get_cookie.go:8.62,10.31 2 0
github.com/xaosmaker/server/internal/auth/get_cookie.go:10.31,11.24 1 0
github.com/xaosmaker/server/internal/auth/get_cookie.go:11.24,13.4 1 0
github.com/xaosmaker/server/internal/auth/get_cookie.go:15.2,15.43 1 0
github.com/xaosmaker/server/internal/auth/handlers.go:23.72,31.53 5 0
github.com/xaosmaker/server/internal/auth/handlers.go:31.53,34.3 2 0
github.com/xaosmaker/server/internal/auth/handlers.go:36.2,38.16 2 0
github.com/xaosmaker/server/internal/auth/handlers.go:38.16,41.3 2 0
github.com/xaosmaker/server/internal/auth/handlers.go:42.2,42.54 1 0
github.com/xaosmaker/server/internal/auth/handlers.go:42.54,45.3 2 0
github.com/xaosmaker/server/internal/auth/handlers.go:46.2,48.15 3 0
github.com/xaosmaker/server/internal/auth/handlers.go:48.15,50.3 1 0
github.com/xaosmaker/server/internal/auth/handlers.go:51.2,52.16 2 0
github.com/xaosmaker/server/internal/auth/handlers.go:52.16,57.3 3 0
github.com/xaosmaker/server/internal/auth/handlers.go:58.2,80.16 6 0
github.com/xaosmaker/server/internal/auth/handlers.go:80.16,83.3 2 0
github.com/xaosmaker/server/internal/auth/handlers.go:85.2,88.16 3 0
github.com/xaosmaker/server/internal/auth/handlers.go:88.16,92.3 1 0
github.com/xaosmaker/server/internal/auth/handlers.go:95.80,101.64 2 0
github.com/xaosmaker/server/internal/auth/handlers.go:101.64,104.3 2 0
github.com/xaosmaker/server/internal/auth/handlers.go:105.2,106.16 2 0
github.com/xaosmaker/server/internal/auth/handlers.go:106.16,109.3 2 0
github.com/xaosmaker/server/internal/auth/handlers.go:111.2,115.16 4 0
github.com/xaosmaker/server/internal/auth/handlers.go:115.16,118.3 2 0
github.com/xaosmaker/server/internal/auth/handlers.go:119.2,124.41 3 0
github.com/xaosmaker/server/internal/auth/handlers.go:124.41,128.3 3 0
github.com/xaosmaker/server/internal/auth/handlers.go:129.2,129.20 1 0
github.com/xaosmaker/server/internal/auth/handlers.go:132.73,138.64 2 0
github.com/xaosmaker/server/internal/auth/handlers.go:138.64,141.3 2 0
github.com/xaosmaker/server/internal/auth/handlers.go:143.2,145.16 3 0
github.com/xaosmaker/server/internal/auth/handlers.go:145.16,148.3 2 0
github.com/xaosmaker/server/internal/auth/handlers.go:149.2,150.16 2 0
github.com/xaosmaker/server/internal/auth/handlers.go:150.16,153.3 2 0
github.com/xaosmaker/server/internal/auth/handlers.go:154.2,159.16 2 0
github.com/xaosmaker/server/internal/auth/handlers.go:159.16,162.3 2 0
github.com/xaosmaker/server/internal/auth/handlers.go:163.2,163.20 1 0
github.com/xaosmaker/server/internal/auth/handlers.go:166.73,174.23 4 0
github.com/xaosmaker/server/internal/auth/handlers.go:174.23,177.3 2 0
github.com/xaosmaker/server/internal/auth/handlers.go:179.2,184.16 3 0
github.com/xaosmaker/server/internal/auth/handlers.go:184.16,185.45 1 0
github.com/xaosmaker/server/internal/auth/handlers.go:185.45,188.4 2 0
github.com/xaosmaker/server/internal/auth/handlers.go:189.3,190.9 2 0
github.com/xaosmaker/server/internal/auth/handlers.go:194.2,198.16 4 0
github.com/xaosmaker/server/internal/auth/handlers.go:198.16,201.3 2 0
github.com/xaosmaker/server/internal/auth/handlers.go:202.2,207.41 3 0
github.com/xaosmaker/server/internal/auth/handlers.go:207.41,211.3 3 0
github.com/xaosmaker/server/internal/auth/handlers.go:213.2,213.20 1 0
github.com/xaosmaker/server/internal/auth/hash_passwords.go:9.46,11.16 2 0
github.com/xaosmaker/server/internal/auth/hash_passwords.go:11.16,14.3 2 0
github.com/xaosmaker/server/internal/auth/hash_passwords.go:15.2,15.14 1 0
github.com/xaosmaker/server/internal/auth/hash_passwords.go:18.52,20.16 2 0
github.com/xaosmaker/server/internal/auth/hash_passwords.go:20.16,22.3 1 0
github.com/xaosmaker/server/internal/auth/hash_passwords.go:23.2,23.18 1 0
github.com/xaosmaker/server/internal/config/load_envs.go:8.18,11.9 2 0
github.com/xaosmaker/server/internal/config/load_envs.go:11.9,13.3 1 0
github.com/xaosmaker/server/internal/config/load_envs.go:14.2,15.9 2 0
github.com/xaosmaker/server/internal/config/load_envs.go:15.9,17.3 1 0
github.com/xaosmaker/server/internal/config/load_envs.go:18.2,19.9 2 0
github.com/xaosmaker/server/internal/config/load_envs.go:19.9,21.3 1 0
github.com/xaosmaker/server/internal/config/load_envs.go:23.2,24.9 2 0
github.com/xaosmaker/server/internal/config/load_envs.go:24.9,26.3 1 0
github.com/xaosmaker/server/internal/config/load_envs.go:28.2,29.9 2 0
github.com/xaosmaker/server/internal/config/load_envs.go:29.9,31.3 1 0
github.com/xaosmaker/server/internal/config/load_envs.go:33.2,34.9 2 0
github.com/xaosmaker/server/internal/config/load_envs.go:34.9,36.3 1 0
github.com/xaosmaker/server/internal/config/load_envs.go:38.2,39.9 2 0
github.com/xaosmaker/server/internal/config/load_envs.go:39.9,41.3 1 0
github.com/xaosmaker/server/internal/config/load_envs.go:43.2,44.9 2 0
github.com/xaosmaker/server/internal/config/load_envs.go:44.9,46.3 1 0
github.com/xaosmaker/server/main.go:12.13,25.2 6 0
github.com/xaosmaker/server/internal/app/app_router.go:22.45,48.2 20 0
github.com/xaosmaker/server/internal/auth/auth.go:15.82,23.2 2 0
github.com/xaosmaker/server/internal/auth/auth.go:25.62,27.94 2 0
github.com/xaosmaker/server/internal/auth/auth.go:27.94,31.3 1 0
github.com/xaosmaker/server/internal/auth/auth.go:33.2,33.16 1 0
github.com/xaosmaker/server/internal/auth/auth.go:33.16,35.3 1 0
github.com/xaosmaker/server/internal/auth/auth.go:37.2,38.16 2 0
github.com/xaosmaker/server/internal/auth/auth.go:38.16,40.3 1 0
github.com/xaosmaker/server/internal/auth/auth.go:42.2,42.16 1 0
github.com/xaosmaker/server/internal/auth/auth_middleware.go:14.69,15.71 1 0
github.com/xaosmaker/server/internal/auth/auth_middleware.go:15.71,16.184 1 0
github.com/xaosmaker/server/internal/auth/auth_middleware.go:16.184,19.4 2 0
github.com/xaosmaker/server/internal/auth/auth_middleware.go:21.3,22.17 2 0
github.com/xaosmaker/server/internal/auth/auth_middleware.go:22.17,26.4 3 0
github.com/xaosmaker/server/internal/auth/auth_middleware.go:27.3,30.17 3 0
github.com/xaosmaker/server/internal/auth/auth_middleware.go:30.17,34.4 3 0
github.com/xaosmaker/server/internal/auth/auth_middleware.go:35.3,37.17 2 0
github.com/xaosmaker/server/internal/auth/auth_middleware.go:37.17,41.4 3 0
github.com/xaosmaker/server/internal/auth/auth_middleware.go:42.3,43.17 2 0
github.com/xaosmaker/server/internal/auth/auth_middleware.go:43.17,47.4 3 0
github.com/xaosmaker/server/internal/auth/auth_middleware.go:48.3,50.23 3 0
github.com/xaosmaker/server/internal/auth/get_cookie.go:8.62,10.31 2 0
github.com/xaosmaker/server/internal/auth/get_cookie.go:10.31,11.24 1 0
github.com/xaosmaker/server/internal/auth/get_cookie.go:11.24,13.4 1 0
github.com/xaosmaker/server/internal/auth/get_cookie.go:15.2,15.43 1 0
github.com/xaosmaker/server/internal/auth/handlers.go:23.72,31.53 5 0
github.com/xaosmaker/server/internal/auth/handlers.go:31.53,34.3 2 0
github.com/xaosmaker/server/internal/auth/handlers.go:36.2,38.16 2 0
github.com/xaosmaker/server/internal/auth/handlers.go:38.16,41.3 2 0
github.com/xaosmaker/server/internal/auth/handlers.go:42.2,42.54 1 0
github.com/xaosmaker/server/internal/auth/handlers.go:42.54,45.3 2 0
github.com/xaosmaker/server/internal/auth/handlers.go:46.2,48.15 3 0
github.com/xaosmaker/server/internal/auth/handlers.go:48.15,50.3 1 0
github.com/xaosmaker/server/internal/auth/handlers.go:51.2,52.16 2 0
github.com/xaosmaker/server/internal/auth/handlers.go:52.16,57.3 3 0
github.com/xaosmaker/server/internal/auth/handlers.go:58.2,80.16 6 0
github.com/xaosmaker/server/internal/auth/handlers.go:80.16,83.3 2 0
github.com/xaosmaker/server/internal/auth/handlers.go:85.2,88.16 3 0
github.com/xaosmaker/server/internal/auth/handlers.go:88.16,92.3 1 0
github.com/xaosmaker/server/internal/auth/handlers.go:95.80,101.64 2 0
github.com/xaosmaker/server/internal/auth/handlers.go:101.64,104.3 2 0
github.com/xaosmaker/server/internal/auth/handlers.go:105.2,106.16 2 0
github.com/xaosmaker/server/internal/auth/handlers.go:106.16,109.3 2 0
github.com/xaosmaker/server/internal/auth/handlers.go:111.2,115.16 4 0
github.com/xaosmaker/server/internal/auth/handlers.go:115.16,118.3 2 0
github.com/xaosmaker/server/internal/auth/handlers.go:119.2,124.41 3 0
github.com/xaosmaker/server/internal/auth/handlers.go:124.41,128.3 3 0
github.com/xaosmaker/server/internal/auth/handlers.go:129.2,129.20 1 0
github.com/xaosmaker/server/internal/auth/handlers.go:132.73,138.64 2 0
github.com/xaosmaker/server/internal/auth/handlers.go:138.64,141.3 2 0
github.com/xaosmaker/server/internal/auth/handlers.go:143.2,145.16 3 0
github.com/xaosmaker/server/internal/auth/handlers.go:145.16,148.3 2 0
github.com/xaosmaker/server/internal/auth/handlers.go:149.2,150.16 2 0
github.com/xaosmaker/server/internal/auth/handlers.go:150.16,153.3 2 0
github.com/xaosmaker/server/internal/auth/handlers.go:154.2,159.16 2 0
github.com/xaosmaker/server/internal/auth/handlers.go:159.16,162.3 2 0
github.com/xaosmaker/server/internal/auth/handlers.go:163.2,163.20 1 0
github.com/xaosmaker/server/internal/auth/handlers.go:166.73,174.23 4 0
github.com/xaosmaker/server/internal/auth/handlers.go:174.23,177.3 2 0
github.com/xaosmaker/server/internal/auth/handlers.go:179.2,184.16 3 0
github.com/xaosmaker/server/internal/auth/handlers.go:184.16,185.45 1 0
github.com/xaosmaker/server/internal/auth/handlers.go:185.45,188.4 2 0
github.com/xaosmaker/server/internal/auth/handlers.go:189.3,190.9 2 0
github.com/xaosmaker/server/internal/auth/handlers.go:194.2,198.16 4 0
github.com/xaosmaker/server/internal/auth/handlers.go:198.16,201.3 2 0
github.com/xaosmaker/server/internal/auth/handlers.go:202.2,207.41 3 0
github.com/xaosmaker/server/internal/auth/handlers.go:207.41,211.3 3 0
github.com/xaosmaker/server/internal/auth/handlers.go:213.2,213.20 1 0
github.com/xaosmaker/server/internal/auth/hash_passwords.go:9.46,11.16 2 0
github.com/xaosmaker/server/internal/auth/hash_passwords.go:11.16,14.3 2 0
github.com/xaosmaker/server/internal/auth/hash_passwords.go:15.2,15.14 1 0
github.com/xaosmaker/server/internal/auth/hash_passwords.go:18.52,20.16 2 0
github.com/xaosmaker/server/internal/auth/hash_passwords.go:20.16,22.3 1 0
github.com/xaosmaker/server/internal/auth/hash_passwords.go:23.2,23.18 1 0
github.com/xaosmaker/server/internal/config/load_envs.go:8.18,11.9 2 0
github.com/xaosmaker/server/internal/config/load_envs.go:11.9,13.3 1 0
github.com/xaosmaker/server/internal/config/load_envs.go:14.2,15.9 2 0
github.com/xaosmaker/server/internal/config/load_envs.go:15.9,17.3 1 0
github.com/xaosmaker/server/internal/config/load_envs.go:18.2,19.9 2 0
github.com/xaosmaker/server/internal/config/load_envs.go:19.9,21.3 1 0
github.com/xaosmaker/server/internal/config/load_envs.go:23.2,24.9 2 0
github.com/xaosmaker/server/internal/config/load_envs.go:24.9,26.3 1 0
github.com/xaosmaker/server/internal/config/load_envs.go:28.2,29.9 2 0
github.com/xaosmaker/server/internal/config/load_envs.go:29.9,31.3 1 0
github.com/xaosmaker/server/internal/config/load_envs.go:33.2,34.9 2 0
github.com/xaosmaker/server/internal/config/load_envs.go:34.9,36.3 1 0
github.com/xaosmaker/server/internal/config/load_envs.go:38.2,39.9 2 0
github.com/xaosmaker/server/internal/config/load_envs.go:39.9,41.3 1 0
github.com/xaosmaker/server/internal/config/load_envs.go:43.2,44.9 2 0
github.com/xaosmaker/server/internal/config/load_envs.go:44.9,46.3 1 0
github.com/xaosmaker/server/internal/db/connect_db.go:13.51,15.15 2 0
github.com/xaosmaker/server/internal/db/connect_db.go:15.15,17.3 1 0
github.com/xaosmaker/server/internal/db/connect_db.go:19.2,20.6 2 0
github.com/xaosmaker/server/internal/db/connect_db.go:20.6,24.17 3 0
github.com/xaosmaker/server/internal/db/connect_db.go:24.17,26.4 1 0
github.com/xaosmaker/server/internal/db/connect_db.go:27.3,28.17 2 0
github.com/xaosmaker/server/internal/db/connect_db.go:28.17,31.4 2 0
github.com/xaosmaker/server/internal/db/connect_db.go:33.3,33.20 1 0
github.com/xaosmaker/server/internal/db/connect_db.go:33.20,35.4 1 0
github.com/xaosmaker/server/internal/db/connect_db.go:36.3,37.30 2 0
github.com/xaosmaker/server/internal/db/db.go:20.28,22.2 1 0
github.com/xaosmaker/server/internal/db/db.go:28.46,32.2 1 0
github.com/xaosmaker/server/internal/db/farm.sql.go:42.96,53.2 4 0
github.com/xaosmaker/server/internal/db/farm.sql.go:64.72,75.2 4 0
github.com/xaosmaker/server/internal/db/farm.sql.go:91.87,102.2 4 0
github.com/xaosmaker/server/internal/db/fields.sql.go:50.90,77.2 4 0
github.com/xaosmaker/server/internal/db/fields.sql.go:84.68,87.2 2 0
github.com/xaosmaker/server/internal/db/fields.sql.go:101.84,103.16 2 0
github.com/xaosmaker/server/internal/db/fields.sql.go:103.16,105.3 1 0
github.com/xaosmaker/server/internal/db/fields.sql.go:106.2,108.18 3 0
github.com/xaosmaker/server/internal/db/fields.sql.go:108.18,123.17 2 0
github.com/xaosmaker/server/internal/db/fields.sql.go:123.17,125.4 1 0
github.com/xaosmaker/server/internal/db/fields.sql.go:126.3,126.27 1 0
github.com/xaosmaker/server/internal/db/fields.sql.go:128.2,128.35 1 0
github.com/xaosmaker/server/internal/db/fields.sql.go:128.35,130.3 1 0
github.com/xaosmaker/server/internal/db/fields.sql.go:131.2,131.19 1 0
github.com/xaosmaker/server/internal/db/fields.sql.go:150.106,168.2 4 0
github.com/xaosmaker/server/internal/db/fields.sql.go:197.90,224.2 4 0
github.com/xaosmaker/server/internal/db/job_supplies.sql.go:38.104,40.16 2 0
github.com/xaosmaker/server/internal/db/job_supplies.sql.go:40.16,42.3 1 0
github.com/xaosmaker/server/internal/db/job_supplies.sql.go:43.2,45.18 3 0
github.com/xaosmaker/server/internal/db/job_supplies.sql.go:45.18,53.17 2 0
github.com/xaosmaker/server/internal/db/job_supplies.sql.go:53.17,55.4 1 0
github.com/xaosmaker/server/internal/db/job_supplies.sql.go:56.3,56.27 1 0
github.com/xaosmaker/server/internal/db/job_supplies.sql.go:58.2,58.35 1 0
github.com/xaosmaker/server/internal/db/job_supplies.sql.go:58.35,60.3 1 0
github.com/xaosmaker/server/internal/db/job_supplies.sql.go:61.2,61.19 1 0
github.com/xaosmaker/server/internal/db/jobs.sql.go:43.84,65.2 4 0
github.com/xaosmaker/server/internal/db/jobs.sql.go:90.107,103.2 4 0
github.com/xaosmaker/server/internal/db/jobs.sql.go:110.66,113.2 2 0
github.com/xaosmaker/server/internal/db/jobs.sql.go:157.92,159.16 2 0
github.com/xaosmaker/server/internal/db/jobs.sql.go:159.16,161.3 1 0
github.com/xaosmaker/server/internal/db/jobs.sql.go:162.2,164.18 3 0
github.com/xaosmaker/server/internal/db/jobs.sql.go:164.18,177.17 2 0
github.com/xaosmaker/server/internal/db/jobs.sql.go:177.17,179.4 1 0
github.com/xaosmaker/server/internal/db/jobs.sql.go:180.3,180.27 1 0
github.com/xaosmaker/server/internal/db/jobs.sql.go:182.2,182.35 1 0
github.com/xaosmaker/server/internal/db/jobs.sql.go:182.35,184.3 1 0
github.com/xaosmaker/server/internal/db/jobs.sql.go:185.2,185.19 1 0
github.com/xaosmaker/server/internal/db/jobs.sql.go:196.91,212.2 4 0
github.com/xaosmaker/server/internal/db/jobs.sql.go:259.105,275.2 4 0
github.com/xaosmaker/server/internal/db/jobs.sql.go:285.90,301.2 4 0
github.com/xaosmaker/server/internal/db/jobs.sql.go:319.127,324.2 4 0
github.com/xaosmaker/server/internal/db/seasons.sql.go:28.93,51.2 4 0
github.com/xaosmaker/server/internal/db/seasons.sql.go:57.69,60.2 2 0
github.com/xaosmaker/server/internal/db/seasons.sql.go:96.108,98.16 2 0
github.com/xaosmaker/server/internal/db/seasons.sql.go:98.16,100.3 1 0
github.com/xaosmaker/server/internal/db/seasons.sql.go:101.2,103.18 3 0
github.com/xaosmaker/server/internal/db/seasons.sql.go:103.18,120.17 2 0
github.com/xaosmaker/server/internal/db/seasons.sql.go:120.17,122.4 1 0
github.com/xaosmaker/server/internal/db/seasons.sql.go:123.3,123.27 1 0
github.com/xaosmaker/server/internal/db/seasons.sql.go:125.2,125.35 1 0
github.com/xaosmaker/server/internal/db/seasons.sql.go:125.35,127.3 1 0
github.com/xaosmaker/server/internal/db/seasons.sql.go:128.2,128.19 1 0
github.com/xaosmaker/server/internal/db/seasons.sql.go:140.87,145.2 4 0
github.com/xaosmaker/server/internal/db/seasons.sql.go:154.91,171.2 4 0
github.com/xaosmaker/server/internal/db/seasons.sql.go:185.100,190.2 4 0
github.com/xaosmaker/server/internal/db/seasons.sql.go:223.90,243.2 4 0
github.com/xaosmaker/server/internal/db/seasons.sql.go:277.109,279.16 2 0
github.com/xaosmaker/server/internal/db/seasons.sql.go:279.16,281.3 1 0
github.com/xaosmaker/server/internal/db/seasons.sql.go:282.2,284.18 3 0
github.com/xaosmaker/server/internal/db/seasons.sql.go:284.18,301.17 2 0
github.com/xaosmaker/server/internal/db/seasons.sql.go:301.17,303.4 1 0
github.com/xaosmaker/server/internal/db/seasons.sql.go:304.3,304.27 1 0
github.com/xaosmaker/server/internal/db/seasons.sql.go:306.2,306.35 1 0
github.com/xaosmaker/server/internal/db/seasons.sql.go:306.35,308.3 1 0
github.com/xaosmaker/server/internal/db/seasons.sql.go:309.2,309.19 1 0
github.com/xaosmaker/server/internal/db/seasons.sql.go:332.83,342.2 2 0
github.com/xaosmaker/server/internal/db/settings.sql.go:17.87,29.2 4 0
github.com/xaosmaker/server/internal/db/settings.sql.go:42.98,54.2 4 0
github.com/xaosmaker/server/internal/db/supplies.sql.go:40.97,61.2 4 0
github.com/xaosmaker/server/internal/db/supplies.sql.go:74.83,77.2 2 0
github.com/xaosmaker/server/internal/db/supplies.sql.go:85.87,87.16 2 0
github.com/xaosmaker/server/internal/db/supplies.sql.go:87.16,89.3 1 0
github.com/xaosmaker/server/internal/db/supplies.sql.go:90.2,92.18 3 0
github.com/xaosmaker/server/internal/db/supplies.sql.go:92.18,104.17 2 0
github.com/xaosmaker/server/internal/db/supplies.sql.go:104.17,106.4 1 0
github.com/xaosmaker/server/internal/db/supplies.sql.go:107.3,107.27 1 0
github.com/xaosmaker/server/internal/db/supplies.sql.go:109.2,109.35 1 0
github.com/xaosmaker/server/internal/db/supplies.sql.go:109.35,111.3 1 0
github.com/xaosmaker/server/internal/db/supplies.sql.go:112.2,112.19 1 0
github.com/xaosmaker/server/internal/db/supplies.sql.go:127.101,142.2 4 0
github.com/xaosmaker/server/internal/db/supplies.sql.go:162.83,171.2 2 0
github.com/xaosmaker/server/internal/db/users.sql.go:53.96,67.2 4 0
github.com/xaosmaker/server/internal/db/users.sql.go:73.68,75.16 2 0
github.com/xaosmaker/server/internal/db/users.sql.go:75.16,77.3 1 0
github.com/xaosmaker/server/internal/db/users.sql.go:78.2,80.18 3 0
github.com/xaosmaker/server/internal/db/users.sql.go:80.18,91.17 2 0
github.com/xaosmaker/server/internal/db/users.sql.go:91.17,93.4 1 0
github.com/xaosmaker/server/internal/db/users.sql.go:94.3,94.27 1 0
github.com/xaosmaker/server/internal/db/users.sql.go:96.2,96.35 1 0
github.com/xaosmaker/server/internal/db/users.sql.go:96.35,98.3 1 0
github.com/xaosmaker/server/internal/db/users.sql.go:99.2,99.19 1 0
github.com/xaosmaker/server/internal/db/users.sql.go:107.76,121.2 4 0
github.com/xaosmaker/server/internal/db/users.sql.go:128.83,142.2 4 0
github.com/xaosmaker/server/internal/db/users.sql.go:149.92,163.2 4 0
github.com/xaosmaker/server/internal/db/users.sql.go:189.110,209.2 4 0
github.com/xaosmaker/server/internal/db/users.sql.go:227.79,235.2 2 0
github.com/xaosmaker/server/internal/farm/farm_dto.go:16.45,26.2 2 0
github.com/xaosmaker/server/internal/farm/farm_router.go:9.51,14.2 3 0
github.com/xaosmaker/server/internal/farm/farm_router.go:16.45,26.2 5 0
github.com/xaosmaker/server/internal/farm/handlers.go:11.73,19.20 4 0
github.com/xaosmaker/server/internal/farm/handlers.go:19.20,22.3 2 0
github.com/xaosmaker/server/internal/farm/handlers.go:24.2,24.72 1 0
github.com/xaosmaker/server/internal/farm/handlers.go:24.72,27.3 2 0
github.com/xaosmaker/server/internal/farm/handlers.go:29.2,30.16 2 0
github.com/xaosmaker/server/internal/farm/handlers.go:30.16,33.3 2 0
github.com/xaosmaker/server/internal/farm/handlers.go:34.2,35.16 2 0
github.com/xaosmaker/server/internal/farm/handlers.go:35.16,38.3 2 0
github.com/xaosmaker/server/internal/farm/handlers.go:40.2,41.16 2 0
github.com/xaosmaker/server/internal/farm/handlers.go:41.16,45.3 2 0
github.com/xaosmaker/server/internal/farm/handlers.go:47.2,48.15 2 0
github.com/xaosmaker/server/internal/farm/handlers.go:52.70,54.20 2 0
github.com/xaosmaker/server/internal/farm/handlers.go:54.20,57.3 2 0
github.com/xaosmaker/server/internal/farm/handlers.go:59.2,60.16 2 0
github.com/xaosmaker/server/internal/farm/handlers.go:60.16,64.3 2 0
github.com/xaosmaker/server/internal/farm/handlers.go:65.2,66.16 2 0
github.com/xaosmaker/server/internal/farm/handlers.go:66.16,69.3 2 0
github.com/xaosmaker/server/internal/farm/handlers.go:71.2,72.15 2 0
github.com/xaosmaker/server/internal/field/field_dto.go:26.65,42.2 1 0
github.com/xaosmaker/server/internal/field/field_router.go:9.52,17.2 5 0
github.com/xaosmaker/server/internal/field/field_router.go:19.46,30.2 6 0
github.com/xaosmaker/server/internal/field/handlers.go:32.75,34.20 2 0
github.com/xaosmaker/server/internal/field/handlers.go:34.20,37.3 2 0
github.com/xaosmaker/server/internal/field/handlers.go:38.2,39.20 2 0
github.com/xaosmaker/server/internal/field/handlers.go:39.20,42.3 2 0
github.com/xaosmaker/server/internal/field/handlers.go:44.2,48.16 2 0
github.com/xaosmaker/server/internal/field/handlers.go:48.16,51.3 2 0
github.com/xaosmaker/server/internal/field/handlers.go:53.2,55.55 2 0
github.com/xaosmaker/server/internal/field/handlers.go:55.55,58.3 2 0
github.com/xaosmaker/server/internal/field/handlers.go:59.2,59.27 1 0
github.com/xaosmaker/server/internal/field/handlers.go:59.27,61.3 1 0
github.com/xaosmaker/server/internal/field/handlers.go:63.2,75.16 3 0
github.com/xaosmaker/server/internal/field/handlers.go:75.16,76.45 1 0
github.com/xaosmaker/server/internal/field/handlers.go:76.45,80.4 2 0
github.com/xaosmaker/server/internal/field/handlers.go:82.3,83.9 2 0
github.com/xaosmaker/server/internal/field/handlers.go:85.2,87.16 3 0
github.com/xaosmaker/server/internal/field/handlers.go:91.75,93.20 2 0
github.com/xaosmaker/server/internal/field/handlers.go:93.20,96.3 2 0
github.com/xaosmaker/server/internal/field/handlers.go:98.2,100.60 2 0
github.com/xaosmaker/server/internal/field/handlers.go:100.60,103.3 2 0
github.com/xaosmaker/server/internal/field/handlers.go:105.2,117.16 3 0
github.com/xaosmaker/server/internal/field/handlers.go:117.16,118.45 1 0
github.com/xaosmaker/server/internal/field/handlers.go:118.45,121.4 2 0
github.com/xaosmaker/server/internal/field/handlers.go:123.3,124.9 2 0
github.com/xaosmaker/server/internal/field/handlers.go:126.2,128.15 3 0
github.com/xaosmaker/server/internal/field/handlers.go:132.75,134.20 2 0
github.com/xaosmaker/server/internal/field/handlers.go:134.20,137.3 2 0
github.com/xaosmaker/server/internal/field/handlers.go:138.2,139.20 2 0
github.com/xaosmaker/server/internal/field/handlers.go:139.20,142.3 2 0
github.com/xaosmaker/server/internal/field/handlers.go:144.2,148.16 2 0
github.com/xaosmaker/server/internal/field/handlers.go:148.16,151.3 2 0
github.com/xaosmaker/server/internal/field/handlers.go:152.2,153.16 2 0
github.com/xaosmaker/server/internal/field/handlers.go:153.16,156.3 2 0
github.com/xaosmaker/server/internal/field/handlers.go:157.2,157.20 1 0
github.com/xaosmaker/server/internal/field/handlers.go:161.76,163.20 2 0
github.com/xaosmaker/server/internal/field/handlers.go:163.20,166.3 2 0
github.com/xaosmaker/server/internal/field/handlers.go:168.2,169.20 2 0
github.com/xaosmaker/server/internal/field/handlers.go:169.20,172.3 2 0
github.com/xaosmaker/server/internal/field/handlers.go:174.2,179.16 2 0
github.com/xaosmaker/server/internal/field/handlers.go:179.16,182.3 2 0
github.com/xaosmaker/server/internal/field/handlers.go:184.2,185.16 2 0
github.com/xaosmaker/server/internal/field/handlers.go:185.16,188.3 2 0
github.com/xaosmaker/server/internal/field/handlers.go:189.2,190.16 2 0
github.com/xaosmaker/server/internal/field/handlers.go:194.76,197.20 2 0
github.com/xaosmaker/server/internal/field/handlers.go:197.20,200.3 2 0
github.com/xaosmaker/server/internal/field/handlers.go:201.2,202.16 2 0
github.com/xaosmaker/server/internal/field/handlers.go:202.16,207.3 2 0
github.com/xaosmaker/server/internal/field/handlers.go:209.2,210.29 2 0
github.com/xaosmaker/server/internal/field/handlers.go:210.29,212.3 1 0
github.com/xaosmaker/server/internal/field/handlers.go:214.2,216.16 2 0
github.com/xaosmaker/server/internal/field/handlers.go:216.16,219.3 2 0
github.com/xaosmaker/server/internal/field/handlers.go:221.2,222.16 2 0
github.com/xaosmaker/server/internal/httpx/error.go:16.34,18.26 1 0
github.com/xaosmaker/server/internal/httpx/error.go:19.14,20.19 1 0
github.com/xaosmaker/server/internal/httpx/error.go:20.19,22.4 1 0
github.com/xaosmaker/server/internal/httpx/error.go:23.3,23.33 1 0
github.com/xaosmaker/server/internal/httpx/error.go:24.16,25.11 1 0
github.com/xaosmaker/server/internal/httpx/error.go:26.19,27.11 1 0
github.com/xaosmaker/server/internal/httpx/error.go:28.10,29.42 1 0
github.com/xaosmaker/server/internal/httpx/error.go:33.67,35.54 1 0
github.com/xaosmaker/server/internal/httpx/error.go:35.54,38.24 2 0
github.com/xaosmaker/server/internal/httpx/error.go:38.24,41.4 1 0
github.com/xaosmaker/server/internal/httpx/error.go:41.9,43.4 1 0
github.com/xaosmaker/server/internal/httpx/error.go:45.3,53.17 5 0
github.com/xaosmaker/server/internal/httpx/error.go:53.17,55.4 1 0
github.com/xaosmaker/server/internal/httpx/error.go:56.3,56.16 1 0
github.com/xaosmaker/server/internal/httpx/get_user_from_context.go:9.93,15.14 3 0
github.com/xaosmaker/server/internal/httpx/get_user_from_context.go:15.14,17.10 2 0
github.com/xaosmaker/server/internal/httpx/get_user_from_context.go:17.10,19.4 1 0
github.com/xaosmaker/server/internal/httpx/get_user_from_context.go:20.3,20.42 1 0
github.com/xaosmaker/server/internal/httpx/get_user_from_context.go:20.42,22.4 1 0
github.com/xaosmaker/server/internal/httpx/get_user_from_context.go:23.3,23.19 1 0
github.com/xaosmaker/server/internal/httpx/get_user_from_context.go:25.2,25.77 1 0
github.com/xaosmaker/server/internal/httpx/other.go:9.88,12.16 2 0
github.com/xaosmaker/server/internal/httpx/other.go:12.16,14.3 1 0
github.com/xaosmaker/server/internal/httpx/other.go:15.2,15.17 1 0
github.com/xaosmaker/server/internal/httpx/types.go:3.38,12.2 1 0
github.com/xaosmaker/server/internal/httpx/types.go:13.34,20.2 1 0
github.com/xaosmaker/server/internal/httpx/types.go:21.31,29.2 1 0
github.com/xaosmaker/server/internal/httpx/types.go:31.26,51.2 1 0
github.com/xaosmaker/server/internal/httpx/unitConverter.go:3.41,4.18 1 0
github.com/xaosmaker/server/internal/httpx/unitConverter.go:5.18,6.14 1 0
github.com/xaosmaker/server/internal/httpx/unitConverter.go:7.18,8.15 1 0
github.com/xaosmaker/server/internal/httpx/unitConverter.go:9.10,10.11 1 0
github.com/xaosmaker/server/internal/httpx/validate_fields.go:17.53,18.34 1 0
github.com/xaosmaker/server/internal/httpx/validate_fields.go:20.18,21.51 1 0
github.com/xaosmaker/server/internal/httpx/validate_fields.go:22.13,23.82 1 0
github.com/xaosmaker/server/internal/httpx/validate_fields.go:24.13,25.71 1 0
github.com/xaosmaker/server/internal/httpx/validate_fields.go:26.15,27.40 1 0
github.com/xaosmaker/server/internal/httpx/validate_fields.go:28.23,29.82 1 0
github.com/xaosmaker/server/internal/httpx/validate_fields.go:30.15,31.76 1 0
github.com/xaosmaker/server/internal/httpx/validate_fields.go:32.17,33.97 1 0
github.com/xaosmaker/server/internal/httpx/validate_fields.go:34.24,35.120 1 0
github.com/xaosmaker/server/internal/httpx/validate_fields.go:36.17,37.61 1 0
github.com/xaosmaker/server/internal/httpx/validate_fields.go:38.23,39.102 1 0
github.com/xaosmaker/server/internal/httpx/validate_fields.go:40.29,41.105 1 0
github.com/xaosmaker/server/internal/httpx/validate_fields.go:42.23,43.85 1 0
github.com/xaosmaker/server/internal/httpx/validate_fields.go:44.10,45.69 1 0
github.com/xaosmaker/server/internal/httpx/validate_fields.go:50.50,54.33 2 0
github.com/xaosmaker/server/internal/httpx/validate_fields.go:54.33,56.3 1 0
github.com/xaosmaker/server/internal/httpx/validate_fields.go:58.2,58.32 1 0
github.com/xaosmaker/server/internal/httpx/validate_fields.go:58.32,60.3 1 0
github.com/xaosmaker/server/internal/httpx/validate_fields.go:62.2,64.9 2 0
github.com/xaosmaker/server/internal/httpx/validate_fields.go:64.9,66.3 1 0
github.com/xaosmaker/server/internal/httpx/validate_fields.go:68.2,70.15 2 0
github.com/xaosmaker/server/internal/httpx/validate_fields.go:70.15,72.3 1 0
github.com/xaosmaker/server/internal/httpx/validate_fields.go:73.2,73.15 1 0
github.com/xaosmaker/server/internal/httpx/validate_fields.go:76.40,89.16 10 0
github.com/xaosmaker/server/internal/httpx/validate_fields.go:89.16,90.54 1 0
github.com/xaosmaker/server/internal/httpx/validate_fields.go:90.54,94.4 1 0
github.com/xaosmaker/server/internal/httpx/validate_fields.go:95.3,95.21 1 0
github.com/xaosmaker/server/internal/httpx/validate_fields.go:98.2,98.12 1 0
github.com/xaosmaker/server/internal/httpx/validate_fields.go:102.44,106.16 3 0
github.com/xaosmaker/server/internal/httpx/validate_fields.go:106.16,108.3 1 0
github.com/xaosmaker/server/internal/httpx/validate_fields.go:109.2,109.12 1 0
github.com/xaosmaker/server/internal/httpx/validate_fields.go:113.66,116.16 3 0
github.com/xaosmaker/server/internal/httpx/validate_fields.go:116.16,118.3 1 0
github.com/xaosmaker/server/internal/httpx/validate_fields.go:120.2,120.12 1 0
github.com/xaosmaker/server/internal/httpx/validators.go:13.60,15.39 2 0
github.com/xaosmaker/server/internal/httpx/validators.go:15.39,17.3 1 0
github.com/xaosmaker/server/internal/httpx/validators.go:19.2,20.16 2 0
github.com/xaosmaker/server/internal/httpx/validators.go:20.16,22.3 1 0
github.com/xaosmaker/server/internal/httpx/validators.go:24.2,24.13 1 0
github.com/xaosmaker/server/internal/httpx/validators.go:28.62,31.39 2 0
github.com/xaosmaker/server/internal/httpx/validators.go:31.39,33.3 1 0
github.com/xaosmaker/server/internal/httpx/validators.go:34.2,36.47 2 0
github.com/xaosmaker/server/internal/httpx/validators.go:40.56,43.39 2 0
github.com/xaosmaker/server/internal/httpx/validators.go:43.39,45.3 1 0
github.com/xaosmaker/server/internal/httpx/validators.go:46.2,48.44 2 0
github.com/xaosmaker/server/internal/httpx/validators.go:52.53,55.39 2 0
github.com/xaosmaker/server/internal/httpx/validators.go:55.39,57.3 1 0
github.com/xaosmaker/server/internal/httpx/validators.go:58.2,60.39 2 0
github.com/xaosmaker/server/internal/httpx/validators.go:63.56,64.45 1 0
github.com/xaosmaker/server/internal/httpx/validators.go:64.45,65.85 1 0
github.com/xaosmaker/server/internal/httpx/validators.go:65.85,66.12 1 0
github.com/xaosmaker/server/internal/httpx/validators.go:68.3,68.15 1 0
github.com/xaosmaker/server/internal/httpx/validators.go:70.2,70.13 1 0
github.com/xaosmaker/server/internal/httpx/validators.go:74.51,77.16 3 0
github.com/xaosmaker/server/internal/httpx/validators.go:77.16,79.3 1 0
github.com/xaosmaker/server/internal/httpx/validators.go:81.2,84.29 4 0
github.com/xaosmaker/server/internal/httpx/validators.go:84.29,86.3 1 0
github.com/xaosmaker/server/internal/httpx/validators.go:88.2,88.31 1 0
github.com/xaosmaker/server/internal/httpx/validators.go:88.31,89.58 1 0
github.com/xaosmaker/server/internal/httpx/validators.go:89.58,90.31 1 0
github.com/xaosmaker/server/internal/httpx/validators.go:90.31,92.5 1 0
github.com/xaosmaker/server/internal/httpx/validators.go:92.10,92.38 1 0
github.com/xaosmaker/server/internal/httpx/validators.go:92.38,95.5 1 0
github.com/xaosmaker/server/internal/httpx/validators.go:100.2,100.29 1 0
github.com/xaosmaker/server/internal/jobs/handlers.go:32.72,34.20 2 0
github.com/xaosmaker/server/internal/jobs/handlers.go:34.20,37.3 2 0
github.com/xaosmaker/server/internal/jobs/handlers.go:38.2,39.20 2 0
github.com/xaosmaker/server/internal/jobs/handlers.go:39.20,42.3 2 0
github.com/xaosmaker/server/internal/jobs/handlers.go:43.2,47.16 2 0
github.com/xaosmaker/server/internal/jobs/handlers.go:47.16,50.3 2 0
github.com/xaosmaker/server/internal/jobs/handlers.go:51.2,51.25 1 0
github.com/xaosmaker/server/internal/jobs/handlers.go:51.25,54.3 2 0
github.com/xaosmaker/server/internal/jobs/handlers.go:55.2,56.16 2 0
github.com/xaosmaker/server/internal/jobs/handlers.go:56.16,60.3 2 0
github.com/xaosmaker/server/internal/jobs/handlers.go:61.2,61.20 1 0
github.com/xaosmaker/server/internal/jobs/handlers.go:65.72,69.20 3 0
github.com/xaosmaker/server/internal/jobs/handlers.go:69.20,72.3 2 0
github.com/xaosmaker/server/internal/jobs/handlers.go:73.2,74.65 2 0
github.com/xaosmaker/server/internal/jobs/handlers.go:74.65,77.3 2 0
github.com/xaosmaker/server/internal/jobs/handlers.go:78.2,78.72 1 0
github.com/xaosmaker/server/internal/jobs/handlers.go:78.72,79.40 1 0
github.com/xaosmaker/server/internal/jobs/handlers.go:79.40,83.4 2 0
github.com/xaosmaker/server/internal/jobs/handlers.go:84.3,84.47 1 0
github.com/xaosmaker/server/internal/jobs/handlers.go:84.47,86.53 1 0
github.com/xaosmaker/server/internal/jobs/handlers.go:86.53,90.5 2 0
github.com/xaosmaker/server/internal/jobs/handlers.go:92.3,92.21 1 0
github.com/xaosmaker/server/internal/jobs/handlers.go:94.2,98.16 2 0
github.com/xaosmaker/server/internal/jobs/handlers.go:98.16,101.3 2 0
github.com/xaosmaker/server/internal/jobs/handlers.go:103.2,104.16 2 0
github.com/xaosmaker/server/internal/jobs/handlers.go:104.16,107.3 2 0
github.com/xaosmaker/server/internal/jobs/handlers.go:108.2,108.32 1 0
github.com/xaosmaker/server/internal/jobs/handlers.go:108.32,111.3 2 0
github.com/xaosmaker/server/internal/jobs/handlers.go:112.2,112.52 1 0
github.com/xaosmaker/server/internal/jobs/handlers.go:112.52,115.3 2 0
github.com/xaosmaker/server/internal/jobs/handlers.go:117.2,124.16 2 0
github.com/xaosmaker/server/internal/jobs/handlers.go:124.16,127.3 2 0
github.com/xaosmaker/server/internal/jobs/handlers.go:128.2,128.17 1 0
github.com/xaosmaker/server/internal/jobs/handlers.go:128.17,129.45 1 0
github.com/xaosmaker/server/internal/jobs/handlers.go:129.45,135.18 2 0
github.com/xaosmaker/server/internal/jobs/handlers.go:135.18,138.5 2 0
github.com/xaosmaker/server/internal/jobs/handlers.go:142.2,143.16 2 0
github.com/xaosmaker/server/internal/jobs/handlers.go:143.16,146.3 2 0
github.com/xaosmaker/server/internal/jobs/handlers.go:148.2,149.16 2 0
github.com/xaosmaker/server/internal/jobs/handlers.go:152.73,154.20 2 0
github.com/xaosmaker/server/internal/jobs/handlers.go:154.20,157.3 2 0
github.com/xaosmaker/server/internal/jobs/handlers.go:158.2,159.20 2 0
github.com/xaosmaker/server/internal/jobs/handlers.go:159.20,162.3 2 0
github.com/xaosmaker/server/internal/jobs/handlers.go:163.2,163.108 1 0
github.com/xaosmaker/server/internal/jobs/handlers.go:163.108,166.3 2 0
github.com/xaosmaker/server/internal/jobs/handlers.go:168.2,168.69 1 0
github.com/xaosmaker/server/internal/jobs/handlers.go:168.69,172.3 2 0
github.com/xaosmaker/server/internal/jobs/handlers.go:174.2,175.16 2 0
github.com/xaosmaker/server/internal/jobs/handlers.go:175.16,178.3 2 0
github.com/xaosmaker/server/internal/jobs/handlers.go:180.2,181.27 2 0
github.com/xaosmaker/server/internal/jobs/handlers.go:181.27,183.3 1 0
github.com/xaosmaker/server/internal/jobs/handlers.go:185.2,186.16 2 0
github.com/xaosmaker/server/internal/jobs/handlers.go:186.16,189.3 2 0
github.com/xaosmaker/server/internal/jobs/handlers.go:190.2,191.15 2 0
github.com/xaosmaker/server/internal/jobs/handlers.go:194.76,198.20 2 0
github.com/xaosmaker/server/internal/jobs/handlers.go:198.20,201.3 2 0
github.com/xaosmaker/server/internal/jobs/handlers.go:203.2,204.20 2 0
github.com/xaosmaker/server/internal/jobs/handlers.go:204.20,207.3 2 0
github.com/xaosmaker/server/internal/jobs/handlers.go:209.2,210.20 2 0
github.com/xaosmaker/server/internal/jobs/handlers.go:210.20,213.3 2 0
github.com/xaosmaker/server/internal/jobs/handlers.go:215.2,219.16 2 0
github.com/xaosmaker/server/internal/jobs/handlers.go:219.16,221.3 1 0
github.com/xaosmaker/server/internal/jobs/handlers.go:222.2,228.16 2 0
github.com/xaosmaker/server/internal/jobs/handlers.go:228.16,231.3 2 0
github.com/xaosmaker/server/internal/jobs/handlers.go:232.2,235.16 3 0
github.com/xaosmaker/server/internal/jobs/handlers.go:235.16,238.3 2 0
github.com/xaosmaker/server/internal/jobs/handlers.go:239.2,240.15 2 0
github.com/xaosmaker/server/internal/jobs/jobsRouter.go:9.49,16.2 4 0
github.com/xaosmaker/server/internal/jobs/jobsRouter.go:18.45,29.2 5 0
github.com/xaosmaker/server/internal/jobs/jobs_dto.go:25.69,40.2 1 0
github.com/xaosmaker/server/internal/jobs/jobs_dto.go:42.62,56.2 1 0
github.com/xaosmaker/server/internal/middlewares/trail_slash_error_middleware.go:10.64,12.71 1 0
github.com/xaosmaker/server/internal/middlewares/trail_slash_error_middleware.go:12.71,13.41 1 0
github.com/xaosmaker/server/internal/middlewares/trail_slash_error_middleware.go:13.41,16.4 2 0
github.com/xaosmaker/server/internal/middlewares/trail_slash_error_middleware.go:18.3,18.23 1 0
github.com/xaosmaker/server/internal/seasons/handlers.go:16.85,18.20 2 0
github.com/xaosmaker/server/internal/seasons/handlers.go:18.20,20.3 1 0
github.com/xaosmaker/server/internal/seasons/handlers.go:21.2,22.16 2 0
github.com/xaosmaker/server/internal/seasons/handlers.go:22.16,24.3 1 0
github.com/xaosmaker/server/internal/seasons/handlers.go:25.2,26.28 2 0
github.com/xaosmaker/server/internal/seasons/handlers.go:26.28,28.3 1 0
github.com/xaosmaker/server/internal/seasons/handlers.go:29.2,31.15 3 0
github.com/xaosmaker/server/internal/seasons/handlers.go:34.78,44.20 3 0
github.com/xaosmaker/server/internal/seasons/handlers.go:44.20,47.3 2 0
github.com/xaosmaker/server/internal/seasons/handlers.go:49.2,50.20 2 0
github.com/xaosmaker/server/internal/seasons/handlers.go:50.20,53.3 2 0
github.com/xaosmaker/server/internal/seasons/handlers.go:55.2,56.72 2 0
github.com/xaosmaker/server/internal/seasons/handlers.go:56.72,59.3 2 0
github.com/xaosmaker/server/internal/seasons/handlers.go:60.2,60.108 1 0
github.com/xaosmaker/server/internal/seasons/handlers.go:60.108,63.3 2 0
github.com/xaosmaker/server/internal/seasons/handlers.go:65.2,66.16 2 0
github.com/xaosmaker/server/internal/seasons/handlers.go:66.16,69.3 2 0
github.com/xaosmaker/server/internal/seasons/handlers.go:74.2,74.35 1 0
github.com/xaosmaker/server/internal/seasons/handlers.go:74.35,77.91 2 0
github.com/xaosmaker/server/internal/seasons/handlers.go:77.91,78.52 1 0
github.com/xaosmaker/server/internal/seasons/handlers.go:78.52,82.5 2 0
github.com/xaosmaker/server/internal/seasons/handlers.go:84.3,85.57 2 0
github.com/xaosmaker/server/internal/seasons/handlers.go:85.57,89.4 2 0
github.com/xaosmaker/server/internal/seasons/handlers.go:92.2,92.32 1 0
github.com/xaosmaker/server/internal/seasons/handlers.go:92.32,95.3 2 0
github.com/xaosmaker/server/internal/seasons/handlers.go:99.2,99.36 1 0
github.com/xaosmaker/server/internal/seasons/handlers.go:99.36,102.46 3 0
github.com/xaosmaker/server/internal/seasons/handlers.go:102.46,105.4 2 0
github.com/xaosmaker/server/internal/seasons/handlers.go:106.3,107.36 2 0
github.com/xaosmaker/server/internal/seasons/handlers.go:107.36,110.4 1 0
github.com/xaosmaker/server/internal/seasons/handlers.go:111.3,111.42 1 0
github.com/xaosmaker/server/internal/seasons/handlers.go:111.42,115.4 2 0
github.com/xaosmaker/server/internal/seasons/handlers.go:118.2,118.36 1 0
github.com/xaosmaker/server/internal/seasons/handlers.go:118.36,120.53 2 0
github.com/xaosmaker/server/internal/seasons/handlers.go:120.53,122.95 2 0
github.com/xaosmaker/server/internal/seasons/handlers.go:122.95,125.5 2 0
github.com/xaosmaker/server/internal/seasons/handlers.go:129.2,137.20 2 0
github.com/xaosmaker/server/internal/seasons/handlers.go:141.78,143.20 2 0
github.com/xaosmaker/server/internal/seasons/handlers.go:143.20,146.3 2 0
github.com/xaosmaker/server/internal/seasons/handlers.go:147.2,148.20 2 0
github.com/xaosmaker/server/internal/seasons/handlers.go:148.20,151.3 2 0
github.com/xaosmaker/server/internal/seasons/handlers.go:153.2,153.108 1 0
github.com/xaosmaker/server/internal/seasons/handlers.go:153.108,156.3 2 0
github.com/xaosmaker/server/internal/seasons/handlers.go:157.2,157.88 1 0
github.com/xaosmaker/server/internal/seasons/handlers.go:157.88,161.3 2 0
github.com/xaosmaker/server/internal/seasons/handlers.go:163.2,164.16 2 0
github.com/xaosmaker/server/internal/seasons/handlers.go:164.16,167.3 2 0
github.com/xaosmaker/server/internal/seasons/handlers.go:168.2,168.20 1 0
github.com/xaosmaker/server/internal/seasons/handlers.go:172.82,174.20 2 0
github.com/xaosmaker/server/internal/seasons/handlers.go:174.20,177.3 2 0
github.com/xaosmaker/server/internal/seasons/handlers.go:179.2,180.20 2 0
github.com/xaosmaker/server/internal/seasons/handlers.go:180.20,183.3 2 0
github.com/xaosmaker/server/internal/seasons/handlers.go:185.2,187.16 2 0
github.com/xaosmaker/server/internal/seasons/handlers.go:187.16,190.3 2 0
github.com/xaosmaker/server/internal/seasons/handlers.go:192.2,196.16 2 0
github.com/xaosmaker/server/internal/seasons/handlers.go:196.16,199.3 2 0
github.com/xaosmaker/server/internal/seasons/handlers.go:200.2,202.15 3 0
github.com/xaosmaker/server/internal/seasons/handlers.go:205.78,213.72 3 0
github.com/xaosmaker/server/internal/seasons/handlers.go:213.72,217.3 2 0
github.com/xaosmaker/server/internal/seasons/handlers.go:218.2,219.20 2 0
github.com/xaosmaker/server/internal/seasons/handlers.go:219.20,222.3 2 0
github.com/xaosmaker/server/internal/seasons/handlers.go:224.2,226.20 3 0
github.com/xaosmaker/server/internal/seasons/handlers.go:226.20,229.3 2 0
github.com/xaosmaker/server/internal/seasons/handlers.go:231.2,231.83 1 0
github.com/xaosmaker/server/internal/seasons/handlers.go:231.83,233.57 2 0
github.com/xaosmaker/server/internal/seasons/handlers.go:233.57,237.4 2 0
github.com/xaosmaker/server/internal/seasons/handlers.go:240.2,244.16 2 0
github.com/xaosmaker/server/internal/seasons/handlers.go:244.16,247.3 2 0
github.com/xaosmaker/server/internal/seasons/handlers.go:248.2,248.106 1 0
github.com/xaosmaker/server/internal/seasons/handlers.go:248.106,251.3 2 0
github.com/xaosmaker/server/internal/seasons/handlers.go:252.2,259.16 2 0
github.com/xaosmaker/server/internal/seasons/handlers.go:259.16,261.3 1 0
github.com/xaosmaker/server/internal/seasons/handlers.go:262.2,262.20 1 0
github.com/xaosmaker/server/internal/seasons/handlers.go:266.79,268.20 2 0
github.com/xaosmaker/server/internal/seasons/handlers.go:268.20,271.3 2 0
github.com/xaosmaker/server/internal/seasons/handlers.go:272.2,273.20 2 0
github.com/xaosmaker/server/internal/seasons/handlers.go:273.20,276.3 2 0
github.com/xaosmaker/server/internal/seasons/handlers.go:277.2,281.16 2 0
github.com/xaosmaker/server/internal/seasons/handlers.go:281.16,284.3 2 0
github.com/xaosmaker/server/internal/seasons/handlers.go:285.2,287.33 3 0
github.com/xaosmaker/server/internal/seasons/handlers.go:287.33,290.3 1 0
github.com/xaosmaker/server/internal/seasons/handlers.go:291.2,292.16 2 0
github.com/xaosmaker/server/internal/seasons/handlers.go:292.16,294.3 1 0
github.com/xaosmaker/server/internal/seasons/handlers.go:295.2,296.25 2 0
github.com/xaosmaker/server/internal/seasons/season_dto.go:19.87,28.2 1 0
github.com/xaosmaker/server/internal/seasons/season_dto.go:47.84,64.2 1 0
github.com/xaosmaker/server/internal/seasons/season_dto.go:66.84,83.2 1 0
github.com/xaosmaker/server/internal/seasons/season_dto.go:85.87,102.2 1 0
github.com/xaosmaker/server/internal/seasons/season_statistics.go:10.84,12.20 2 0
github.com/xaosmaker/server/internal/seasons/season_statistics.go:12.20,15.3 2 0
github.com/xaosmaker/server/internal/seasons/season_statistics.go:16.2,17.20 2 0
github.com/xaosmaker/server/internal/seasons/season_statistics.go:17.20,20.3 2 0
github.com/xaosmaker/server/internal/seasons/season_statistics.go:21.2,21.98 1 0
github.com/xaosmaker/server/internal/seasons/season_statistics.go:21.98,24.3 2 0
github.com/xaosmaker/server/internal/seasons/season_statistics.go:25.2,26.16 2 0
github.com/xaosmaker/server/internal/seasons/season_statistics.go:26.16,29.3 2 0
github.com/xaosmaker/server/internal/seasons/season_statistics.go:30.2,31.26 2 0
github.com/xaosmaker/server/internal/seasons/season_statistics.go:31.26,32.28 1 0
github.com/xaosmaker/server/internal/seasons/season_statistics.go:32.28,34.4 1 0
github.com/xaosmaker/server/internal/seasons/season_statistics.go:35.3,35.53 1 0
github.com/xaosmaker/server/internal/seasons/season_statistics.go:37.2,38.16 2 0
github.com/xaosmaker/server/internal/seasons/season_statistics.go:38.16,41.3 2 0
github.com/xaosmaker/server/internal/seasons/season_statistics.go:42.2,43.18 2 0
github.com/xaosmaker/server/internal/seasons/seasons_router.go:9.58,17.2 5 0
github.com/xaosmaker/server/internal/seasons/seasons_router.go:19.48,32.2 8 0
github.com/xaosmaker/server/internal/supplies/handlers.go:12.79,14.20 2 0
github.com/xaosmaker/server/internal/supplies/handlers.go:14.20,17.3 2 0
github.com/xaosmaker/server/internal/supplies/handlers.go:18.2,19.20 2 0
github.com/xaosmaker/server/internal/supplies/handlers.go:19.20,22.3 2 0
github.com/xaosmaker/server/internal/supplies/handlers.go:24.2,31.64 3 0
github.com/xaosmaker/server/internal/supplies/handlers.go:31.64,34.3 2 0
github.com/xaosmaker/server/internal/supplies/handlers.go:35.2,38.17 1 0
github.com/xaosmaker/server/internal/supplies/handlers.go:38.17,41.3 2 0
github.com/xaosmaker/server/internal/supplies/handlers.go:42.2,49.16 2 0
github.com/xaosmaker/server/internal/supplies/handlers.go:49.16,52.3 2 0
github.com/xaosmaker/server/internal/supplies/handlers.go:53.2,53.20 1 0
github.com/xaosmaker/server/internal/supplies/handlers.go:57.79,59.20 2 0
github.com/xaosmaker/server/internal/supplies/handlers.go:59.20,62.3 2 0
github.com/xaosmaker/server/internal/supplies/handlers.go:64.2,71.56 3 0
github.com/xaosmaker/server/internal/supplies/handlers.go:71.56,74.3 2 0
github.com/xaosmaker/server/internal/supplies/handlers.go:75.2,82.16 2 0
github.com/xaosmaker/server/internal/supplies/handlers.go:82.16,83.45 1 0
github.com/xaosmaker/server/internal/supplies/handlers.go:83.45,86.4 2 0
github.com/xaosmaker/server/internal/supplies/handlers.go:87.3,88.9 2 0
github.com/xaosmaker/server/internal/supplies/handlers.go:90.2,91.16 2 0
github.com/xaosmaker/server/internal/supplies/handlers.go:91.16,94.3 2 0
github.com/xaosmaker/server/internal/supplies/handlers.go:95.2,96.15 2 0
github.com/xaosmaker/server/internal/supplies/handlers.go:99.83,102.20 2 0
github.com/xaosmaker/server/internal/supplies/handlers.go:102.20,105.3 2 0
github.com/xaosmaker/server/internal/supplies/handlers.go:107.2,108.20 2 0
github.com/xaosmaker/server/internal/supplies/handlers.go:108.20,111.3 2 0
github.com/xaosmaker/server/internal/supplies/handlers.go:113.2,119.16 3 0
github.com/xaosmaker/server/internal/supplies/handlers.go:119.16,122.3 2 0
github.com/xaosmaker/server/internal/supplies/handlers.go:124.2,125.27 2 0
github.com/xaosmaker/server/internal/supplies/handlers.go:129.81,132.20 2 0
github.com/xaosmaker/server/internal/supplies/handlers.go:132.20,135.3 2 0
github.com/xaosmaker/server/internal/supplies/handlers.go:137.2,138.16 2 0
github.com/xaosmaker/server/internal/supplies/handlers.go:138.16,142.3 2 0
github.com/xaosmaker/server/internal/supplies/handlers.go:144.2,145.34 2 0
github.com/xaosmaker/server/internal/supplies/handlers.go:145.34,147.3 1 0
github.com/xaosmaker/server/internal/supplies/handlers.go:149.2,150.16 2 0
github.com/xaosmaker/server/internal/supplies/handlers.go:150.16,153.3 2 0
github.com/xaosmaker/server/internal/supplies/handlers.go:155.2,156.34 2 0
github.com/xaosmaker/server/internal/supplies/handlers.go:159.79,161.20 2 0
github.com/xaosmaker/server/internal/supplies/handlers.go:161.20,164.3 2 0
github.com/xaosmaker/server/internal/supplies/handlers.go:166.2,167.20 2 0
github.com/xaosmaker/server/internal/supplies/handlers.go:167.20,170.3 2 0
github.com/xaosmaker/server/internal/supplies/handlers.go:172.2,176.16 2 0
github.com/xaosmaker/server/internal/supplies/handlers.go:176.16,179.3 2 0
github.com/xaosmaker/server/internal/supplies/handlers.go:181.2,181.20 1 0
github.com/xaosmaker/server/internal/supplies/supplies_dto.go:19.51,30.2 1 0
github.com/xaosmaker/server/internal/supplies/supplies_router.go:9.50,15.2 5 0
github.com/xaosmaker/server/internal/supplies/supplies_router.go:17.49,25.2 6 0
github.com/xaosmaker/server/internal/user_settings/handlers.go:11.82,15.16 3 0
github.com/xaosmaker/server/internal/user_settings/handlers.go:15.16,18.3 2 0
github.com/xaosmaker/server/internal/user_settings/handlers.go:19.2,20.16 2 0
github.com/xaosmaker/server/internal/user_settings/handlers.go:20.16,22.3 1 0
github.com/xaosmaker/server/internal/user_settings/handlers.go:23.2,24.26 2 0
github.com/xaosmaker/server/internal/user_settings/handlers.go:28.85,35.58 4 0
github.com/xaosmaker/server/internal/user_settings/handlers.go:35.58,38.3 2 0
github.com/xaosmaker/server/internal/user_settings/handlers.go:40.2,44.16 2 0
github.com/xaosmaker/server/internal/user_settings/handlers.go:44.16,46.3 1 0
github.com/xaosmaker/server/internal/user_settings/handlers.go:47.2,47.20 1 0
github.com/xaosmaker/server/internal/user_settings/settings_dto.go:17.56,26.2 1 0
github.com/xaosmaker/server/internal/user_settings/user_settings_router.go:9.54,18.2 5 0
github.com/xaosmaker/server/internal/utils/mail.go:10.34,17.16 6 0
github.com/xaosmaker/server/internal/utils/mail.go:17.16,19.3 1 0
github.com/xaosmaker/server/internal/utils/mail.go:21.2,22.10 2 0
github.com/xaosmaker/server/internal/utils/mail.go:25.77,35.2 7 0
github.com/xaosmaker/server/internal/utils/str_time_conv.go:5.53,13.14 1 1
github.com/xaosmaker/server/internal/utils/str_time_conv.go:13.14,15.3 1 1
github.com/xaosmaker/server/internal/utils/str_time_conv.go:17.2,18.16 2 1
github.com/xaosmaker/server/internal/utils/str_time_conv.go:18.16,20.3 1 1
github.com/xaosmaker/server/internal/utils/str_time_conv.go:21.2,21.11 1 1
github.com/xaosmaker/server/internal/utils/to_pointer.go:3.27,5.2 1 0
github.com/xaosmaker/server/main.go:12.13,25.2 6 0
github.com/xaosmaker/server/internal/app/app_router.go:22.45,48.2 20 0
github.com/xaosmaker/server/internal/auth/auth.go:15.82,23.2 2 0
github.com/xaosmaker/server/internal/auth/auth.go:25.62,27.94 2 0
github.com/xaosmaker/server/internal/auth/auth.go:27.94,31.3 1 0
github.com/xaosmaker/server/internal/auth/auth.go:33.2,33.16 1 0
github.com/xaosmaker/server/internal/auth/auth.go:33.16,35.3 1 0
github.com/xaosmaker/server/internal/auth/auth.go:37.2,38.16 2 0
github.com/xaosmaker/server/internal/auth/auth.go:38.16,40.3 1 0
github.com/xaosmaker/server/internal/auth/auth.go:42.2,42.16 1 0
github.com/xaosmaker/server/internal/auth/auth_middleware.go:14.69,15.71 1 0
github.com/xaosmaker/server/internal/auth/auth_middleware.go:15.71,16.184 1 0
github.com/xaosmaker/server/internal/auth/auth_middleware.go:16.184,19.4 2 0
github.com/xaosmaker/server/internal/auth/auth_middleware.go:21.3,22.17 2 0
github.com/xaosmaker/server/internal/auth/auth_middleware.go:22.17,26.4 3 0
github.com/xaosmaker/server/internal/auth/auth_middleware.go:27.3,30.17 3 0
github.com/xaosmaker/server/internal/auth/auth_middleware.go:30.17,34.4 3 0
github.com/xaosmaker/server/internal/auth/auth_middleware.go:35.3,37.17 2 0
github.com/xaosmaker/server/internal/auth/auth_middleware.go:37.17,41.4 3 0
github.com/xaosmaker/server/internal/auth/auth_middleware.go:42.3,43.17 2 0
github.com/xaosmaker/server/internal/auth/auth_middleware.go:43.17,47.4 3 0
github.com/xaosmaker/server/internal/auth/auth_middleware.go:48.3,50.23 3 0
github.com/xaosmaker/server/internal/auth/get_cookie.go:8.62,10.31 2 0
github.com/xaosmaker/server/internal/auth/get_cookie.go:10.31,11.24 1 0
github.com/xaosmaker/server/internal/auth/get_cookie.go:11.24,13.4 1 0
github.com/xaosmaker/server/internal/auth/get_cookie.go:15.2,15.43 1 0
github.com/xaosmaker/server/internal/auth/handlers.go:23.72,31.53 5 0
github.com/xaosmaker/server/internal/auth/handlers.go:31.53,34.3 2 0
github.com/xaosmaker/server/internal/auth/handlers.go:36.2,38.16 2 0
github.com/xaosmaker/server/internal/auth/handlers.go:38.16,41.3 2 0
github.com/xaosmaker/server/internal/auth/handlers.go:42.2,42.54 1 0
github.com/xaosmaker/server/internal/auth/handlers.go:42.54,45.3 2 0
github.com/xaosmaker/server/internal/auth/handlers.go:46.2,48.15 3 0
github.com/xaosmaker/server/internal/auth/handlers.go:48.15,50.3 1 0
github.com/xaosmaker/server/internal/auth/handlers.go:51.2,52.16 2 0
github.com/xaosmaker/server/internal/auth/handlers.go:52.16,57.3 3 0
github.com/xaosmaker/server/internal/auth/handlers.go:58.2,80.16 6 0
github.com/xaosmaker/server/internal/auth/handlers.go:80.16,83.3 2 0
github.com/xaosmaker/server/internal/auth/handlers.go:85.2,88.16 3 0
github.com/xaosmaker/server/internal/auth/handlers.go:88.16,92.3 1 0
github.com/xaosmaker/server/internal/auth/handlers.go:95.80,101.64 2 0
github.com/xaosmaker/server/internal/auth/handlers.go:101.64,104.3 2 0
github.com/xaosmaker/server/internal/auth/handlers.go:105.2,106.16 2 0
github.com/xaosmaker/server/internal/auth/handlers.go:106.16,109.3 2 0
github.com/xaosmaker/server/internal/auth/handlers.go:111.2,115.16 4 0
github.com/xaosmaker/server/internal/auth/handlers.go:115.16,118.3 2 0
github.com/xaosmaker/server/internal/auth/handlers.go:119.2,124.41 3 0
github.com/xaosmaker/server/internal/auth/handlers.go:124.41,128.3 3 0
github.com/xaosmaker/server/internal/auth/handlers.go:129.2,129.20 1 0
github.com/xaosmaker/server/internal/auth/handlers.go:132.73,138.64 2 0
github.com/xaosmaker/server/internal/auth/handlers.go:138.64,141.3 2 0
github.com/xaosmaker/server/internal/auth/handlers.go:143.2,145.16 3 0
github.com/xaosmaker/server/internal/auth/handlers.go:145.16,148.3 2 0
github.com/xaosmaker/server/internal/auth/handlers.go:149.2,150.16 2 0
github.com/xaosmaker/server/internal/auth/handlers.go:150.16,153.3 2 0
github.com/xaosmaker/server/internal/auth/handlers.go:154.2,159.16 2 0
github.com/xaosmaker/server/internal/auth/handlers.go:159.16,162.3 2 0
github.com/xaosmaker/server/internal/auth/handlers.go:163.2,163.20 1 0
github.com/xaosmaker/server/internal/auth/handlers.go:166.73,174.23 4 0
github.com/xaosmaker/server/internal/auth/handlers.go:174.23,177.3 2 0
github.com/xaosmaker/server/internal/auth/handlers.go:179.2,184.16 3 0
github.com/xaosmaker/server/internal/auth/handlers.go:184.16,185.45 1 0
github.com/xaosmaker/server/internal/auth/handlers.go:185.45,188.4 2 0
github.com/xaosmaker/server/internal/auth/handlers.go:189.3,190.9 2 0
github.com/xaosmaker/server/internal/auth/handlers.go:194.2,198.16 4 0
github.com/xaosmaker/server/internal/auth/handlers.go:198.16,201.3 2 0
github.com/xaosmaker/server/internal/auth/handlers.go:202.2,207.41 3 0
github.com/xaosmaker/server/internal/auth/handlers.go:207.41,211.3 3 0
github.com/xaosmaker/server/internal/auth/handlers.go:213.2,213.20 1 0
github.com/xaosmaker/server/internal/auth/hash_passwords.go:9.46,11.16 2 0
github.com/xaosmaker/server/internal/auth/hash_passwords.go:11.16,14.3 2 0
github.com/xaosmaker/server/internal/auth/hash_passwords.go:15.2,15.14 1 0
github.com/xaosmaker/server/internal/auth/hash_passwords.go:18.52,20.16 2 0
github.com/xaosmaker/server/internal/auth/hash_passwords.go:20.16,22.3 1 0
github.com/xaosmaker/server/internal/auth/hash_passwords.go:23.2,23.18 1 0
github.com/xaosmaker/server/internal/config/load_envs.go:8.18,11.9 2 0
github.com/xaosmaker/server/internal/config/load_envs.go:11.9,13.3 1 0
github.com/xaosmaker/server/internal/config/load_envs.go:14.2,15.9 2 0
github.com/xaosmaker/server/internal/config/load_envs.go:15.9,17.3 1 0
github.com/xaosmaker/server/internal/config/load_envs.go:18.2,19.9 2 0
github.com/xaosmaker/server/internal/config/load_envs.go:19.9,21.3 1 0
github.com/xaosmaker/server/internal/config/load_envs.go:23.2,24.9 2 0
github.com/xaosmaker/server/internal/config/load_envs.go:24.9,26.3 1 0
github.com/xaosmaker/server/internal/config/load_envs.go:28.2,29.9 2 0
github.com/xaosmaker/server/internal/config/load_envs.go:29.9,31.3 1 0
github.com/xaosmaker/server/internal/config/load_envs.go:33.2,34.9 2 0
github.com/xaosmaker/server/internal/config/load_envs.go:34.9,36.3 1 0
github.com/xaosmaker/server/internal/config/load_envs.go:38.2,39.9 2 0
github.com/xaosmaker/server/internal/config/load_envs.go:39.9,41.3 1 0
github.com/xaosmaker/server/internal/config/load_envs.go:43.2,44.9 2 0
github.com/xaosmaker/server/internal/config/load_envs.go:44.9,46.3 1 0
github.com/xaosmaker/server/internal/db/connect_db.go:13.51,15.15 2 1
github.com/xaosmaker/server/internal/db/connect_db.go:15.15,17.3 1 0
github.com/xaosmaker/server/internal/db/connect_db.go:19.2,20.6 2 1
github.com/xaosmaker/server/internal/db/connect_db.go:20.6,24.17 3 1
github.com/xaosmaker/server/internal/db/connect_db.go:24.17,26.4 1 0
github.com/xaosmaker/server/internal/db/connect_db.go:27.3,28.17 2 1
github.com/xaosmaker/server/internal/db/connect_db.go:28.17,31.4 2 1
github.com/xaosmaker/server/internal/db/connect_db.go:33.3,33.20 1 0
github.com/xaosmaker/server/internal/db/connect_db.go:33.20,35.4 1 0
github.com/xaosmaker/server/internal/db/connect_db.go:36.3,37.30 2 0
github.com/xaosmaker/server/internal/db/db.go:20.28,22.2 1 1
github.com/xaosmaker/server/internal/db/db.go:28.46,32.2 1 0
github.com/xaosmaker/server/internal/db/farm.sql.go:42.96,53.2 4 0
github.com/xaosmaker/server/internal/db/farm.sql.go:64.72,75.2 4 0
github.com/xaosmaker/server/internal/db/farm.sql.go:91.87,102.2 4 0
github.com/xaosmaker/server/internal/db/fields.sql.go:50.90,77.2 4 0
github.com/xaosmaker/server/internal/db/fields.sql.go:84.68,87.2 2 0
github.com/xaosmaker/server/internal/db/fields.sql.go:101.84,103.16 2 0
github.com/xaosmaker/server/internal/db/fields.sql.go:103.16,105.3 1 0
github.com/xaosmaker/server/internal/db/fields.sql.go:106.2,108.18 3 0
github.com/xaosmaker/server/internal/db/fields.sql.go:108.18,123.17 2 0
github.com/xaosmaker/server/internal/db/fields.sql.go:123.17,125.4 1 0
github.com/xaosmaker/server/internal/db/fields.sql.go:126.3,126.27 1 0
github.com/xaosmaker/server/internal/db/fields.sql.go:128.2,128.35 1 0
github.com/xaosmaker/server/internal/db/fields.sql.go:128.35,130.3 1 0
github.com/xaosmaker/server/internal/db/fields.sql.go:131.2,131.19 1 0
github.com/xaosmaker/server/internal/db/fields.sql.go:150.106,168.2 4 0
github.com/xaosmaker/server/internal/db/fields.sql.go:197.90,224.2 4 0
github.com/xaosmaker/server/internal/db/job_supplies.sql.go:38.104,40.16 2 0
github.com/xaosmaker/server/internal/db/job_supplies.sql.go:40.16,42.3 1 0
github.com/xaosmaker/server/internal/db/job_supplies.sql.go:43.2,45.18 3 0
github.com/xaosmaker/server/internal/db/job_supplies.sql.go:45.18,53.17 2 0
github.com/xaosmaker/server/internal/db/job_supplies.sql.go:53.17,55.4 1 0
github.com/xaosmaker/server/internal/db/job_supplies.sql.go:56.3,56.27 1 0
github.com/xaosmaker/server/internal/db/job_supplies.sql.go:58.2,58.35 1 0
github.com/xaosmaker/server/internal/db/job_supplies.sql.go:58.35,60.3 1 0
github.com/xaosmaker/server/internal/db/job_supplies.sql.go:61.2,61.19 1 0
github.com/xaosmaker/server/internal/db/jobs.sql.go:43.84,65.2 4 0
github.com/xaosmaker/server/internal/db/jobs.sql.go:90.107,103.2 4 0
github.com/xaosmaker/server/internal/db/jobs.sql.go:110.66,113.2 2 0
github.com/xaosmaker/server/internal/db/jobs.sql.go:157.92,159.16 2 0
github.com/xaosmaker/server/internal/db/jobs.sql.go:159.16,161.3 1 0
github.com/xaosmaker/server/internal/db/jobs.sql.go:162.2,164.18 3 0
github.com/xaosmaker/server/internal/db/jobs.sql.go:164.18,177.17 2 0
github.com/xaosmaker/server/internal/db/jobs.sql.go:177.17,179.4 1 0
github.com/xaosmaker/server/internal/db/jobs.sql.go:180.3,180.27 1 0
github.com/xaosmaker/server/internal/db/jobs.sql.go:182.2,182.35 1 0
github.com/xaosmaker/server/internal/db/jobs.sql.go:182.35,184.3 1 0
github.com/xaosmaker/server/internal/db/jobs.sql.go:185.2,185.19 1 0
github.com/xaosmaker/server/internal/db/jobs.sql.go:196.91,212.2 4 0
github.com/xaosmaker/server/internal/db/jobs.sql.go:259.105,275.2 4 0
github.com/xaosmaker/server/internal/db/jobs.sql.go:285.90,301.2 4 0
github.com/xaosmaker/server/internal/db/jobs.sql.go:319.127,324.2 4 0
github.com/xaosmaker/server/internal/db/seasons.sql.go:28.93,51.2 4 0
github.com/xaosmaker/server/internal/db/seasons.sql.go:57.69,60.2 2 0
github.com/xaosmaker/server/internal/db/seasons.sql.go:96.108,98.16 2 0
github.com/xaosmaker/server/internal/db/seasons.sql.go:98.16,100.3 1 0
github.com/xaosmaker/server/internal/db/seasons.sql.go:101.2,103.18 3 0
github.com/xaosmaker/server/internal/db/seasons.sql.go:103.18,120.17 2 0
github.com/xaosmaker/server/internal/db/seasons.sql.go:120.17,122.4 1 0
github.com/xaosmaker/server/internal/db/seasons.sql.go:123.3,123.27 1 0
github.com/xaosmaker/server/internal/db/seasons.sql.go:125.2,125.35 1 0
github.com/xaosmaker/server/internal/db/seasons.sql.go:125.35,127.3 1 0
github.com/xaosmaker/server/internal/db/seasons.sql.go:128.2,128.19 1 0
github.com/xaosmaker/server/internal/db/seasons.sql.go:140.87,145.2 4 0
github.com/xaosmaker/server/internal/db/seasons.sql.go:154.91,171.2 4 0
github.com/xaosmaker/server/internal/db/seasons.sql.go:185.100,190.2 4 0
github.com/xaosmaker/server/internal/db/seasons.sql.go:223.90,243.2 4 0
github.com/xaosmaker/server/internal/db/seasons.sql.go:277.109,279.16 2 0
github.com/xaosmaker/server/internal/db/seasons.sql.go:279.16,281.3 1 0
github.com/xaosmaker/server/internal/db/seasons.sql.go:282.2,284.18 3 0
github.com/xaosmaker/server/internal/db/seasons.sql.go:284.18,301.17 2 0
github.com/xaosmaker/server/internal/db/seasons.sql.go:301.17,303.4 1 0
github.com/xaosmaker/server/internal/db/seasons.sql.go:304.3,304.27 1 0
github.com/xaosmaker/server/internal/db/seasons.sql.go:306.2,306.35 1 0
github.com/xaosmaker/server/internal/db/seasons.sql.go:306.35,308.3 1 0
github.com/xaosmaker/server/internal/db/seasons.sql.go:309.2,309.19 1 0
github.com/xaosmaker/server/internal/db/seasons.sql.go:332.83,342.2 2 0
github.com/xaosmaker/server/internal/db/settings.sql.go:17.87,29.2 4 0
github.com/xaosmaker/server/internal/db/settings.sql.go:42.98,54.2 4 0
github.com/xaosmaker/server/internal/db/supplies.sql.go:40.97,61.2 4 0
github.com/xaosmaker/server/internal/db/supplies.sql.go:74.83,77.2 2 0
github.com/xaosmaker/server/internal/db/supplies.sql.go:85.87,87.16 2 0
github.com/xaosmaker/server/internal/db/supplies.sql.go:87.16,89.3 1 0
github.com/xaosmaker/server/internal/db/supplies.sql.go:90.2,92.18 3 0
github.com/xaosmaker/server/internal/db/supplies.sql.go:92.18,104.17 2 0
github.com/xaosmaker/server/internal/db/supplies.sql.go:104.17,106.4 1 0
github.com/xaosmaker/server/internal/db/supplies.sql.go:107.3,107.27 1 0
github.com/xaosmaker/server/internal/db/supplies.sql.go:109.2,109.35 1 0
github.com/xaosmaker/server/internal/db/supplies.sql.go:109.35,111.3 1 0
github.com/xaosmaker/server/internal/db/supplies.sql.go:112.2,112.19 1 0
github.com/xaosmaker/server/internal/db/supplies.sql.go:127.101,142.2 4 0
github.com/xaosmaker/server/internal/db/supplies.sql.go:162.83,171.2 2 0
github.com/xaosmaker/server/internal/db/users.sql.go:53.96,67.2 4 0
github.com/xaosmaker/server/internal/db/users.sql.go:73.68,75.16 2 0
github.com/xaosmaker/server/internal/db/users.sql.go:75.16,77.3 1 0
github.com/xaosmaker/server/internal/db/users.sql.go:78.2,80.18 3 0
github.com/xaosmaker/server/internal/db/users.sql.go:80.18,91.17 2 0
github.com/xaosmaker/server/internal/db/users.sql.go:91.17,93.4 1 0
github.com/xaosmaker/server/internal/db/users.sql.go:94.3,94.27 1 0
github.com/xaosmaker/server/internal/db/users.sql.go:96.2,96.35 1 0
github.com/xaosmaker/server/internal/db/users.sql.go:96.35,98.3 1 0
github.com/xaosmaker/server/internal/db/users.sql.go:99.2,99.19 1 0
github.com/xaosmaker/server/internal/db/users.sql.go:107.76,121.2 4 0
github.com/xaosmaker/server/internal/db/users.sql.go:128.83,142.2 4 0
github.com/xaosmaker/server/internal/db/users.sql.go:149.92,163.2 4 0
github.com/xaosmaker/server/internal/db/users.sql.go:189.110,209.2 4 0
github.com/xaosmaker/server/internal/db/users.sql.go:227.79,235.2 2 0
github.com/xaosmaker/server/internal/farm/farm_dto.go:16.45,26.2 2 0
github.com/xaosmaker/server/internal/farm/farm_router.go:9.51,14.2 3 1
github.com/xaosmaker/server/internal/farm/farm_router.go:16.45,26.2 5 1
github.com/xaosmaker/server/internal/farm/handlers.go:11.73,19.20 4 1
github.com/xaosmaker/server/internal/farm/handlers.go:19.20,22.3 2 1
github.com/xaosmaker/server/internal/farm/handlers.go:24.2,24.72 1 0
github.com/xaosmaker/server/internal/farm/handlers.go:24.72,27.3 2 0
github.com/xaosmaker/server/internal/farm/handlers.go:29.2,30.16 2 0
github.com/xaosmaker/server/internal/farm/handlers.go:30.16,33.3 2 0
github.com/xaosmaker/server/internal/farm/handlers.go:34.2,35.16 2 0
github.com/xaosmaker/server/internal/farm/handlers.go:35.16,38.3 2 0
github.com/xaosmaker/server/internal/farm/handlers.go:40.2,41.16 2 0
github.com/xaosmaker/server/internal/farm/handlers.go:41.16,45.3 2 0
github.com/xaosmaker/server/internal/farm/handlers.go:47.2,48.15 2 0
github.com/xaosmaker/server/internal/farm/handlers.go:52.70,54.20 2 0
github.com/xaosmaker/server/internal/farm/handlers.go:54.20,57.3 2 0
github.com/xaosmaker/server/internal/farm/handlers.go:59.2,60.16 2 0
github.com/xaosmaker/server/internal/farm/handlers.go:60.16,64.3 2 0
github.com/xaosmaker/server/internal/farm/handlers.go:65.2,66.16 2 0
github.com/xaosmaker/server/internal/farm/handlers.go:66.16,69.3 2 0
github.com/xaosmaker/server/internal/farm/handlers.go:71.2,72.15 2 0
github.com/xaosmaker/server/internal/field/field_dto.go:26.65,42.2 1 0
github.com/xaosmaker/server/internal/field/field_router.go:9.52,17.2 5 0
github.com/xaosmaker/server/internal/field/field_router.go:19.46,30.2 6 0
github.com/xaosmaker/server/internal/field/handlers.go:32.75,34.20 2 0
github.com/xaosmaker/server/internal/field/handlers.go:34.20,37.3 2 0
github.com/xaosmaker/server/internal/field/handlers.go:38.2,39.20 2 0
github.com/xaosmaker/server/internal/field/handlers.go:39.20,42.3 2 0
github.com/xaosmaker/server/internal/field/handlers.go:44.2,48.16 2 0
github.com/xaosmaker/server/internal/field/handlers.go:48.16,51.3 2 0
github.com/xaosmaker/server/internal/field/handlers.go:53.2,55.55 2 0
github.com/xaosmaker/server/internal/field/handlers.go:55.55,58.3 2 0
github.com/xaosmaker/server/internal/field/handlers.go:59.2,59.27 1 0
github.com/xaosmaker/server/internal/field/handlers.go:59.27,61.3 1 0
github.com/xaosmaker/server/internal/field/handlers.go:63.2,75.16 3 0
github.com/xaosmaker/server/internal/field/handlers.go:75.16,76.45 1 0
github.com/xaosmaker/server/internal/field/handlers.go:76.45,80.4 2 0
github.com/xaosmaker/server/internal/field/handlers.go:82.3,83.9 2 0
github.com/xaosmaker/server/internal/field/handlers.go:85.2,87.16 3 0
github.com/xaosmaker/server/internal/field/handlers.go:91.75,93.20 2 0
github.com/xaosmaker/server/internal/field/handlers.go:93.20,96.3 2 0
github.com/xaosmaker/server/internal/field/handlers.go:98.2,100.60 2 0
github.com/xaosmaker/server/internal/field/handlers.go:100.60,103.3 2 0
github.com/xaosmaker/server/internal/field/handlers.go:105.2,117.16 3 0
github.com/xaosmaker/server/internal/field/handlers.go:117.16,118.45 1 0
github.com/xaosmaker/server/internal/field/handlers.go:118.45,121.4 2 0
github.com/xaosmaker/server/internal/field/handlers.go:123.3,124.9 2 0
github.com/xaosmaker/server/internal/field/handlers.go:126.2,128.15 3 0
github.com/xaosmaker/server/internal/field/handlers.go:132.75,134.20 2 0
github.com/xaosmaker/server/internal/field/handlers.go:134.20,137.3 2 0
github.com/xaosmaker/server/internal/field/handlers.go:138.2,139.20 2 0
github.com/xaosmaker/server/internal/field/handlers.go:139.20,142.3 2 0
github.com/xaosmaker/server/internal/field/handlers.go:144.2,148.16 2 0
github.com/xaosmaker/server/internal/field/handlers.go:148.16,151.3 2 0
github.com/xaosmaker/server/internal/field/handlers.go:152.2,153.16 2 0
github.com/xaosmaker/server/internal/field/handlers.go:153.16,156.3 2 0
github.com/xaosmaker/server/internal/field/handlers.go:157.2,157.20 1 0
github.com/xaosmaker/server/internal/field/handlers.go:161.76,163.20 2 0
github.com/xaosmaker/server/internal/field/handlers.go:163.20,166.3 2 0
github.com/xaosmaker/server/internal/field/handlers.go:168.2,169.20 2 0
github.com/xaosmaker/server/internal/field/handlers.go:169.20,172.3 2 0
github.com/xaosmaker/server/internal/field/handlers.go:174.2,179.16 2 0
github.com/xaosmaker/server/internal/field/handlers.go:179.16,182.3 2 0
github.com/xaosmaker/server/internal/field/handlers.go:184.2,185.16 2 0
github.com/xaosmaker/server/internal/field/handlers.go:185.16,188.3 2 0
github.com/xaosmaker/server/internal/field/handlers.go:189.2,190.16 2 0
github.com/xaosmaker/server/internal/field/handlers.go:194.76,197.20 2 0
github.com/xaosmaker/server/internal/field/handlers.go:197.20,200.3 2 0
github.com/xaosmaker/server/internal/field/handlers.go:201.2,202.16 2 0
github.com/xaosmaker/server/internal/field/handlers.go:202.16,207.3 2 0
github.com/xaosmaker/server/internal/field/handlers.go:209.2,210.29 2 0
github.com/xaosmaker/server/internal/field/handlers.go:210.29,212.3 1 0
github.com/xaosmaker/server/internal/field/handlers.go:214.2,216.16 2 0
github.com/xaosmaker/server/internal/field/handlers.go:216.16,219.3 2 0
github.com/xaosmaker/server/internal/field/handlers.go:221.2,222.16 2 0
github.com/xaosmaker/server/internal/httpx/error.go:16.34,18.26 1 1
github.com/xaosmaker/server/internal/httpx/error.go:19.14,20.19 1 1
github.com/xaosmaker/server/internal/httpx/error.go:20.19,22.4 1 0
github.com/xaosmaker/server/internal/httpx/error.go:23.3,23.33 1 1
github.com/xaosmaker/server/internal/httpx/error.go:24.16,25.11 1 0
github.com/xaosmaker/server/internal/httpx/error.go:26.19,27.11 1 0
github.com/xaosmaker/server/internal/httpx/error.go:28.10,29.42 1 0
github.com/xaosmaker/server/internal/httpx/error.go:33.67,35.54 1 1
github.com/xaosmaker/server/internal/httpx/error.go:35.54,38.24 2 1
github.com/xaosmaker/server/internal/httpx/error.go:38.24,41.4 1 0
github.com/xaosmaker/server/internal/httpx/error.go:41.9,43.4 1 1
github.com/xaosmaker/server/internal/httpx/error.go:45.3,53.17 5 1
github.com/xaosmaker/server/internal/httpx/error.go:53.17,55.4 1 0
github.com/xaosmaker/server/internal/httpx/error.go:56.3,56.16 1 1
github.com/xaosmaker/server/internal/httpx/get_user_from_context.go:9.93,15.14 3 1
github.com/xaosmaker/server/internal/httpx/get_user_from_context.go:15.14,17.10 2 0
github.com/xaosmaker/server/internal/httpx/get_user_from_context.go:17.10,19.4 1 0
github.com/xaosmaker/server/internal/httpx/get_user_from_context.go:20.3,20.42 1 0
github.com/xaosmaker/server/internal/httpx/get_user_from_context.go:20.42,22.4 1 0
github.com/xaosmaker/server/internal/httpx/get_user_from_context.go:23.3,23.19 1 0
[...]
github.com/xaosmaker/server/internal/httpx/validators.go:43.39,45.3 1 0
github.com/xaosmaker/server/internal/httpx/validators.go:46.2,48.44 2 0
github.com/xaosmaker/server/internal/httpx/validators.go:52.53,55.39 2 0
github.com/xaosmaker/server/internal/httpx/validators.go:55.39,57.3 1 0
github.com/xaosmaker/server/internal/httpx/validators.go:58.2,60.39 2 0
github.com/xaosmaker/server/internal/httpx/validators.go:63.56,64.45 1 1
github.com/xaosmaker/server/internal/httpx/validators.go:64.45,65.85 1 1
github.com/xaosmaker/server/internal/httpx/validators.go:65.85,66.12 1 1
github.com/xaosmaker/server/internal/httpx/validators.go:68.3,68.15 1 1
github.com/xaosmaker/server/internal/httpx/validators.go:70.2,70.13 1 1
github.com/xaosmaker/server/internal/httpx/validators.go:74.51,77.16 3 0
github.com/xaosmaker/server/internal/httpx/validators.go:77.16,79.3 1 0
github.com/xaosmaker/server/internal/httpx/validators.go:81.2,84.29 4 0
github.com/xaosmaker/server/internal/httpx/validators.go:84.29,86.3 1 0
github.com/xaosmaker/server/internal/httpx/validators.go:88.2,88.31 1 0
github.com/xaosmaker/server/internal/httpx/validators.go:88.31,89.58 1 0
github.com/xaosmaker/server/internal/httpx/validators.go:89.58,90.31 1 0
github.com/xaosmaker/server/internal/httpx/validators.go:90.31,92.5 1 0
github.com/xaosmaker/server/internal/httpx/validators.go:92.10,92.38 1 0
github.com/xaosmaker/server/internal/httpx/validators.go:92.38,95.5 1 0
github.com/xaosmaker/server/internal/httpx/validators.go:100.2,100.29 1 0
github.com/xaosmaker/server/internal/jobs/handlers.go:32.72,34.20 2 0
github.com/xaosmaker/server/internal/jobs/handlers.go:34.20,37.3 2 0
github.com/xaosmaker/server/internal/jobs/handlers.go:38.2,39.20 2 0
github.com/xaosmaker/server/internal/jobs/handlers.go:39.20,42.3 2 0
github.com/xaosmaker/server/internal/jobs/handlers.go:43.2,47.16 2 0
github.com/xaosmaker/server/internal/jobs/handlers.go:47.16,50.3 2 0
github.com/xaosmaker/server/internal/jobs/handlers.go:51.2,51.25 1 0
github.com/xaosmaker/server/internal/jobs/handlers.go:51.25,54.3 2 0
github.com/xaosmaker/server/internal/jobs/handlers.go:55.2,56.16 2 0
github.com/xaosmaker/server/internal/jobs/handlers.go:56.16,60.3 2 0
github.com/xaosmaker/server/internal/jobs/handlers.go:61.2,61.20 1 0
github.com/xaosmaker/server/internal/jobs/handlers.go:65.72,69.20 3 0
github.com/xaosmaker/server/internal/jobs/handlers.go:69.20,72.3 2 0
github.com/xaosmaker/server/internal/jobs/handlers.go:73.2,74.65 2 0
github.com/xaosmaker/server/internal/jobs/handlers.go:74.65,77.3 2 0
github.com/xaosmaker/server/internal/jobs/handlers.go:78.2,78.72 1 0
github.com/xaosmaker/server/internal/jobs/handlers.go:78.72,79.40 1 0
github.com/xaosmaker/server/internal/jobs/handlers.go:79.40,83.4 2 0
github.com/xaosmaker/server/internal/jobs/handlers.go:84.3,84.47 1 0
github.com/xaosmaker/server/internal/jobs/handlers.go:84.47,86.53 1 0
github.com/xaosmaker/server/internal/jobs/handlers.go:86.53,90.5 2 0
github.com/xaosmaker/server/internal/jobs/handlers.go:92.3,92.21 1 0
github.com/xaosmaker/server/internal/jobs/handlers.go:94.2,98.16 2 0
github.com/xaosmaker/server/internal/jobs/handlers.go:98.16,101.3 2 0
github.com/xaosmaker/server/internal/jobs/handlers.go:103.2,104.16 2 0
github.com/xaosmaker/server/internal/jobs/handlers.go:104.16,107.3 2 0
github.com/xaosmaker/server/internal/jobs/handlers.go:108.2,108.32 1 0
github.com/xaosmaker/server/internal/jobs/handlers.go:108.32,111.3 2 0
github.com/xaosmaker/server/internal/jobs/handlers.go:112.2,112.52 1 0
github.com/xaosmaker/server/internal/jobs/handlers.go:112.52,115.3 2 0
github.com/xaosmaker/server/internal/jobs/handlers.go:117.2,124.16 2 0
github.com/xaosmaker/server/internal/jobs/handlers.go:124.16,127.3 2 0
github.com/xaosmaker/server/internal/jobs/handlers.go:128.2,128.17 1 0
github.com/xaosmaker/server/internal/jobs/handlers.go:128.17,129.45 1 0
github.com/xaosmaker/server/internal/jobs/handlers.go:129.45,135.18 2 0
github.com/xaosmaker/server/internal/jobs/handlers.go:135.18,138.5 2 0
github.com/xaosmaker/server/internal/jobs/handlers.go:142.2,143.16 2 0
github.com/xaosmaker/server/internal/jobs/handlers.go:143.16,146.3 2 0
github.com/xaosmaker/server/internal/jobs/handlers.go:148.2,149.16 2 0
github.com/xaosmaker/server/internal/jobs/handlers.go:152.73,154.20 2 0
github.com/xaosmaker/server/internal/jobs/handlers.go:154.20,157.3 2 0
github.com/xaosmaker/server/internal/jobs/handlers.go:158.2,159.20 2 0
github.com/xaosmaker/server/internal/jobs/handlers.go:159.20,162.3 2 0
github.com/xaosmaker/server/internal/jobs/handlers.go:163.2,163.108 1 0
github.com/xaosmaker/server/internal/jobs/handlers.go:163.108,166.3 2 0
github.com/xaosmaker/server/internal/jobs/handlers.go:168.2,168.69 1 0
github.com/xaosmaker/server/internal/jobs/handlers.go:168.69,172.3 2 0
github.com/xaosmaker/server/internal/jobs/handlers.go:174.2,175.16 2 0
github.com/xaosmaker/server/internal/jobs/handlers.go:175.16,178.3 2 0
github.com/xaosmaker/server/internal/jobs/handlers.go:180.2,181.27 2 0
github.com/xaosmaker/server/internal/jobs/handlers.go:181.27,183.3 1 0
github.com/xaosmaker/server/internal/jobs/handlers.go:185.2,186.16 2 0
github.com/xaosmaker/server/internal/jobs/handlers.go:186.16,189.3 2 0
github.com/xaosmaker/server/internal/jobs/handlers.go:190.2,191.15 2 0
github.com/xaosmaker/server/internal/jobs/handlers.go:194.76,198.20 2 0
github.com/xaosmaker/server/internal/jobs/handlers.go:198.20,201.3 2 0
github.com/xaosmaker/server/internal/jobs/handlers.go:203.2,204.20 2 0
github.com/xaosmaker/server/internal/jobs/handlers.go:204.20,207.3 2 0
github.com/xaosmaker/server/internal/jobs/handlers.go:209.2,210.20 2 0
github.com/xaosmaker/server/internal/jobs/handlers.go:210.20,213.3 2 0
github.com/xaosmaker/server/internal/jobs/handlers.go:215.2,219.16 2 0
github.com/xaosmaker/server/internal/jobs/handlers.go:219.16,221.3 1 0
github.com/xaosmaker/server/internal/jobs/handlers.go:222.2,228.16 2 0
github.com/xaosmaker/server/internal/jobs/handlers.go:228.16,231.3 2 0
github.com/xaosmaker/server/internal/jobs/handlers.go:232.2,235.16 3 0
github.com/xaosmaker/server/internal/jobs/handlers.go:235.16,238.3 2 0
github.com/xaosmaker/server/internal/jobs/handlers.go:239.2,240.15 2 0
github.com/xaosmaker/server/internal/jobs/jobsRouter.go:9.49,16.2 4 1
github.com/xaosmaker/server/internal/jobs/jobsRouter.go:18.45,29.2 5 1
github.com/xaosmaker/server/internal/jobs/jobs_dto.go:25.69,40.2 1 0
github.com/xaosmaker/server/internal/jobs/jobs_dto.go:42.62,56.2 1 0
github.com/xaosmaker/server/internal/middlewares/trail_slash_error_middleware.go:10.64,12.71 1 1
github.com/xaosmaker/server/internal/middlewares/trail_slash_error_middleware.go:12.71,13.41 1 1
github.com/xaosmaker/server/internal/middlewares/trail_slash_error_middleware.go:13.41,16.4 2 1
github.com/xaosmaker/server/internal/middlewares/trail_slash_error_middleware.go:18.3,18.23 1 1
github.com/xaosmaker/server/internal/seasons/handlers.go:16.85,18.20 2 0
github.com/xaosmaker/server/internal/seasons/handlers.go:18.20,20.3 1 0
github.com/xaosmaker/server/internal/seasons/handlers.go:21.2,22.16 2 0
github.com/xaosmaker/server/internal/seasons/handlers.go:22.16,24.3 1 0
github.com/xaosmaker/server/internal/seasons/handlers.go:25.2,26.28 2 0
github.com/xaosmaker/server/internal/seasons/handlers.go:26.28,28.3 1 0
github.com/xaosmaker/server/internal/seasons/handlers.go:29.2,31.15 3 0
github.com/xaosmaker/server/internal/seasons/handlers.go:34.78,44.20 3 0
github.com/xaosmaker/server/internal/seasons/handlers.go:44.20,47.3 2 0
github.com/xaosmaker/server/internal/seasons/handlers.go:49.2,50.20 2 0
github.com/xaosmaker/server/internal/seasons/handlers.go:50.20,53.3 2 0
github.com/xaosmaker/server/internal/seasons/handlers.go:55.2,56.72 2 0
github.com/xaosmaker/server/internal/seasons/handlers.go:56.72,59.3 2 0
github.com/xaosmaker/server/internal/seasons/handlers.go:60.2,60.108 1 0
github.com/xaosmaker/server/internal/seasons/handlers.go:60.108,63.3 2 0
github.com/xaosmaker/server/internal/seasons/handlers.go:65.2,66.16 2 0
github.com/xaosmaker/server/internal/seasons/handlers.go:66.16,69.3 2 0
github.com/xaosmaker/server/internal/seasons/handlers.go:74.2,74.35 1 0
github.com/xaosmaker/server/internal/seasons/handlers.go:74.35,77.91 2 0
github.com/xaosmaker/server/internal/seasons/handlers.go:77.91,78.52 1 0
github.com/xaosmaker/server/internal/seasons/handlers.go:78.52,82.5 2 0
github.com/xaosmaker/server/internal/seasons/handlers.go:84.3,85.57 2 0
github.com/xaosmaker/server/internal/seasons/handlers.go:85.57,89.4 2 0
github.com/xaosmaker/server/internal/seasons/handlers.go:92.2,92.32 1 0
github.com/xaosmaker/server/internal/seasons/handlers.go:92.32,95.3 2 0
github.com/xaosmaker/server/internal/seasons/handlers.go:99.2,99.36 1 0
github.com/xaosmaker/server/internal/seasons/handlers.go:99.36,102.46 3 0
github.com/xaosmaker/server/internal/seasons/handlers.go:102.46,105.4 2 0
github.com/xaosmaker/server/internal/seasons/handlers.go:106.3,107.36 2 0
github.com/xaosmaker/server/internal/seasons/handlers.go:107.36,110.4 1 0
github.com/xaosmaker/server/internal/seasons/handlers.go:111.3,111.42 1 0
github.com/xaosmaker/server/internal/seasons/handlers.go:111.42,115.4 2 0
github.com/xaosmaker/server/internal/seasons/handlers.go:118.2,118.36 1 0
github.com/xaosmaker/server/internal/seasons/handlers.go:118.36,120.53 2 0
github.com/xaosmaker/server/internal/seasons/handlers.go:120.53,122.95 2 0
github.com/xaosmaker/server/internal/seasons/handlers.go:122.95,125.5 2 0
github.com/xaosmaker/server/internal/seasons/handlers.go:129.2,137.20 2 0
github.com/xaosmaker/server/internal/seasons/handlers.go:141.78,143.20 2 0
github.com/xaosmaker/server/internal/seasons/handlers.go:143.20,146.3 2 0
github.com/xaosmaker/server/internal/seasons/handlers.go:147.2,148.20 2 0
github.com/xaosmaker/server/internal/seasons/handlers.go:148.20,151.3 2 0
github.com/xaosmaker/server/internal/seasons/handlers.go:153.2,153.108 1 0
github.com/xaosmaker/server/internal/seasons/handlers.go:153.108,156.3 2 0
github.com/xaosmaker/server/internal/seasons/handlers.go:157.2,157.88 1 0
github.com/xaosmaker/server/internal/seasons/handlers.go:157.88,161.3 2 0
github.com/xaosmaker/server/internal/seasons/handlers.go:163.2,164.16 2 0
github.com/xaosmaker/server/internal/seasons/handlers.go:164.16,167.3 2 0
github.com/xaosmaker/server/internal/seasons/handlers.go:168.2,168.20 1 0
github.com/xaosmaker/server/internal/seasons/handlers.go:172.82,174.20 2 0
github.com/xaosmaker/server/internal/seasons/handlers.go:174.20,177.3 2 0
github.com/xaosmaker/server/internal/seasons/handlers.go:179.2,180.20 2 0
github.com/xaosmaker/server/internal/seasons/handlers.go:180.20,183.3 2 0
github.com/xaosmaker/server/internal/seasons/handlers.go:185.2,187.16 2 0
github.com/xaosmaker/server/internal/seasons/handlers.go:187.16,190.3 2 0
github.com/xaosmaker/server/internal/seasons/handlers.go:192.2,196.16 2 0
github.com/xaosmaker/server/internal/seasons/handlers.go:196.16,199.3 2 0
github.com/xaosmaker/server/internal/seasons/handlers.go:200.2,202.15 3 0
github.com/xaosmaker/server/internal/seasons/handlers.go:205.78,213.72 3 0
github.com/xaosmaker/server/internal/seasons/handlers.go:213.72,217.3 2 0
github.com/xaosmaker/server/internal/seasons/handlers.go:218.2,219.20 2 0
github.com/xaosmaker/server/internal/seasons/handlers.go:219.20,222.3 2 0
github.com/xaosmaker/server/internal/seasons/handlers.go:224.2,226.20 3 0
github.com/xaosmaker/server/internal/seasons/handlers.go:226.20,229.3 2 0
github.com/xaosmaker/server/internal/seasons/handlers.go:231.2,231.83 1 0
github.com/xaosmaker/server/internal/seasons/handlers.go:231.83,233.57 2 0
github.com/xaosmaker/server/internal/seasons/handlers.go:233.57,237.4 2 0
github.com/xaosmaker/server/internal/seasons/handlers.go:240.2,244.16 2 0
github.com/xaosmaker/server/internal/seasons/handlers.go:244.16,247.3 2 0
github.com/xaosmaker/server/internal/seasons/handlers.go:248.2,248.106 1 0
github.com/xaosmaker/server/internal/seasons/handlers.go:248.106,251.3 2 0
github.com/xaosmaker/server/internal/seasons/handlers.go:252.2,259.16 2 0
github.com/xaosmaker/server/internal/seasons/handlers.go:259.16,261.3 1 0
github.com/xaosmaker/server/internal/seasons/handlers.go:262.2,262.20 1 0
github.com/xaosmaker/server/internal/seasons/handlers.go:266.79,268.20 2 0
github.com/xaosmaker/server/internal/seasons/handlers.go:268.20,271.3 2 0
github.com/xaosmaker/server/internal/seasons/handlers.go:272.2,273.20 2 0
github.com/xaosmaker/server/internal/seasons/handlers.go:273.20,276.3 2 0
github.com/xaosmaker/server/internal/seasons/handlers.go:277.2,281.16 2 0
github.com/xaosmaker/server/internal/seasons/handlers.go:281.16,284.3 2 0
github.com/xaosmaker/server/internal/seasons/handlers.go:285.2,287.33 3 0
github.com/xaosmaker/server/internal/seasons/handlers.go:287.33,290.3 1 0
github.com/xaosmaker/server/internal/seasons/handlers.go:291.2,292.16 2 0
github.com/xaosmaker/server/internal/seasons/handlers.go:292.16,294.3 1 0
github.com/xaosmaker/server/internal/seasons/handlers.go:295.2,296.25 2 0
github.com/xaosmaker/server/internal/seasons/season_dto.go:19.87,28.2 1 0
github.com/xaosmaker/server/internal/seasons/season_dto.go:47.84,64.2 1 0
github.com/xaosmaker/server/internal/seasons/season_dto.go:66.84,83.2 1 0
github.com/xaosmaker/server/internal/seasons/season_dto.go:85.87,102.2 1 0
github.com/xaosmaker/server/internal/seasons/season_statistics.go:10.84,12.20 2 0
github.com/xaosmaker/server/internal/seasons/season_statistics.go:12.20,15.3 2 0
github.com/xaosmaker/server/internal/seasons/season_statistics.go:16.2,17.20 2 0
github.com/xaosmaker/server/internal/seasons/season_statistics.go:17.20,20.3 2 0
github.com/xaosmaker/server/internal/seasons/season_statistics.go:21.2,21.98 1 0
github.com/xaosmaker/server/internal/seasons/season_statistics.go:21.98,24.3 2 0
github.com/xaosmaker/server/internal/seasons/season_statistics.go:25.2,26.16 2 0
github.com/xaosmaker/server/internal/seasons/season_statistics.go:26.16,29.3 2 0
github.com/xaosmaker/server/internal/seasons/season_statistics.go:30.2,31.26 2 0
github.com/xaosmaker/server/internal/seasons/season_statistics.go:31.26,32.28 1 0
github.com/xaosmaker/server/internal/seasons/season_statistics.go:32.28,34.4 1 0
github.com/xaosmaker/server/internal/seasons/season_statistics.go:35.3,35.53 1 0
github.com/xaosmaker/server/internal/seasons/season_statistics.go:37.2,38.16 2 0
github.com/xaosmaker/server/internal/seasons/season_statistics.go:38.16,41.3 2 0
github.com/xaosmaker/server/internal/seasons/season_statistics.go:42.2,43.18 2 0
github.com/xaosmaker/server/internal/seasons/seasons_router.go:9.58,17.2 5 1
github.com/xaosmaker/server/internal/seasons/seasons_router.go:19.48,32.2 8 1
github.com/xaosmaker/server/internal/supplies/handlers.go:12.79,14.20 2 0
github.com/xaosmaker/server/internal/supplies/handlers.go:14.20,17.3 2 0
github.com/xaosmaker/server/internal/supplies/handlers.go:18.2,19.20 2 0
github.com/xaosmaker/server/internal/supplies/handlers.go:19.20,22.3 2 0
github.com/xaosmaker/server/internal/supplies/handlers.go:24.2,31.64 3 0
github.com/xaosmaker/server/internal/supplies/handlers.go:31.64,34.3 2 0
github.com/xaosmaker/server/internal/supplies/handlers.go:35.2,38.17 1 0
github.com/xaosmaker/server/internal/supplies/handlers.go:38.17,41.3 2 0
github.com/xaosmaker/server/internal/supplies/handlers.go:42.2,49.16 2 0
github.com/xaosmaker/server/internal/supplies/handlers.go:49.16,52.3 2 0
github.com/xaosmaker/server/internal/supplies/handlers.go:53.2,53.20 1 0
github.com/xaosmaker/server/internal/supplies/handlers.go:57.79,59.20 2 0
github.com/xaosmaker/server/internal/supplies/handlers.go:59.20,62.3 2 0
github.com/xaosmaker/server/internal/supplies/handlers.go:64.2,71.56 3 0
github.com/xaosmaker/server/internal/supplies/handlers.go:71.56,74.3 2 0
github.com/xaosmaker/server/internal/supplies/handlers.go:75.2,82.16 2 0
github.com/xaosmaker/server/internal/supplies/handlers.go:82.16,83.45 1 0
github.com/xaosmaker/server/internal/supplies/handlers.go:83.45,86.4 2 0
github.com/xaosmaker/server/internal/supplies/handlers.go:87.3,88.9 2 0
github.com/xaosmaker/server/internal/supplies/handlers.go:90.2,91.16 2 0
github.com/xaosmaker/server/internal/supplies/handlers.go:91.16,94.3 2 0
github.com/xaosmaker/server/internal/supplies/handlers.go:95.2,96.15 2 0
github.com/xaosmaker/server/internal/supplies/handlers.go:99.83,102.20 2 0
github.com/xaosmaker/server/internal/supplies/handlers.go:102.20,105.3 2 0
github.com/xaosmaker/server/internal/supplies/handlers.go:107.2,108.20 2 0
github.com/xaosmaker/server/internal/supplies/handlers.go:108.20,111.3 2 0
github.com/xaosmaker/server/internal/supplies/handlers.go:113.2,119.16 3 0
github.com/xaosmaker/server/internal/supplies/handlers.go:119.16,122.3 2 0
github.com/xaosmaker/server/internal/supplies/handlers.go:124.2,125.27 2 0
github.com/xaosmaker/server/internal/supplies/handlers.go:129.81,132.20 2 0
github.com/xaosmaker/server/internal/supplies/handlers.go:132.20,135.3 2 0
github.com/xaosmaker/server/internal/supplies/handlers.go:137.2,138.16 2 0
github.com/xaosmaker/server/internal/supplies/handlers.go:138.16,142.3 2 0
github.com/xaosmaker/server/internal/supplies/handlers.go:144.2,145.34 2 0
github.com/xaosmaker/server/internal/supplies/handlers.go:145.34,147.3 1 0
github.com/xaosmaker/server/internal/supplies/handlers.go:149.2,150.16 2 0
github.com/xaosmaker/server/internal/supplies/handlers.go:150.16,153.3 2 0
github.com/xaosmaker/server/internal/supplies/handlers.go:155.2,156.34 2 0
github.com/xaosmaker/server/internal/supplies/handlers.go:159.79,161.20 2 0
github.com/xaosmaker/server/internal/supplies/handlers.go:161.20,164.3 2 0
github.com/xaosmaker/server/internal/supplies/handlers.go:166.2,167.20 2 0
github.com/xaosmaker/server/internal/supplies/handlers.go:167.20,170.3 2 0
github.com/xaosmaker/server/internal/supplies/handlers.go:172.2,176.16 2 0
github.com/xaosmaker/server/internal/supplies/handlers.go:176.16,179.3 2 0
github.com/xaosmaker/server/internal/supplies/handlers.go:181.2,181.20 1 0
github.com/xaosmaker/server/internal/supplies/supplies_dto.go:19.51,30.2 1 0
github.com/xaosmaker/server/internal/supplies/supplies_router.go:9.50,15.2 5 1
github.com/xaosmaker/server/internal/supplies/supplies_router.go:17.49,25.2 6 1
github.com/xaosmaker/server/internal/user_settings/handlers.go:11.82,15.16 3 0
github.com/xaosmaker/server/internal/user_settings/handlers.go:15.16,18.3 2 0
github.com/xaosmaker/server/internal/user_settings/handlers.go:19.2,20.16 2 0
github.com/xaosmaker/server/internal/user_settings/handlers.go:20.16,22.3 1 0
github.com/xaosmaker/server/internal/user_settings/handlers.go:23.2,24.26 2 0
github.com/xaosmaker/server/internal/user_settings/handlers.go:28.85,35.58 4 1
github.com/xaosmaker/server/internal/user_settings/handlers.go:35.58,38.3 2 0
github.com/xaosmaker/server/internal/user_settings/handlers.go:40.2,44.16 2 1
github.com/xaosmaker/server/internal/user_settings/handlers.go:44.16,46.3 1 0
github.com/xaosmaker/server/internal/user_settings/handlers.go:47.2,47.20 1 1
github.com/xaosmaker/server/internal/user_settings/settings_dto.go:17.56,26.2 1 0
github.com/xaosmaker/server/internal/user_settings/user_settings_router.go:9.54,18.2 5 1
github.com/xaosmaker/server/internal/utils/mail.go:10.34,17.16 6 0
github.com/xaosmaker/server/internal/utils/mail.go:17.16,19.3 1 0
github.com/xaosmaker/server/internal/utils/mail.go:21.2,22.10 2 0
github.com/xaosmaker/server/internal/utils/mail.go:25.77,35.2 7 0
github.com/xaosmaker/server/internal/utils/str_time_conv.go:5.53,13.14 1 0
github.com/xaosmaker/server/internal/utils/str_time_conv.go:13.14,15.3 1 0
github.com/xaosmaker/server/internal/utils/str_time_conv.go:17.2,18.16 2 0
github.com/xaosmaker/server/internal/utils/str_time_conv.go:18.16,20.3 1 0
github.com/xaosmaker/server/internal/utils/str_time_conv.go:21.2,21.11 1 0
github.com/xaosmaker/server/internal/utils/to_pointer.go:3.27,5.2 1 0
